<?xml version="1.0" encoding="UTF-8"?>
<robot generator="Robot 7.0 (Python 3.11.3 on win32)" generated="2024-04-04T10:26:08.768625" rpa="false" schemaversion="5">
<suite id="s1" name="Tests" source="C:\QAx\projects\mark85-robot-express\tests">
<suite id="s1-s1" name="Login" source="C:\QAx\projects\mark85-robot-express\tests\login.robot">
<test id="s1-s1-t1" name="Deve poder logar com um usuário pré-cadastrato" line="11">
<kw name="Start Session" owner="base" type="SETUP">
<kw name="New Browser" owner="Browser">
<msg time="2024-04-04T10:26:11.917540" level="INFO">{"browser": "chromium", "headless": false, "chromiumSandbox": false, "devtools": false, "handleSIGHUP": true, "handleSIGINT": true, "handleSIGTERM": true, "slowMo": 0.0, "timeout": 30000.0, "tracesDir": "C:\\QAx\\projects\\mark85-robot-express\\logs\\browser\\traces\\2fe8de98-50e6-4a00-afac-bdf60ada2042"}</msg>
<msg time="2024-04-04T10:26:14.003476" level="INFO">Successfully created browser with options: {"browser":"chromium","headless":false,"chromiumSandbox":false,"devtools":false,"handleSIGHUP":true,"handleSIGINT":true,"handleSIGTERM":true,"slowMo":0,"timeout":30000,"tracesDir":"C:\\QAx\\projects\\mark85-robot-express\\logs\\browser\\traces\\2fe8de98-50e6-4a00-afac-bdf60ada2042"}</msg>
<arg>browser=${BROWSER}</arg>
<arg>headless=False</arg>
<tag>BrowserControl</tag>
<tag>Setter</tag>
<doc>Create a new playwright Browser with specified options.</doc>
<status status="PASS" start="2024-04-04T10:26:11.917043" elapsed="2.086433"/>
</kw>
<kw name="New Page" owner="Browser">
<msg time="2024-04-04T10:26:16.557480" level="INFO">Successfully initialized new page object and opened url: http://localhost:3000</msg>
<msg time="2024-04-04T10:26:16.557480" level="INFO">No context was open. New context was automatically opened when this page is created.</msg>
<arg>${URL_BASE}</arg>
<tag>BrowserControl</tag>
<tag>Setter</tag>
<doc>Open a new Page.</doc>
<status status="PASS" start="2024-04-04T10:26:14.003972" elapsed="2.553796"/>
</kw>
<status status="PASS" start="2024-04-04T10:26:11.915447" elapsed="4.642817"/>
</kw>
<kw name="Create Dictionary" owner="BuiltIn">
<msg time="2024-04-04T10:26:16.582826" level="INFO">${user} = {'name': 'Marcelo Oliveira', 'email': 'marcelo_creative@yahoo.com.br', 'password': '123456'}</msg>
<var>${user}</var>
<arg>name=Marcelo Oliveira</arg>
<arg>email=marcelo_creative@yahoo.com.br</arg>
<arg>password=123456</arg>
<doc>Creates and returns a dictionary based on the given ``items``.</doc>
<status status="PASS" start="2024-04-04T10:26:16.582826" elapsed="0.000000"/>
</kw>
<kw name="Remove user from database" owner="databse">
<msg time="2024-04-04T10:26:17.015072" level="INFO">Removing user by marcelo_creative@yahoo.com.br</msg>
<arg>${user}[email]</arg>
<status status="PASS" start="2024-04-04T10:26:16.586001" elapsed="0.429567"/>
</kw>
<kw name="Insert user from database" owner="databse">
<msg time="2024-04-04T10:26:17.117807" level="INFO">{'name': 'Marcelo Oliveira', 'email': 'marcelo_creative@yahoo.com.br', 'password': b'$2b$08$gH8XLYgMgzp7Rsa9CAixbu7cKKrUGZtsnnBo.xA1mRbNSv2UjBjwq', '_id': ObjectId('660eaa7941e2ec2a6883460b')}</msg>
<arg>${user}</arg>
<status status="PASS" start="2024-04-04T10:26:17.024478" elapsed="0.093329"/>
</kw>
<kw name="Submit login form" owner="LoginPage">
<kw name="Fill Text" owner="Browser">
<msg time="2024-04-04T10:26:17.119756" level="INFO">Fills the text 'marcelo_creative@yahoo.com.br' in the given field.</msg>
<arg>css=input[placeholder="E-mail"]</arg>
<arg>${user}[email]</arg>
<tag>PageContent</tag>
<tag>Setter</tag>
<doc>Clears and fills the given ``txt`` into the text field found by ``selector``.</doc>
<status status="PASS" start="2024-04-04T10:26:17.119756" elapsed="0.098062"/>
</kw>
<kw name="Fill Text" owner="Browser">
<msg time="2024-04-04T10:26:17.219808" level="INFO">Fills the text '123456' in the given field.</msg>
<arg>css=input[placeholder=Senha]</arg>
<arg>${user}[password]</arg>
<tag>PageContent</tag>
<tag>Setter</tag>
<doc>Clears and fills the given ``txt`` into the text field found by ``selector``.</doc>
<status status="PASS" start="2024-04-04T10:26:17.218811" elapsed="0.043183"/>
</kw>
<kw name="Click" owner="Browser">
<arg>css=button &gt;&gt; text=Entrar</arg>
<tag>PageContent</tag>
<tag>Setter</tag>
<doc>Simulates mouse click on the element found by ``selector``.</doc>
<status status="PASS" start="2024-04-04T10:26:17.263557" elapsed="0.117494"/>
</kw>
<arg>${user}</arg>
<status status="PASS" start="2024-04-04T10:26:17.119756" elapsed="0.261916"/>
</kw>
<kw name="User should be logged in" owner="Header">
<kw name="Split String" owner="String">
<msg time="2024-04-04T10:26:17.390068" level="INFO">@{splited_name} = [ Marcelo | Oliveira ]</msg>
<var>@{splited_name}</var>
<arg>${name}</arg>
<doc>Splits the ``string`` using ``separator`` as a delimiter string.</doc>
<status status="PASS" start="2024-04-04T10:26:17.389635" elapsed="0.000433"/>
</kw>
<kw name="Set Variable" owner="BuiltIn">
<msg time="2024-04-04T10:26:17.390565" level="INFO">${element} = css=header .right small</msg>
<var>${element}</var>
<arg>css=header .right small</arg>
<doc>Returns the given values which can then be assigned to a variables.</doc>
<status status="PASS" start="2024-04-04T10:26:17.390565" elapsed="0.000000"/>
</kw>
<kw name="Wait For Elements State" owner="Browser">
<msg time="2024-04-04T10:26:17.548967" level="INFO">Waited for Element with selector css=header .right small at state visible</msg>
<arg>${element}</arg>
<arg>visible</arg>
<arg>5</arg>
<tag>PageContent</tag>
<tag>Wait</tag>
<doc>Waits for the element found by ``selector`` to satisfy state option.</doc>
<status status="PASS" start="2024-04-04T10:26:17.391572" elapsed="0.157891"/>
</kw>
<kw name="Get Text" owner="Browser">
<msg time="2024-04-04T10:26:17.610703" level="INFO">Text: 'Olá, Marcelo'</msg>
<arg>${element}</arg>
<arg>equal</arg>
<arg>Olá, ${splited_name}[0]</arg>
<tag>Assertion</tag>
<tag>Getter</tag>
<tag>PageContent</tag>
<doc>Returns text attribute of the element found by ``selector``.</doc>
<status status="PASS" start="2024-04-04T10:26:17.549959" elapsed="0.060744"/>
</kw>
<arg>${user}[name]</arg>
<status status="PASS" start="2024-04-04T10:26:17.384560" elapsed="0.226640"/>
</kw>
<kw name="Take Screenshot" owner="Browser" type="TEARDOWN">
<msg time="2024-04-04T10:26:17.992498" level="INFO" html="true">&lt;/td&gt;&lt;/tr&gt;&lt;tr&gt;&lt;td colspan="3"&gt;&lt;a href="browser/screenshot/robotframework-browser-screenshot-1.png" target="_blank"&gt;&lt;img src="browser/screenshot/robotframework-browser-screenshot-1.png" width="800px"/&gt;&lt;/a&gt;</msg>
<tag>PageContent</tag>
<doc>Takes a screenshot of the current window or element and saves it to disk.</doc>
<status status="PASS" start="2024-04-04T10:26:17.630893" elapsed="0.361605"/>
</kw>
<status status="PASS" start="2024-04-04T10:26:11.908008" elapsed="6.085486"/>
</test>
<test id="s1-s1-t2" name="Não deve logar com senha inválida" line="23">
<kw name="Start Session" owner="base" type="SETUP">
<kw name="New Browser" owner="Browser">
<msg time="2024-04-04T10:26:18.101141" level="INFO">Switching browser to browser=89617d96-e64f-43e6-a761-bfd7a92c7d00</msg>
<msg time="2024-04-04T10:26:18.104623" level="INFO">Successfully changed active browser: browser=89617d96-e64f-43e6-a761-bfd7a92c7d00</msg>
<msg time="2024-04-04T10:26:18.104623" level="INFO">Reusing existing browser with id: browser=89617d96-e64f-43e6-a761-bfd7a92c7d00</msg>
<arg>browser=${BROWSER}</arg>
<arg>headless=False</arg>
<tag>BrowserControl</tag>
<tag>Setter</tag>
<doc>Create a new playwright Browser with specified options.</doc>
<status status="PASS" start="2024-04-04T10:26:18.099153" elapsed="0.005470"/>
</kw>
<kw name="New Page" owner="Browser">
<msg time="2024-04-04T10:26:19.537552" level="INFO">Successfully initialized new page object and opened url: http://localhost:3000</msg>
<msg time="2024-04-04T10:26:19.537552" level="INFO">No context was open. New context was automatically opened when this page is created.</msg>
<arg>${URL_BASE}</arg>
<tag>BrowserControl</tag>
<tag>Setter</tag>
<doc>Open a new Page.</doc>
<status status="PASS" start="2024-04-04T10:26:18.105119" elapsed="1.432433"/>
</kw>
<status status="PASS" start="2024-04-04T10:26:18.097665" elapsed="1.440420"/>
</kw>
<kw name="Create Dictionary" owner="BuiltIn">
<msg time="2024-04-04T10:26:19.542490" level="INFO">${user} = {'name': 'Gaspar Kundera', 'email': 'gkundera@gmail.com', 'password': 'g12345'}</msg>
<var>${user}</var>
<arg>name=Gaspar Kundera</arg>
<arg>email=gkundera@gmail.com</arg>
<arg>password=g12345</arg>
<doc>Creates and returns a dictionary based on the given ``items``.</doc>
<status status="PASS" start="2024-04-04T10:26:19.541495" elapsed="0.000995"/>
</kw>
<kw name="Remove user from database" owner="databse">
<msg time="2024-04-04T10:26:19.623629" level="INFO">Removing user by gkundera@gmail.com</msg>
<arg>${user}[email]</arg>
<status status="PASS" start="2024-04-04T10:26:19.554201" elapsed="0.069824"/>
</kw>
<kw name="Insert user from database" owner="databse">
<msg time="2024-04-04T10:26:19.726554" level="INFO">{'name': 'Gaspar Kundera', 'email': 'gkundera@gmail.com', 'password': b'$2b$08$8W2YD0M.wypLeWoJnngZvuCbvff7m6a80Ph4LkWIDCsFbFuLfhqEa', '_id': ObjectId('660eaa7b41e2ec2a6883460c')}</msg>
<arg>${user}</arg>
<status status="PASS" start="2024-04-04T10:26:19.628175" elapsed="0.098379"/>
</kw>
<kw name="Set To Dictionary" owner="Collections">
<arg>${user}</arg>
<arg>password=g12346</arg>
<doc>Adds the given ``key_value_pairs`` and/or ``items`` to the ``dictionary``.</doc>
<status status="PASS" start="2024-04-04T10:26:19.729581" elapsed="0.000000"/>
</kw>
<kw name="Submit login form" owner="LoginPage">
<kw name="Fill Text" owner="Browser">
<msg time="2024-04-04T10:26:19.739915" level="INFO">Fills the text 'gkundera@gmail.com' in the given field.</msg>
<arg>css=input[placeholder="E-mail"]</arg>
<arg>${user}[email]</arg>
<tag>PageContent</tag>
<tag>Setter</tag>
<doc>Clears and fills the given ``txt`` into the text field found by ``selector``.</doc>
<status status="PASS" start="2024-04-04T10:26:19.739093" elapsed="0.107561"/>
</kw>
<kw name="Fill Text" owner="Browser">
<msg time="2024-04-04T10:26:19.846654" level="INFO">Fills the text 'g12346' in the given field.</msg>
<arg>css=input[placeholder=Senha]</arg>
<arg>${user}[password]</arg>
<tag>PageContent</tag>
<tag>Setter</tag>
<doc>Clears and fills the given ``txt`` into the text field found by ``selector``.</doc>
<status status="PASS" start="2024-04-04T10:26:19.846654" elapsed="0.048576"/>
</kw>
<kw name="Click" owner="Browser">
<arg>css=button &gt;&gt; text=Entrar</arg>
<tag>PageContent</tag>
<tag>Setter</tag>
<doc>Simulates mouse click on the element found by ``selector``.</doc>
<status status="PASS" start="2024-04-04T10:26:19.895463" elapsed="0.115633"/>
</kw>
<arg>${user}</arg>
<status status="PASS" start="2024-04-04T10:26:19.734571" elapsed="0.276525"/>
</kw>
<kw name="Notice should be" owner="Notice">
<kw name="Set Variable" owner="BuiltIn">
<msg time="2024-04-04T10:26:20.026712" level="INFO">${element} = css=.notice p</msg>
<var>${element}</var>
<arg>css=.notice p</arg>
<doc>Returns the given values which can then be assigned to a variables.</doc>
<status status="PASS" start="2024-04-04T10:26:20.026712" elapsed="0.000000"/>
</kw>
<kw name="Wait For Elements State" owner="Browser">
<msg time="2024-04-04T10:26:20.149096" level="INFO">Waited for Element with selector css=.notice p at state visible</msg>
<arg>${element}</arg>
<arg>visible</arg>
<arg>5</arg>
<tag>PageContent</tag>
<tag>Wait</tag>
<doc>Waits for the element found by ``selector`` to satisfy state option.</doc>
<status status="PASS" start="2024-04-04T10:26:20.026712" elapsed="0.122384"/>
</kw>
<kw name="Get Text" owner="Browser">
<msg time="2024-04-04T10:26:20.199632" level="INFO">Text: 'Ocorreu um erro ao fazer login, verifique suas credenciais.'</msg>
<arg>${element}</arg>
<arg>equal</arg>
<arg>${expected_text}</arg>
<tag>Assertion</tag>
<tag>Getter</tag>
<tag>PageContent</tag>
<doc>Returns text attribute of the element found by ``selector``.</doc>
<status status="PASS" start="2024-04-04T10:26:20.149593" elapsed="0.050039"/>
</kw>
<arg>Ocorreu um erro ao fazer login, verifique suas credenciais.</arg>
<status status="PASS" start="2024-04-04T10:26:20.026712" elapsed="0.172920"/>
</kw>
<kw name="Take Screenshot" owner="Browser" type="TEARDOWN">
<msg time="2024-04-04T10:26:20.651815" level="INFO" html="true">&lt;/td&gt;&lt;/tr&gt;&lt;tr&gt;&lt;td colspan="3"&gt;&lt;a href="browser/screenshot/robotframework-browser-screenshot-2.png" target="_blank"&gt;&lt;img src="browser/screenshot/robotframework-browser-screenshot-2.png" width="800px"/&gt;&lt;/a&gt;</msg>
<tag>PageContent</tag>
<doc>Takes a screenshot of the current window or element and saves it to disk.</doc>
<status status="PASS" start="2024-04-04T10:26:20.219378" elapsed="0.433446"/>
</kw>
<status status="PASS" start="2024-04-04T10:26:18.092116" elapsed="2.561699"/>
</test>
<doc>Cenários de autenticação do usuário</doc>
<status status="PASS" start="2024-04-04T10:26:08.810720" elapsed="11.997627"/>
</suite>
<suite id="s1-s2" name="Online" source="C:\QAx\projects\mark85-robot-express\tests\online.robot">
<test id="s1-s2-t1" name="Webapp deve estar Online" line="8">
<kw name="Start Session" owner="base">
<kw name="New Browser" owner="Browser">
<msg time="2024-04-04T10:26:20.924460" level="INFO">Switching browser to browser=89617d96-e64f-43e6-a761-bfd7a92c7d00</msg>
<msg time="2024-04-04T10:26:20.929551" level="INFO">Successfully changed active browser: browser=89617d96-e64f-43e6-a761-bfd7a92c7d00</msg>
<msg time="2024-04-04T10:26:20.929551" level="INFO">Reusing existing browser with id: browser=89617d96-e64f-43e6-a761-bfd7a92c7d00</msg>
<arg>browser=${BROWSER}</arg>
<arg>headless=False</arg>
<tag>BrowserControl</tag>
<tag>Setter</tag>
<doc>Create a new playwright Browser with specified options.</doc>
<status status="PASS" start="2024-04-04T10:26:20.923964" elapsed="0.005587"/>
</kw>
<kw name="New Page" owner="Browser">
<msg time="2024-04-04T10:26:23.230173" level="INFO">Successfully initialized new page object and opened url: http://localhost:3000</msg>
<msg time="2024-04-04T10:26:23.230173" level="INFO">No context was open. New context was automatically opened when this page is created.</msg>
<arg>${URL_BASE}</arg>
<tag>BrowserControl</tag>
<tag>Setter</tag>
<doc>Open a new Page.</doc>
<status status="PASS" start="2024-04-04T10:26:20.930047" elapsed="2.300126"/>
</kw>
<status status="PASS" start="2024-04-04T10:26:20.923273" elapsed="2.307903"/>
</kw>
<kw name="Get Title" owner="Browser">
<msg time="2024-04-04T10:26:23.267434" level="INFO">Title: 'Mark85 by QAx'</msg>
<arg>equal</arg>
<arg>Mark85 by QAx</arg>
<tag>Assertion</tag>
<tag>Getter</tag>
<tag>PageContent</tag>
<doc>Returns the title of the current page.</doc>
<status status="PASS" start="2024-04-04T10:26:23.254259" elapsed="0.013718"/>
</kw>
<status status="PASS" start="2024-04-04T10:26:20.918050" elapsed="2.361240"/>
</test>
<doc>Online</doc>
<status status="PASS" start="2024-04-04T10:26:20.850920" elapsed="2.610395"/>
</suite>
<suite id="s1-s3" name="Signup" source="C:\QAx\projects\mark85-robot-express\tests\signup.robot">
<test id="s1-s3-t1" name="Deve poder cadastrar novo usuário" line="10">
<kw name="Start Session" owner="base" type="SETUP">
<kw name="New Browser" owner="Browser">
<msg time="2024-04-04T10:26:23.577980" level="INFO">Switching browser to browser=89617d96-e64f-43e6-a761-bfd7a92c7d00</msg>
<msg time="2024-04-04T10:26:23.582923" level="INFO">Successfully changed active browser: browser=89617d96-e64f-43e6-a761-bfd7a92c7d00</msg>
<msg time="2024-04-04T10:26:23.582923" level="INFO">Reusing existing browser with id: browser=89617d96-e64f-43e6-a761-bfd7a92c7d00</msg>
<arg>browser=${BROWSER}</arg>
<arg>headless=False</arg>
<tag>BrowserControl</tag>
<tag>Setter</tag>
<doc>Create a new playwright Browser with specified options.</doc>
<status status="PASS" start="2024-04-04T10:26:23.576724" elapsed="0.006199"/>
</kw>
<kw name="New Page" owner="Browser">
<msg time="2024-04-04T10:26:25.370010" level="INFO">Successfully initialized new page object and opened url: http://localhost:3000</msg>
<msg time="2024-04-04T10:26:25.370010" level="INFO">No context was open. New context was automatically opened when this page is created.</msg>
<arg>${URL_BASE}</arg>
<tag>BrowserControl</tag>
<tag>Setter</tag>
<doc>Open a new Page.</doc>
<status status="PASS" start="2024-04-04T10:26:23.584172" elapsed="1.786837"/>
</kw>
<status status="PASS" start="2024-04-04T10:26:23.576724" elapsed="1.794285"/>
</kw>
<kw name="Create Dictionary" owner="BuiltIn">
<msg time="2024-04-04T10:26:25.371009" level="INFO">${user} = {'name': 'Marcelo de Oliveira', 'email': 'marcelo@gmail.com', 'password': '123456'}</msg>
<var>${user}</var>
<arg>name=Marcelo de Oliveira</arg>
<arg>email=marcelo@gmail.com</arg>
<arg>password=123456</arg>
<doc>Creates and returns a dictionary based on the given ``items``.</doc>
<status status="PASS" start="2024-04-04T10:26:25.371009" elapsed="0.000997"/>
</kw>
<kw name="Remove user from database" owner="databse">
<msg time="2024-04-04T10:26:25.435818" level="INFO">Removing user by marcelo@gmail.com</msg>
<arg>${user}[email]</arg>
<status status="PASS" start="2024-04-04T10:26:25.372555" elapsed="0.063263"/>
</kw>
<kw name="Go to signup page" owner="SignupPage">
<kw name="Go To" owner="Browser">
<msg time="2024-04-04T10:26:25.579673" level="INFO">Successfully opened URL http://localhost:3000/signup</msg>
<arg>${URL_BASE}/signup</arg>
<tag>BrowserControl</tag>
<tag>Setter</tag>
<doc>Navigates to the given ``url``.</doc>
<status status="PASS" start="2024-04-04T10:26:25.436820" elapsed="0.142853"/>
</kw>
<kw name="Wait For Elements State" owner="Browser">
<msg time="2024-04-04T10:26:25.650950" level="INFO">Waited for Element with selector css=h1 at state visible</msg>
<arg>css=h1</arg>
<arg>visible</arg>
<arg>5</arg>
<tag>PageContent</tag>
<tag>Wait</tag>
<doc>Waits for the element found by ``selector`` to satisfy state option.</doc>
<status status="PASS" start="2024-04-04T10:26:25.580157" elapsed="0.071305"/>
</kw>
<kw name="Get Text" owner="Browser">
<msg time="2024-04-04T10:26:25.705687" level="INFO">Text: 'Faça seu cadastro'</msg>
<arg>css=h1</arg>
<arg>equal</arg>
<arg>Faça seu cadastro</arg>
<tag>Assertion</tag>
<tag>Getter</tag>
<tag>PageContent</tag>
<doc>Returns text attribute of the element found by ``selector``.</doc>
<status status="PASS" start="2024-04-04T10:26:25.651942" elapsed="0.054022"/>
</kw>
<status status="PASS" start="2024-04-04T10:26:25.436820" elapsed="0.269641"/>
</kw>
<kw name="Submit signup form" owner="SignupPage">
<kw name="Fill Text" owner="Browser">
<msg time="2024-04-04T10:26:25.717721" level="INFO">Fills the text 'Marcelo de Oliveira' in the given field.</msg>
<arg>css=input[name=name]</arg>
<arg>${user}[name]</arg>
<tag>PageContent</tag>
<tag>Setter</tag>
<doc>Clears and fills the given ``txt`` into the text field found by ``selector``.</doc>
<status status="PASS" start="2024-04-04T10:26:25.717721" elapsed="0.056490"/>
</kw>
<kw name="Fill Text" owner="Browser">
<msg time="2024-04-04T10:26:25.775965" level="INFO">Fills the text 'marcelo@gmail.com' in the given field.</msg>
<arg>css=input[name=email]</arg>
<arg>${user}[email]</arg>
<tag>PageContent</tag>
<tag>Setter</tag>
<doc>Clears and fills the given ``txt`` into the text field found by ``selector``.</doc>
<status status="PASS" start="2024-04-04T10:26:25.774703" elapsed="0.043850"/>
</kw>
<kw name="Fill Text" owner="Browser">
<msg time="2024-04-04T10:26:25.820327" level="INFO">Fills the text '123456' in the given field.</msg>
<arg>css=input[name=password]</arg>
<arg>${user}[password]</arg>
<tag>PageContent</tag>
<tag>Setter</tag>
<doc>Clears and fills the given ``txt`` into the text field found by ``selector``.</doc>
<status status="PASS" start="2024-04-04T10:26:25.819155" elapsed="0.046365"/>
</kw>
<kw name="Click" owner="Browser">
<arg>css=button[type=submit] &gt;&gt; text=Cadastrar</arg>
<tag>PageContent</tag>
<tag>Setter</tag>
<doc>Simulates mouse click on the element found by ``selector``.</doc>
<status status="PASS" start="2024-04-04T10:26:25.865520" elapsed="0.112704"/>
</kw>
<arg>${user}</arg>
<status status="PASS" start="2024-04-04T10:26:25.717721" elapsed="0.261000"/>
</kw>
<kw name="Notice should be" owner="Notice">
<kw name="Set Variable" owner="BuiltIn">
<msg time="2024-04-04T10:26:25.980810" level="INFO">${element} = css=.notice p</msg>
<var>${element}</var>
<arg>css=.notice p</arg>
<doc>Returns the given values which can then be assigned to a variables.</doc>
<status status="PASS" start="2024-04-04T10:26:25.980312" elapsed="0.000498"/>
</kw>
<kw name="Wait For Elements State" owner="Browser">
<msg time="2024-04-04T10:26:26.209329" level="INFO">Waited for Element with selector css=.notice p at state visible</msg>
<arg>${element}</arg>
<arg>visible</arg>
<arg>5</arg>
<tag>PageContent</tag>
<tag>Wait</tag>
<doc>Waits for the element found by ``selector`` to satisfy state option.</doc>
<status status="PASS" start="2024-04-04T10:26:25.980810" elapsed="0.228519"/>
</kw>
<kw name="Get Text" owner="Browser">
<msg time="2024-04-04T10:26:26.226114" level="INFO">Text: 'Boas vindas ao Mark85, o seu gerenciador de tarefas.'</msg>
<arg>${element}</arg>
<arg>equal</arg>
<arg>${expected_text}</arg>
<tag>Assertion</tag>
<tag>Getter</tag>
<tag>PageContent</tag>
<doc>Returns text attribute of the element found by ``selector``.</doc>
<status status="PASS" start="2024-04-04T10:26:26.209329" elapsed="0.016785"/>
</kw>
<arg>Boas vindas ao Mark85, o seu gerenciador de tarefas.</arg>
<status status="PASS" start="2024-04-04T10:26:25.978721" elapsed="0.247393"/>
</kw>
<kw name="Take Screenshot" owner="Browser" type="TEARDOWN">
<msg time="2024-04-04T10:26:26.556107" level="INFO" html="true">&lt;/td&gt;&lt;/tr&gt;&lt;tr&gt;&lt;td colspan="3"&gt;&lt;a href="browser/screenshot/robotframework-browser-screenshot-3.png" target="_blank"&gt;&lt;img src="browser/screenshot/robotframework-browser-screenshot-3.png" width="800px"/&gt;&lt;/a&gt;</msg>
<tag>PageContent</tag>
<doc>Takes a screenshot of the current window or element and saves it to disk.</doc>
<status status="PASS" start="2024-04-04T10:26:26.226114" elapsed="0.329993"/>
</kw>
<status status="PASS" start="2024-04-04T10:26:23.569585" elapsed="2.986522"/>
</test>
<test id="s1-s3-t2" name="Não deve permitir cadastro de email duplicado" line="23">
<kw name="Start Session" owner="base" type="SETUP">
<kw name="New Browser" owner="Browser">
<msg time="2024-04-04T10:26:26.688054" level="INFO">Switching browser to browser=89617d96-e64f-43e6-a761-bfd7a92c7d00</msg>
<msg time="2024-04-04T10:26:26.692673" level="INFO">Successfully changed active browser: browser=89617d96-e64f-43e6-a761-bfd7a92c7d00</msg>
<msg time="2024-04-04T10:26:26.692673" level="INFO">Reusing existing browser with id: browser=89617d96-e64f-43e6-a761-bfd7a92c7d00</msg>
<arg>browser=${BROWSER}</arg>
<arg>headless=False</arg>
<tag>BrowserControl</tag>
<tag>Setter</tag>
<doc>Create a new playwright Browser with specified options.</doc>
<status status="PASS" start="2024-04-04T10:26:26.687009" elapsed="0.005664"/>
</kw>
<kw name="New Page" owner="Browser">
<msg time="2024-04-04T10:26:28.642147" level="INFO">Successfully initialized new page object and opened url: http://localhost:3000</msg>
<msg time="2024-04-04T10:26:28.642643" level="INFO">No context was open. New context was automatically opened when this page is created.</msg>
<arg>${URL_BASE}</arg>
<tag>BrowserControl</tag>
<tag>Setter</tag>
<doc>Open a new Page.</doc>
<status status="PASS" start="2024-04-04T10:26:26.693168" elapsed="1.949475"/>
</kw>
<status status="PASS" start="2024-04-04T10:26:26.686514" elapsed="1.956129"/>
</kw>
<kw name="Create Dictionary" owner="BuiltIn">
<msg time="2024-04-04T10:26:28.645638" level="INFO">${user} = {'name': 'Oliveira Marcelo', 'email': 'oliveira@yahoo.com', 'password': '654321'}</msg>
<var>${user}</var>
<arg>name=Oliveira Marcelo</arg>
<arg>email=oliveira@yahoo.com</arg>
<arg>password=654321</arg>
<doc>Creates and returns a dictionary based on the given ``items``.</doc>
<status status="PASS" start="2024-04-04T10:26:28.645638" elapsed="0.000997"/>
</kw>
<kw name="Remove user from database" owner="databse">
<msg time="2024-04-04T10:26:28.722954" level="INFO">Removing user by oliveira@yahoo.com</msg>
<arg>${user}[email]</arg>
<status status="PASS" start="2024-04-04T10:26:28.648219" elapsed="0.074735"/>
</kw>
<kw name="Insert user from database" owner="databse">
<msg time="2024-04-04T10:26:28.819921" level="INFO">{'name': 'Oliveira Marcelo', 'email': 'oliveira@yahoo.com', 'password': b'$2b$08$lJOFcM4TKgQwZPcytPJX2.hgordpTspsGVhOZxJ7DJvtKW6hHWgD.', '_id': ObjectId('660eaa8441e2ec2a6883460d')}</msg>
<arg>${user}</arg>
<status status="PASS" start="2024-04-04T10:26:28.724443" elapsed="0.095478"/>
</kw>
<kw name="Go to signup page" owner="SignupPage">
<kw name="Go To" owner="Browser">
<msg time="2024-04-04T10:26:28.945789" level="INFO">Successfully opened URL http://localhost:3000/signup</msg>
<arg>${URL_BASE}/signup</arg>
<tag>BrowserControl</tag>
<tag>Setter</tag>
<doc>Navigates to the given ``url``.</doc>
<status status="PASS" start="2024-04-04T10:26:28.821924" elapsed="0.123865"/>
</kw>
<kw name="Wait For Elements State" owner="Browser">
<msg time="2024-04-04T10:26:28.976873" level="INFO">Waited for Element with selector css=h1 at state visible</msg>
<arg>css=h1</arg>
<arg>visible</arg>
<arg>5</arg>
<tag>PageContent</tag>
<tag>Wait</tag>
<doc>Waits for the element found by ``selector`` to satisfy state option.</doc>
<status status="PASS" start="2024-04-04T10:26:28.949964" elapsed="0.026909"/>
</kw>
<kw name="Get Text" owner="Browser">
<msg time="2024-04-04T10:26:29.007108" level="INFO">Text: 'Faça seu cadastro'</msg>
<arg>css=h1</arg>
<arg>equal</arg>
<arg>Faça seu cadastro</arg>
<tag>Assertion</tag>
<tag>Getter</tag>
<tag>PageContent</tag>
<doc>Returns text attribute of the element found by ``selector``.</doc>
<status status="PASS" start="2024-04-04T10:26:28.976873" elapsed="0.030235"/>
</kw>
<status status="PASS" start="2024-04-04T10:26:28.821266" elapsed="0.185842"/>
</kw>
<kw name="Submit signup form" owner="SignupPage">
<kw name="Fill Text" owner="Browser">
<msg time="2024-04-04T10:26:29.007108" level="INFO">Fills the text 'Oliveira Marcelo' in the given field.</msg>
<arg>css=input[name=name]</arg>
<arg>${user}[name]</arg>
<tag>PageContent</tag>
<tag>Setter</tag>
<doc>Clears and fills the given ``txt`` into the text field found by ``selector``.</doc>
<status status="PASS" start="2024-04-04T10:26:29.007108" elapsed="0.032368"/>
</kw>
<kw name="Fill Text" owner="Browser">
<msg time="2024-04-04T10:26:29.039975" level="INFO">Fills the text 'oliveira@yahoo.com' in the given field.</msg>
<arg>css=input[name=email]</arg>
<arg>${user}[email]</arg>
<tag>PageContent</tag>
<tag>Setter</tag>
<doc>Clears and fills the given ``txt`` into the text field found by ``selector``.</doc>
<status status="PASS" start="2024-04-04T10:26:29.039975" elapsed="0.017844"/>
</kw>
<kw name="Fill Text" owner="Browser">
<msg time="2024-04-04T10:26:29.057819" level="INFO">Fills the text '654321' in the given field.</msg>
<arg>css=input[name=password]</arg>
<arg>${user}[password]</arg>
<tag>PageContent</tag>
<tag>Setter</tag>
<doc>Clears and fills the given ``txt`` into the text field found by ``selector``.</doc>
<status status="PASS" start="2024-04-04T10:26:29.057819" elapsed="0.020310"/>
</kw>
<kw name="Click" owner="Browser">
<arg>css=button[type=submit] &gt;&gt; text=Cadastrar</arg>
<tag>PageContent</tag>
<tag>Setter</tag>
<doc>Simulates mouse click on the element found by ``selector``.</doc>
<status status="PASS" start="2024-04-04T10:26:29.078129" elapsed="0.082676"/>
</kw>
<arg>${user}</arg>
<status status="PASS" start="2024-04-04T10:26:29.007108" elapsed="0.153697"/>
</kw>
<kw name="Notice should be" owner="Notice">
<kw name="Set Variable" owner="BuiltIn">
<msg time="2024-04-04T10:26:29.160805" level="INFO">${element} = css=.notice p</msg>
<var>${element}</var>
<arg>css=.notice p</arg>
<doc>Returns the given values which can then be assigned to a variables.</doc>
<status status="PASS" start="2024-04-04T10:26:29.160805" elapsed="0.000000"/>
</kw>
<kw name="Wait For Elements State" owner="Browser">
<msg time="2024-04-04T10:26:29.273211" level="INFO">Waited for Element with selector css=.notice p at state visible</msg>
<arg>${element}</arg>
<arg>visible</arg>
<arg>5</arg>
<tag>PageContent</tag>
<tag>Wait</tag>
<doc>Waits for the element found by ``selector`` to satisfy state option.</doc>
<status status="PASS" start="2024-04-04T10:26:29.160805" elapsed="0.112406"/>
</kw>
<kw name="Get Text" owner="Browser">
<msg time="2024-04-04T10:26:29.289492" level="INFO">Text: 'Oops! Já existe uma conta com o e-mail informado.'</msg>
<arg>${element}</arg>
<arg>equal</arg>
<arg>${expected_text}</arg>
<tag>Assertion</tag>
<tag>Getter</tag>
<tag>PageContent</tag>
<doc>Returns text attribute of the element found by ``selector``.</doc>
<status status="PASS" start="2024-04-04T10:26:29.273211" elapsed="0.016281"/>
</kw>
<arg>Oops! Já existe uma conta com o e-mail informado.</arg>
<status status="PASS" start="2024-04-04T10:26:29.160805" elapsed="0.128687"/>
</kw>
<kw name="Take Screenshot" owner="Browser" type="TEARDOWN">
<msg time="2024-04-04T10:26:29.541144" level="INFO" html="true">&lt;/td&gt;&lt;/tr&gt;&lt;tr&gt;&lt;td colspan="3"&gt;&lt;a href="browser/screenshot/robotframework-browser-screenshot-4.png" target="_blank"&gt;&lt;img src="browser/screenshot/robotframework-browser-screenshot-4.png" width="800px"/&gt;&lt;/a&gt;</msg>
<tag>PageContent</tag>
<doc>Takes a screenshot of the current window or element and saves it to disk.</doc>
<status status="PASS" start="2024-04-04T10:26:29.289492" elapsed="0.251652"/>
</kw>
<tag>dup</tag>
<status status="PASS" start="2024-04-04T10:26:26.671405" elapsed="2.869739"/>
</test>
<test id="s1-s3-t3" name="Campos obrigatórios" line="37">
<kw name="Start Session" owner="base" type="SETUP">
<kw name="New Browser" owner="Browser">
<msg time="2024-04-04T10:26:29.616049" level="INFO">Switching browser to browser=89617d96-e64f-43e6-a761-bfd7a92c7d00</msg>
<msg time="2024-04-04T10:26:29.618532" level="INFO">Successfully changed active browser: browser=89617d96-e64f-43e6-a761-bfd7a92c7d00</msg>
<msg time="2024-04-04T10:26:29.619029" level="INFO">Reusing existing browser with id: browser=89617d96-e64f-43e6-a761-bfd7a92c7d00</msg>
<arg>browser=${BROWSER}</arg>
<arg>headless=False</arg>
<tag>BrowserControl</tag>
<tag>Setter</tag>
<doc>Create a new playwright Browser with specified options.</doc>
<status status="PASS" start="2024-04-04T10:26:29.615055" elapsed="0.003974"/>
</kw>
<kw name="New Page" owner="Browser">
<msg time="2024-04-04T10:26:31.200300" level="INFO">Successfully initialized new page object and opened url: http://localhost:3000</msg>
<msg time="2024-04-04T10:26:31.200300" level="INFO">No context was open. New context was automatically opened when this page is created.</msg>
<arg>${URL_BASE}</arg>
<tag>BrowserControl</tag>
<tag>Setter</tag>
<doc>Open a new Page.</doc>
<status status="PASS" start="2024-04-04T10:26:29.619029" elapsed="1.581768"/>
</kw>
<status status="PASS" start="2024-04-04T10:26:29.614559" elapsed="1.586238"/>
</kw>
<kw name="Create Dictionary" owner="BuiltIn">
<msg time="2024-04-04T10:26:31.208638" level="INFO">${user} = {'name': '', 'email': '', 'password': ''}</msg>
<var>${user}</var>
<arg>name=${EMPTY}</arg>
<arg>email=${EMPTY}</arg>
<arg>password=${EMPTY}</arg>
<doc>Creates and returns a dictionary based on the given ``items``.</doc>
<status status="PASS" start="2024-04-04T10:26:31.206306" elapsed="0.002332"/>
</kw>
<kw name="Go to signup page" owner="SignupPage">
<kw name="Go To" owner="Browser">
<msg time="2024-04-04T10:26:31.351743" level="INFO">Successfully opened URL http://localhost:3000/signup</msg>
<arg>${URL_BASE}/signup</arg>
<tag>BrowserControl</tag>
<tag>Setter</tag>
<doc>Navigates to the given ``url``.</doc>
<status status="PASS" start="2024-04-04T10:26:31.211206" elapsed="0.141558"/>
</kw>
<kw name="Wait For Elements State" owner="Browser">
<msg time="2024-04-04T10:26:31.400587" level="INFO">Waited for Element with selector css=h1 at state visible</msg>
<arg>css=h1</arg>
<arg>visible</arg>
<arg>5</arg>
<tag>PageContent</tag>
<tag>Wait</tag>
<doc>Waits for the element found by ``selector`` to satisfy state option.</doc>
<status status="PASS" start="2024-04-04T10:26:31.353052" elapsed="0.047535"/>
</kw>
<kw name="Get Text" owner="Browser">
<msg time="2024-04-04T10:26:31.446138" level="INFO">Text: 'Faça seu cadastro'</msg>
<arg>css=h1</arg>
<arg>equal</arg>
<arg>Faça seu cadastro</arg>
<tag>Assertion</tag>
<tag>Getter</tag>
<tag>PageContent</tag>
<doc>Returns text attribute of the element found by ``selector``.</doc>
<status status="PASS" start="2024-04-04T10:26:31.400587" elapsed="0.046047"/>
</kw>
<status status="PASS" start="2024-04-04T10:26:31.210127" elapsed="0.236507"/>
</kw>
<kw name="Submit signup form" owner="SignupPage">
<kw name="Fill Text" owner="Browser">
<msg time="2024-04-04T10:26:31.449933" level="INFO">Fills the text '' in the given field.</msg>
<arg>css=input[name=name]</arg>
<arg>${user}[name]</arg>
<tag>PageContent</tag>
<tag>Setter</tag>
<doc>Clears and fills the given ``txt`` into the text field found by ``selector``.</doc>
<status status="PASS" start="2024-04-04T10:26:31.449933" elapsed="0.043903"/>
</kw>
<kw name="Fill Text" owner="Browser">
<msg time="2024-04-04T10:26:31.496032" level="INFO">Fills the text '' in the given field.</msg>
<arg>css=input[name=email]</arg>
<arg>${user}[email]</arg>
<tag>PageContent</tag>
<tag>Setter</tag>
<doc>Clears and fills the given ``txt`` into the text field found by ``selector``.</doc>
<status status="PASS" start="2024-04-04T10:26:31.494543" elapsed="0.035977"/>
</kw>
<kw name="Fill Text" owner="Browser">
<msg time="2024-04-04T10:26:31.532239" level="INFO">Fills the text '' in the given field.</msg>
<arg>css=input[name=password]</arg>
<arg>${user}[password]</arg>
<tag>PageContent</tag>
<tag>Setter</tag>
<doc>Clears and fills the given ``txt`` into the text field found by ``selector``.</doc>
<status status="PASS" start="2024-04-04T10:26:31.531247" elapsed="0.032888"/>
</kw>
<kw name="Click" owner="Browser">
<arg>css=button[type=submit] &gt;&gt; text=Cadastrar</arg>
<tag>PageContent</tag>
<tag>Setter</tag>
<doc>Simulates mouse click on the element found by ``selector``.</doc>
<status status="PASS" start="2024-04-04T10:26:31.564632" elapsed="0.105780"/>
</kw>
<arg>${user}</arg>
<status status="PASS" start="2024-04-04T10:26:31.448512" elapsed="0.221900"/>
</kw>
<kw name="Alert should be" owner="Alert">
<kw name="Wait For Elements State" owner="Browser">
<msg time="2024-04-04T10:26:31.700518" level="INFO">Waited for Element with selector css=.alert-error &gt;&gt; text=Informe seu nome completo at state visible</msg>
<arg>css=.alert-error &gt;&gt; text=${expected_text}</arg>
<arg>visible</arg>
<arg>5</arg>
<tag>PageContent</tag>
<tag>Wait</tag>
<doc>Waits for the element found by ``selector`` to satisfy state option.</doc>
<status status="PASS" start="2024-04-04T10:26:31.688213" elapsed="0.012801"/>
</kw>
<arg>Informe seu nome completo</arg>
<status status="PASS" start="2024-04-04T10:26:31.686782" elapsed="0.014232"/>
</kw>
<kw name="Alert should be" owner="Alert">
<kw name="Wait For Elements State" owner="Browser">
<msg time="2024-04-04T10:26:31.715581" level="INFO">Waited for Element with selector css=.alert-error &gt;&gt; text=Informe seu e-email at state visible</msg>
<arg>css=.alert-error &gt;&gt; text=${expected_text}</arg>
<arg>visible</arg>
<arg>5</arg>
<tag>PageContent</tag>
<tag>Wait</tag>
<doc>Waits for the element found by ``selector`` to satisfy state option.</doc>
<status status="PASS" start="2024-04-04T10:26:31.703234" elapsed="0.012347"/>
</kw>
<arg>Informe seu e-email</arg>
<status status="PASS" start="2024-04-04T10:26:31.702240" elapsed="0.013955"/>
</kw>
<kw name="Alert should be" owner="Alert">
<kw name="Wait For Elements State" owner="Browser">
<msg time="2024-04-04T10:26:31.727917" level="INFO">Waited for Element with selector css=.alert-error &gt;&gt; text=Informe uma senha com pelo menos 6 digitos at state visible</msg>
<arg>css=.alert-error &gt;&gt; text=${expected_text}</arg>
<arg>visible</arg>
<arg>5</arg>
<tag>PageContent</tag>
<tag>Wait</tag>
<doc>Waits for the element found by ``selector`` to satisfy state option.</doc>
<status status="PASS" start="2024-04-04T10:26:31.716691" elapsed="0.011758"/>
</kw>
<arg>Informe uma senha com pelo menos 6 digitos</arg>
<status status="PASS" start="2024-04-04T10:26:31.716691" elapsed="0.012255"/>
</kw>
<kw name="Take Screenshot" owner="Browser" type="TEARDOWN">
<msg time="2024-04-04T10:26:32.043510" level="INFO" html="true">&lt;/td&gt;&lt;/tr&gt;&lt;tr&gt;&lt;td colspan="3"&gt;&lt;a href="browser/screenshot/robotframework-browser-screenshot-5.png" target="_blank"&gt;&lt;img src="browser/screenshot/robotframework-browser-screenshot-5.png" width="800px"/&gt;&lt;/a&gt;</msg>
<tag>PageContent</tag>
<doc>Takes a screenshot of the current window or element and saves it to disk.</doc>
<status status="PASS" start="2024-04-04T10:26:31.729882" elapsed="0.313628"/>
</kw>
<tag>required</tag>
<status status="PASS" start="2024-04-04T10:26:29.608876" elapsed="2.434634"/>
</test>
<test id="s1-s3-t4" name="Não deve cadastrar com email incorreto" line="52">
<kw name="Start Session" owner="base" type="SETUP">
<kw name="New Browser" owner="Browser">
<msg time="2024-04-04T10:26:32.115902" level="INFO">Switching browser to browser=89617d96-e64f-43e6-a761-bfd7a92c7d00</msg>
<msg time="2024-04-04T10:26:32.117938" level="INFO">Successfully changed active browser: browser=89617d96-e64f-43e6-a761-bfd7a92c7d00</msg>
<msg time="2024-04-04T10:26:32.117938" level="INFO">Reusing existing browser with id: browser=89617d96-e64f-43e6-a761-bfd7a92c7d00</msg>
<arg>browser=${BROWSER}</arg>
<arg>headless=False</arg>
<tag>BrowserControl</tag>
<tag>Setter</tag>
<doc>Create a new playwright Browser with specified options.</doc>
<status status="PASS" start="2024-04-04T10:26:32.114909" elapsed="0.003029"/>
</kw>
<kw name="New Page" owner="Browser">
<msg time="2024-04-04T10:26:33.454118" level="INFO">Successfully initialized new page object and opened url: http://localhost:3000</msg>
<msg time="2024-04-04T10:26:33.454118" level="INFO">No context was open. New context was automatically opened when this page is created.</msg>
<arg>${URL_BASE}</arg>
<tag>BrowserControl</tag>
<tag>Setter</tag>
<doc>Open a new Page.</doc>
<status status="PASS" start="2024-04-04T10:26:32.119096" elapsed="1.335022"/>
</kw>
<status status="PASS" start="2024-04-04T10:26:32.113915" elapsed="1.341675"/>
</kw>
<kw name="Create Dictionary" owner="BuiltIn">
<msg time="2024-04-04T10:26:33.470452" level="INFO">${user} = {'name': 'João Paes da Silva', 'email': 'joaopaes.com.br', 'password': '112233'}</msg>
<var>${user}</var>
<arg>name=João Paes da Silva</arg>
<arg>email=joaopaes.com.br</arg>
<arg>password=112233</arg>
<doc>Creates and returns a dictionary based on the given ``items``.</doc>
<status status="PASS" start="2024-04-04T10:26:33.469119" elapsed="0.001333"/>
</kw>
<kw name="Go to signup page" owner="SignupPage">
<kw name="Go To" owner="Browser">
<msg time="2024-04-04T10:26:33.641438" level="INFO">Successfully opened URL http://localhost:3000/signup</msg>
<arg>${URL_BASE}/signup</arg>
<tag>BrowserControl</tag>
<tag>Setter</tag>
<doc>Navigates to the given ``url``.</doc>
<status status="PASS" start="2024-04-04T10:26:33.479340" elapsed="0.162592"/>
</kw>
<kw name="Wait For Elements State" owner="Browser">
<msg time="2024-04-04T10:26:33.685374" level="INFO">Waited for Element with selector css=h1 at state visible</msg>
<arg>css=h1</arg>
<arg>visible</arg>
<arg>5</arg>
<tag>PageContent</tag>
<tag>Wait</tag>
<doc>Waits for the element found by ``selector`` to satisfy state option.</doc>
<status status="PASS" start="2024-04-04T10:26:33.642428" elapsed="0.042946"/>
</kw>
<kw name="Get Text" owner="Browser">
<msg time="2024-04-04T10:26:33.716460" level="INFO">Text: 'Faça seu cadastro'</msg>
<arg>css=h1</arg>
<arg>equal</arg>
<arg>Faça seu cadastro</arg>
<tag>Assertion</tag>
<tag>Getter</tag>
<tag>PageContent</tag>
<doc>Returns text attribute of the element found by ``selector``.</doc>
<status status="PASS" start="2024-04-04T10:26:33.689146" elapsed="0.027314"/>
</kw>
<status status="PASS" start="2024-04-04T10:26:33.478802" elapsed="0.237658"/>
</kw>
<kw name="Submit signup form" owner="SignupPage">
<kw name="Fill Text" owner="Browser">
<msg time="2024-04-04T10:26:33.718446" level="INFO">Fills the text 'João Paes da Silva' in the given field.</msg>
<arg>css=input[name=name]</arg>
<arg>${user}[name]</arg>
<tag>PageContent</tag>
<tag>Setter</tag>
<doc>Clears and fills the given ``txt`` into the text field found by ``selector``.</doc>
<status status="PASS" start="2024-04-04T10:26:33.717448" elapsed="0.026950"/>
</kw>
<kw name="Fill Text" owner="Browser">
<msg time="2024-04-04T10:26:33.744398" level="INFO">Fills the text 'joaopaes.com.br' in the given field.</msg>
<arg>css=input[name=email]</arg>
<arg>${user}[email]</arg>
<tag>PageContent</tag>
<tag>Setter</tag>
<doc>Clears and fills the given ``txt`` into the text field found by ``selector``.</doc>
<status status="PASS" start="2024-04-04T10:26:33.744398" elapsed="0.018280"/>
</kw>
<kw name="Fill Text" owner="Browser">
<msg time="2024-04-04T10:26:33.762678" level="INFO">Fills the text '112233' in the given field.</msg>
<arg>css=input[name=password]</arg>
<arg>${user}[password]</arg>
<tag>PageContent</tag>
<tag>Setter</tag>
<doc>Clears and fills the given ``txt`` into the text field found by ``selector``.</doc>
<status status="PASS" start="2024-04-04T10:26:33.762678" elapsed="0.035974"/>
</kw>
<kw name="Click" owner="Browser">
<arg>css=button[type=submit] &gt;&gt; text=Cadastrar</arg>
<tag>PageContent</tag>
<tag>Setter</tag>
<doc>Simulates mouse click on the element found by ``selector``.</doc>
<status status="PASS" start="2024-04-04T10:26:33.798652" elapsed="0.115801"/>
</kw>
<arg>${user}</arg>
<status status="PASS" start="2024-04-04T10:26:33.717448" elapsed="0.197500"/>
</kw>
<kw name="Alert should be" owner="Alert">
<kw name="Wait For Elements State" owner="Browser">
<msg time="2024-04-04T10:26:33.932346" level="INFO">Waited for Element with selector css=.alert-error &gt;&gt; text=Digite um e-mail válido at state visible</msg>
<arg>css=.alert-error &gt;&gt; text=${expected_text}</arg>
<arg>visible</arg>
<arg>5</arg>
<tag>PageContent</tag>
<tag>Wait</tag>
<doc>Waits for the element found by ``selector`` to satisfy state option.</doc>
<status status="PASS" start="2024-04-04T10:26:33.918504" elapsed="0.013842"/>
</kw>
<arg>Digite um e-mail válido</arg>
<status status="PASS" start="2024-04-04T10:26:33.916861" elapsed="0.015485"/>
</kw>
<kw name="Take Screenshot" owner="Browser" type="TEARDOWN">
<msg time="2024-04-04T10:26:34.296941" level="INFO" html="true">&lt;/td&gt;&lt;/tr&gt;&lt;tr&gt;&lt;td colspan="3"&gt;&lt;a href="browser/screenshot/robotframework-browser-screenshot-6.png" target="_blank"&gt;&lt;img src="browser/screenshot/robotframework-browser-screenshot-6.png" width="800px"/&gt;&lt;/a&gt;</msg>
<tag>PageContent</tag>
<doc>Takes a screenshot of the current window or element and saves it to disk.</doc>
<status status="PASS" start="2024-04-04T10:26:33.933764" elapsed="0.363177"/>
</kw>
<tag>env_email</tag>
<status status="PASS" start="2024-04-04T10:26:32.109196" elapsed="2.188762"/>
</test>
<test id="s1-s3-t5" name="Não deve cadastrar com senha muito curta" line="65">
<kw name="Start Session" owner="base" type="SETUP">
<kw name="New Browser" owner="Browser">
<msg time="2024-04-04T10:26:34.371653" level="INFO">Switching browser to browser=89617d96-e64f-43e6-a761-bfd7a92c7d00</msg>
<msg time="2024-04-04T10:26:34.374627" level="INFO">Successfully changed active browser: browser=89617d96-e64f-43e6-a761-bfd7a92c7d00</msg>
<msg time="2024-04-04T10:26:34.374627" level="INFO">Reusing existing browser with id: browser=89617d96-e64f-43e6-a761-bfd7a92c7d00</msg>
<arg>browser=${BROWSER}</arg>
<arg>headless=False</arg>
<tag>BrowserControl</tag>
<tag>Setter</tag>
<doc>Create a new playwright Browser with specified options.</doc>
<status status="PASS" start="2024-04-04T10:26:34.370229" elapsed="0.005263"/>
</kw>
<kw name="New Page" owner="Browser">
<msg time="2024-04-04T10:26:35.843183" level="INFO">Successfully initialized new page object and opened url: http://localhost:3000</msg>
<msg time="2024-04-04T10:26:35.843183" level="INFO">No context was open. New context was automatically opened when this page is created.</msg>
<arg>${URL_BASE}</arg>
<tag>BrowserControl</tag>
<tag>Setter</tag>
<doc>Open a new Page.</doc>
<status status="PASS" start="2024-04-04T10:26:34.375492" elapsed="1.467691"/>
</kw>
<status status="PASS" start="2024-04-04T10:26:34.369645" elapsed="1.474590"/>
</kw>
<kw name="Create List" owner="BuiltIn">
<msg time="2024-04-04T10:26:35.845904" level="INFO">@{list_password} = [ 1 | 12 | 123 | 1234 | 12345 ]</msg>
<var>@{list_password}</var>
<arg>1</arg>
<arg>12</arg>
<arg>123</arg>
<arg>1234</arg>
<arg>12345</arg>
<doc>Returns a list containing given items.</doc>
<status status="PASS" start="2024-04-04T10:26:35.845407" elapsed="0.000497"/>
</kw>
<for flavor="IN">
<iter>
<kw name="Create Dictionary" owner="BuiltIn">
<msg time="2024-04-04T10:26:35.848824" level="INFO">${user} = {'name': ' Ayrton Senna', 'email': 'ayrtonsenna@msn.com', 'password': '1'}</msg>
<var>${user}</var>
<arg>name= Ayrton Senna</arg>
<arg>email=ayrtonsenna@msn.com</arg>
<arg>password=${password}</arg>
<doc>Creates and returns a dictionary based on the given ``items``.</doc>
<status status="PASS" start="2024-04-04T10:26:35.848328" elapsed="0.000496"/>
</kw>
<kw name="Go to signup page" owner="SignupPage">
<kw name="Go To" owner="Browser">
<msg time="2024-04-04T10:26:36.002459" level="INFO">Successfully opened URL http://localhost:3000/signup</msg>
<arg>${URL_BASE}/signup</arg>
<tag>BrowserControl</tag>
<tag>Setter</tag>
<doc>Navigates to the given ``url``.</doc>
<status status="PASS" start="2024-04-04T10:26:35.849720" elapsed="0.153358"/>
</kw>
<kw name="Wait For Elements State" owner="Browser">
<msg time="2024-04-04T10:26:36.048263" level="INFO">Waited for Element with selector css=h1 at state visible</msg>
<arg>css=h1</arg>
<arg>visible</arg>
<arg>5</arg>
<tag>PageContent</tag>
<tag>Wait</tag>
<doc>Waits for the element found by ``selector`` to satisfy state option.</doc>
<status status="PASS" start="2024-04-04T10:26:36.003802" elapsed="0.044461"/>
</kw>
<kw name="Get Text" owner="Browser">
<msg time="2024-04-04T10:26:36.074309" level="INFO">Text: 'Faça seu cadastro'</msg>
<arg>css=h1</arg>
<arg>equal</arg>
<arg>Faça seu cadastro</arg>
<tag>Assertion</tag>
<tag>Getter</tag>
<tag>PageContent</tag>
<doc>Returns text attribute of the element found by ``selector``.</doc>
<status status="PASS" start="2024-04-04T10:26:36.048263" elapsed="0.026046"/>
</kw>
<status status="PASS" start="2024-04-04T10:26:35.849151" elapsed="0.225158"/>
</kw>
<kw name="Submit signup form" owner="SignupPage">
<kw name="Fill Text" owner="Browser">
<msg time="2024-04-04T10:26:36.074309" level="INFO">Fills the text ' Ayrton Senna' in the given field.</msg>
<arg>css=input[name=name]</arg>
<arg>${user}[name]</arg>
<tag>PageContent</tag>
<tag>Setter</tag>
<doc>Clears and fills the given ``txt`` into the text field found by ``selector``.</doc>
<status status="PASS" start="2024-04-04T10:26:36.074309" elapsed="0.022113"/>
</kw>
<kw name="Fill Text" owner="Browser">
<msg time="2024-04-04T10:26:36.096422" level="INFO">Fills the text 'ayrtonsenna@msn.com' in the given field.</msg>
<arg>css=input[name=email]</arg>
<arg>${user}[email]</arg>
<tag>PageContent</tag>
<tag>Setter</tag>
<doc>Clears and fills the given ``txt`` into the text field found by ``selector``.</doc>
<status status="PASS" start="2024-04-04T10:26:36.096422" elapsed="0.027004"/>
</kw>
<kw name="Fill Text" owner="Browser">
<msg time="2024-04-04T10:26:36.124699" level="INFO">Fills the text '1' in the given field.</msg>
<arg>css=input[name=password]</arg>
<arg>${user}[password]</arg>
<tag>PageContent</tag>
<tag>Setter</tag>
<doc>Clears and fills the given ``txt`` into the text field found by ``selector``.</doc>
<status status="PASS" start="2024-04-04T10:26:36.123426" elapsed="0.018182"/>
</kw>
<kw name="Click" owner="Browser">
<arg>css=button[type=submit] &gt;&gt; text=Cadastrar</arg>
<tag>PageContent</tag>
<tag>Setter</tag>
<doc>Simulates mouse click on the element found by ``selector``.</doc>
<status status="PASS" start="2024-04-04T10:26:36.145626" elapsed="0.102223"/>
</kw>
<arg>${user}</arg>
<status status="PASS" start="2024-04-04T10:26:36.074309" elapsed="0.173540"/>
</kw>
<kw name="Alert should be" owner="Alert">
<kw name="Wait For Elements State" owner="Browser">
<msg time="2024-04-04T10:26:36.259819" level="INFO">Waited for Element with selector css=.alert-error &gt;&gt; text=Informe uma senha com pelo menos 6 digitos at state visible</msg>
<arg>css=.alert-error &gt;&gt; text=${expected_text}</arg>
<arg>visible</arg>
<arg>5</arg>
<tag>PageContent</tag>
<tag>Wait</tag>
<doc>Waits for the element found by ``selector`` to satisfy state option.</doc>
<status status="PASS" start="2024-04-04T10:26:36.248844" elapsed="0.011472"/>
</kw>
<arg>Informe uma senha com pelo menos 6 digitos</arg>
<status status="PASS" start="2024-04-04T10:26:36.248349" elapsed="0.012149"/>
</kw>
<var name="${password}">1</var>
<status status="PASS" start="2024-04-04T10:26:35.847020" elapsed="0.413478"/>
</iter>
<iter>
<kw name="Create Dictionary" owner="BuiltIn">
<msg time="2024-04-04T10:26:36.261309" level="INFO">${user} = {'name': ' Ayrton Senna', 'email': 'ayrtonsenna@msn.com', 'password': '12'}</msg>
<var>${user}</var>
<arg>name= Ayrton Senna</arg>
<arg>email=ayrtonsenna@msn.com</arg>
<arg>password=${password}</arg>
<doc>Creates and returns a dictionary based on the given ``items``.</doc>
<status status="PASS" start="2024-04-04T10:26:36.260812" elapsed="0.000497"/>
</kw>
<kw name="Go to signup page" owner="SignupPage">
<kw name="Go To" owner="Browser">
<msg time="2024-04-04T10:26:36.384229" level="INFO">Successfully opened URL http://localhost:3000/signup</msg>
<arg>${URL_BASE}/signup</arg>
<tag>BrowserControl</tag>
<tag>Setter</tag>
<doc>Navigates to the given ``url``.</doc>
<status status="PASS" start="2024-04-04T10:26:36.261309" elapsed="0.123153"/>
</kw>
<kw name="Wait For Elements State" owner="Browser">
<msg time="2024-04-04T10:26:36.420618" level="INFO">Waited for Element with selector css=h1 at state visible</msg>
<arg>css=h1</arg>
<arg>visible</arg>
<arg>5</arg>
<tag>PageContent</tag>
<tag>Wait</tag>
<doc>Waits for the element found by ``selector`` to satisfy state option.</doc>
<status status="PASS" start="2024-04-04T10:26:36.384980" elapsed="0.035638"/>
</kw>
<kw name="Get Text" owner="Browser">
<msg time="2024-04-04T10:26:36.463832" level="INFO">Text: 'Faça seu cadastro'</msg>
<arg>css=h1</arg>
<arg>equal</arg>
<arg>Faça seu cadastro</arg>
<tag>Assertion</tag>
<tag>Getter</tag>
<tag>PageContent</tag>
<doc>Returns text attribute of the element found by ``selector``.</doc>
<status status="PASS" start="2024-04-04T10:26:36.420618" elapsed="0.043214"/>
</kw>
<status status="PASS" start="2024-04-04T10:26:36.261309" elapsed="0.202523"/>
</kw>
<kw name="Submit signup form" owner="SignupPage">
<kw name="Fill Text" owner="Browser">
<msg time="2024-04-04T10:26:36.465836" level="INFO">Fills the text ' Ayrton Senna' in the given field.</msg>
<arg>css=input[name=name]</arg>
<arg>${user}[name]</arg>
<tag>PageContent</tag>
<tag>Setter</tag>
<doc>Clears and fills the given ``txt`` into the text field found by ``selector``.</doc>
<status status="PASS" start="2024-04-04T10:26:36.464839" elapsed="0.033907"/>
</kw>
<kw name="Fill Text" owner="Browser">
<msg time="2024-04-04T10:26:36.499243" level="INFO">Fills the text 'ayrtonsenna@msn.com' in the given field.</msg>
<arg>css=input[name=email]</arg>
<arg>${user}[email]</arg>
<tag>PageContent</tag>
<tag>Setter</tag>
<doc>Clears and fills the given ``txt`` into the text field found by ``selector``.</doc>
<status status="PASS" start="2024-04-04T10:26:36.499243" elapsed="0.032833"/>
</kw>
<kw name="Fill Text" owner="Browser">
<msg time="2024-04-04T10:26:36.533481" level="INFO">Fills the text '12' in the given field.</msg>
<arg>css=input[name=password]</arg>
<arg>${user}[password]</arg>
<tag>PageContent</tag>
<tag>Setter</tag>
<doc>Clears and fills the given ``txt`` into the text field found by ``selector``.</doc>
<status status="PASS" start="2024-04-04T10:26:36.532984" elapsed="0.033381"/>
</kw>
<kw name="Click" owner="Browser">
<arg>css=button[type=submit] &gt;&gt; text=Cadastrar</arg>
<tag>PageContent</tag>
<tag>Setter</tag>
<doc>Simulates mouse click on the element found by ``selector``.</doc>
<status status="PASS" start="2024-04-04T10:26:36.566365" elapsed="0.066723"/>
</kw>
<arg>${user}</arg>
<status status="PASS" start="2024-04-04T10:26:36.464839" elapsed="0.168249"/>
</kw>
<kw name="Alert should be" owner="Alert">
<kw name="Wait For Elements State" owner="Browser">
<msg time="2024-04-04T10:26:36.640639" level="INFO">Waited for Element with selector css=.alert-error &gt;&gt; text=Informe uma senha com pelo menos 6 digitos at state visible</msg>
<arg>css=.alert-error &gt;&gt; text=${expected_text}</arg>
<arg>visible</arg>
<arg>5</arg>
<tag>PageContent</tag>
<tag>Wait</tag>
<doc>Waits for the element found by ``selector`` to satisfy state option.</doc>
<status status="PASS" start="2024-04-04T10:26:36.633088" elapsed="0.007551"/>
</kw>
<arg>Informe uma senha com pelo menos 6 digitos</arg>
<status status="PASS" start="2024-04-04T10:26:36.633088" elapsed="0.007551"/>
</kw>
<var name="${password}">12</var>
<status status="PASS" start="2024-04-04T10:26:36.260812" elapsed="0.379827"/>
</iter>
<iter>
<kw name="Create Dictionary" owner="BuiltIn">
<msg time="2024-04-04T10:26:36.640639" level="INFO">${user} = {'name': ' Ayrton Senna', 'email': 'ayrtonsenna@msn.com', 'password': '123'}</msg>
<var>${user}</var>
<arg>name= Ayrton Senna</arg>
<arg>email=ayrtonsenna@msn.com</arg>
<arg>password=${password}</arg>
<doc>Creates and returns a dictionary based on the given ``items``.</doc>
<status status="PASS" start="2024-04-04T10:26:36.640639" elapsed="0.000000"/>
</kw>
<kw name="Go to signup page" owner="SignupPage">
<kw name="Go To" owner="Browser">
<msg time="2024-04-04T10:26:36.711558" level="INFO">Successfully opened URL http://localhost:3000/signup</msg>
<arg>${URL_BASE}/signup</arg>
<tag>BrowserControl</tag>
<tag>Setter</tag>
<doc>Navigates to the given ``url``.</doc>
<status status="PASS" start="2024-04-04T10:26:36.640639" elapsed="0.070919"/>
</kw>
<kw name="Wait For Elements State" owner="Browser">
<msg time="2024-04-04T10:26:36.728186" level="INFO">Waited for Element with selector css=h1 at state visible</msg>
<arg>css=h1</arg>
<arg>visible</arg>
<arg>5</arg>
<tag>PageContent</tag>
<tag>Wait</tag>
<doc>Waits for the element found by ``selector`` to satisfy state option.</doc>
<status status="PASS" start="2024-04-04T10:26:36.711558" elapsed="0.016628"/>
</kw>
<kw name="Get Text" owner="Browser">
<msg time="2024-04-04T10:26:36.772453" level="INFO">Text: 'Faça seu cadastro'</msg>
<arg>css=h1</arg>
<arg>equal</arg>
<arg>Faça seu cadastro</arg>
<tag>Assertion</tag>
<tag>Getter</tag>
<tag>PageContent</tag>
<doc>Returns text attribute of the element found by ``selector``.</doc>
<status status="PASS" start="2024-04-04T10:26:36.728186" elapsed="0.044592"/>
</kw>
<status status="PASS" start="2024-04-04T10:26:36.640639" elapsed="0.132139"/>
</kw>
<kw name="Submit signup form" owner="SignupPage">
<kw name="Fill Text" owner="Browser">
<msg time="2024-04-04T10:26:36.775731" level="INFO">Fills the text ' Ayrton Senna' in the given field.</msg>
<arg>css=input[name=name]</arg>
<arg>${user}[name]</arg>
<tag>PageContent</tag>
<tag>Setter</tag>
<doc>Clears and fills the given ``txt`` into the text field found by ``selector``.</doc>
<status status="PASS" start="2024-04-04T10:26:36.774138" elapsed="0.031315"/>
</kw>
<kw name="Fill Text" owner="Browser">
<msg time="2024-04-04T10:26:36.806907" level="INFO">Fills the text 'ayrtonsenna@msn.com' in the given field.</msg>
<arg>css=input[name=email]</arg>
<arg>${user}[email]</arg>
<tag>PageContent</tag>
<tag>Setter</tag>
<doc>Clears and fills the given ``txt`` into the text field found by ``selector``.</doc>
<status status="PASS" start="2024-04-04T10:26:36.805921" elapsed="0.038940"/>
</kw>
<kw name="Fill Text" owner="Browser">
<msg time="2024-04-04T10:26:36.846731" level="INFO">Fills the text '123' in the given field.</msg>
<arg>css=input[name=password]</arg>
<arg>${user}[password]</arg>
<tag>PageContent</tag>
<tag>Setter</tag>
<doc>Clears and fills the given ``txt`` into the text field found by ``selector``.</doc>
<status status="PASS" start="2024-04-04T10:26:36.846235" elapsed="0.034874"/>
</kw>
<kw name="Click" owner="Browser">
<arg>css=button[type=submit] &gt;&gt; text=Cadastrar</arg>
<tag>PageContent</tag>
<tag>Setter</tag>
<doc>Simulates mouse click on the element found by ``selector``.</doc>
<status status="PASS" start="2024-04-04T10:26:36.881621" elapsed="0.081106"/>
</kw>
<arg>${user}</arg>
<status status="PASS" start="2024-04-04T10:26:36.773291" elapsed="0.189436"/>
</kw>
<kw name="Alert should be" owner="Alert">
<kw name="Wait For Elements State" owner="Browser">
<msg time="2024-04-04T10:26:36.978228" level="INFO">Waited for Element with selector css=.alert-error &gt;&gt; text=Informe uma senha com pelo menos 6 digitos at state visible</msg>
<arg>css=.alert-error &gt;&gt; text=${expected_text}</arg>
<arg>visible</arg>
<arg>5</arg>
<tag>PageContent</tag>
<tag>Wait</tag>
<doc>Waits for the element found by ``selector`` to satisfy state option.</doc>
<status status="PASS" start="2024-04-04T10:26:36.964006" elapsed="0.014222"/>
</kw>
<arg>Informe uma senha com pelo menos 6 digitos</arg>
<status status="PASS" start="2024-04-04T10:26:36.962727" elapsed="0.015501"/>
</kw>
<var name="${password}">123</var>
<status status="PASS" start="2024-04-04T10:26:36.640639" elapsed="0.338183"/>
</iter>
<iter>
<kw name="Create Dictionary" owner="BuiltIn">
<msg time="2024-04-04T10:26:36.979656" level="INFO">${user} = {'name': ' Ayrton Senna', 'email': 'ayrtonsenna@msn.com', 'password': '1234'}</msg>
<var>${user}</var>
<arg>name= Ayrton Senna</arg>
<arg>email=ayrtonsenna@msn.com</arg>
<arg>password=${password}</arg>
<doc>Creates and returns a dictionary based on the given ``items``.</doc>
<status status="PASS" start="2024-04-04T10:26:36.979317" elapsed="0.000339"/>
</kw>
<kw name="Go to signup page" owner="SignupPage">
<kw name="Go To" owner="Browser">
<msg time="2024-04-04T10:26:37.075358" level="INFO">Successfully opened URL http://localhost:3000/signup</msg>
<arg>${URL_BASE}/signup</arg>
<tag>BrowserControl</tag>
<tag>Setter</tag>
<doc>Navigates to the given ``url``.</doc>
<status status="PASS" start="2024-04-04T10:26:36.980890" elapsed="0.094468"/>
</kw>
<kw name="Wait For Elements State" owner="Browser">
<msg time="2024-04-04T10:26:37.123268" level="INFO">Waited for Element with selector css=h1 at state visible</msg>
<arg>css=h1</arg>
<arg>visible</arg>
<arg>5</arg>
<tag>PageContent</tag>
<tag>Wait</tag>
<doc>Waits for the element found by ``selector`` to satisfy state option.</doc>
<status status="PASS" start="2024-04-04T10:26:37.075679" elapsed="0.047589"/>
</kw>
<kw name="Get Text" owner="Browser">
<msg time="2024-04-04T10:26:37.166935" level="INFO">Text: 'Faça seu cadastro'</msg>
<arg>css=h1</arg>
<arg>equal</arg>
<arg>Faça seu cadastro</arg>
<tag>Assertion</tag>
<tag>Getter</tag>
<tag>PageContent</tag>
<doc>Returns text attribute of the element found by ``selector``.</doc>
<status status="PASS" start="2024-04-04T10:26:37.123764" elapsed="0.043942"/>
</kw>
<status status="PASS" start="2024-04-04T10:26:36.980394" elapsed="0.187312"/>
</kw>
<kw name="Submit signup form" owner="SignupPage">
<kw name="Fill Text" owner="Browser">
<msg time="2024-04-04T10:26:37.169548" level="INFO">Fills the text ' Ayrton Senna' in the given field.</msg>
<arg>css=input[name=name]</arg>
<arg>${user}[name]</arg>
<tag>PageContent</tag>
<tag>Setter</tag>
<doc>Clears and fills the given ``txt`` into the text field found by ``selector``.</doc>
<status status="PASS" start="2024-04-04T10:26:37.168817" elapsed="0.040107"/>
</kw>
<kw name="Fill Text" owner="Browser">
<msg time="2024-04-04T10:26:37.212634" level="INFO">Fills the text 'ayrtonsenna@msn.com' in the given field.</msg>
<arg>css=input[name=email]</arg>
<arg>${user}[email]</arg>
<tag>PageContent</tag>
<tag>Setter</tag>
<doc>Clears and fills the given ``txt`` into the text field found by ``selector``.</doc>
<status status="PASS" start="2024-04-04T10:26:37.209952" elapsed="0.056481"/>
</kw>
<kw name="Fill Text" owner="Browser">
<msg time="2024-04-04T10:26:37.268369" level="INFO">Fills the text '1234' in the given field.</msg>
<arg>css=input[name=password]</arg>
<arg>${user}[password]</arg>
<tag>PageContent</tag>
<tag>Setter</tag>
<doc>Clears and fills the given ``txt`` into the text field found by ``selector``.</doc>
<status status="PASS" start="2024-04-04T10:26:37.267872" elapsed="0.008712"/>
</kw>
<kw name="Click" owner="Browser">
<arg>css=button[type=submit] &gt;&gt; text=Cadastrar</arg>
<tag>PageContent</tag>
<tag>Setter</tag>
<doc>Simulates mouse click on the element found by ``selector``.</doc>
<status status="PASS" start="2024-04-04T10:26:37.276584" elapsed="0.080093"/>
</kw>
<arg>${user}</arg>
<status status="PASS" start="2024-04-04T10:26:37.168321" elapsed="0.188356"/>
</kw>
<kw name="Alert should be" owner="Alert">
<kw name="Wait For Elements State" owner="Browser">
<msg time="2024-04-04T10:26:37.374082" level="INFO">Waited for Element with selector css=.alert-error &gt;&gt; text=Informe uma senha com pelo menos 6 digitos at state visible</msg>
<arg>css=.alert-error &gt;&gt; text=${expected_text}</arg>
<arg>visible</arg>
<arg>5</arg>
<tag>PageContent</tag>
<tag>Wait</tag>
<doc>Waits for the element found by ``selector`` to satisfy state option.</doc>
<status status="PASS" start="2024-04-04T10:26:37.357918" elapsed="0.016661"/>
</kw>
<arg>Informe uma senha com pelo menos 6 digitos</arg>
<status status="PASS" start="2024-04-04T10:26:37.357173" elapsed="0.017610"/>
</kw>
<var name="${password}">1234</var>
<status status="PASS" start="2024-04-04T10:26:36.978822" elapsed="0.395961"/>
</iter>
<iter>
<kw name="Create Dictionary" owner="BuiltIn">
<msg time="2024-04-04T10:26:37.375841" level="INFO">${user} = {'name': ' Ayrton Senna', 'email': 'ayrtonsenna@msn.com', 'password': '12345'}</msg>
<var>${user}</var>
<arg>name= Ayrton Senna</arg>
<arg>email=ayrtonsenna@msn.com</arg>
<arg>password=${password}</arg>
<doc>Creates and returns a dictionary based on the given ``items``.</doc>
<status status="PASS" start="2024-04-04T10:26:37.375344" elapsed="0.000995"/>
</kw>
<kw name="Go to signup page" owner="SignupPage">
<kw name="Go To" owner="Browser">
<msg time="2024-04-04T10:26:37.508847" level="INFO">Successfully opened URL http://localhost:3000/signup</msg>
<arg>${URL_BASE}/signup</arg>
<tag>BrowserControl</tag>
<tag>Setter</tag>
<doc>Navigates to the given ``url``.</doc>
<status status="PASS" start="2024-04-04T10:26:37.377705" elapsed="0.131638"/>
</kw>
<kw name="Wait For Elements State" owner="Browser">
<msg time="2024-04-04T10:26:37.550861" level="INFO">Waited for Element with selector css=h1 at state visible</msg>
<arg>css=h1</arg>
<arg>visible</arg>
<arg>5</arg>
<tag>PageContent</tag>
<tag>Wait</tag>
<doc>Waits for the element found by ``selector`` to satisfy state option.</doc>
<status status="PASS" start="2024-04-04T10:26:37.510155" elapsed="0.040706"/>
</kw>
<kw name="Get Text" owner="Browser">
<msg time="2024-04-04T10:26:37.598784" level="INFO">Text: 'Faça seu cadastro'</msg>
<arg>css=h1</arg>
<arg>equal</arg>
<arg>Faça seu cadastro</arg>
<tag>Assertion</tag>
<tag>Getter</tag>
<tag>PageContent</tag>
<doc>Returns text attribute of the element found by ``selector``.</doc>
<status status="PASS" start="2024-04-04T10:26:37.550861" elapsed="0.047923"/>
</kw>
<status status="PASS" start="2024-04-04T10:26:37.377207" elapsed="0.221577"/>
</kw>
<kw name="Submit signup form" owner="SignupPage">
<kw name="Fill Text" owner="Browser">
<msg time="2024-04-04T10:26:37.599777" level="INFO">Fills the text ' Ayrton Senna' in the given field.</msg>
<arg>css=input[name=name]</arg>
<arg>${user}[name]</arg>
<tag>PageContent</tag>
<tag>Setter</tag>
<doc>Clears and fills the given ``txt`` into the text field found by ``selector``.</doc>
<status status="PASS" start="2024-04-04T10:26:37.599777" elapsed="0.032229"/>
</kw>
<kw name="Fill Text" owner="Browser">
<msg time="2024-04-04T10:26:37.633376" level="INFO">Fills the text 'ayrtonsenna@msn.com' in the given field.</msg>
<arg>css=input[name=email]</arg>
<arg>${user}[email]</arg>
<tag>PageContent</tag>
<tag>Setter</tag>
<doc>Clears and fills the given ``txt`` into the text field found by ``selector``.</doc>
<status status="PASS" start="2024-04-04T10:26:37.632717" elapsed="0.037221"/>
</kw>
<kw name="Fill Text" owner="Browser">
<msg time="2024-04-04T10:26:37.672498" level="INFO">Fills the text '12345' in the given field.</msg>
<arg>css=input[name=password]</arg>
<arg>${user}[password]</arg>
<tag>PageContent</tag>
<tag>Setter</tag>
<doc>Clears and fills the given ``txt`` into the text field found by ``selector``.</doc>
<status status="PASS" start="2024-04-04T10:26:37.669938" elapsed="0.032980"/>
</kw>
<kw name="Click" owner="Browser">
<arg>css=button[type=submit] &gt;&gt; text=Cadastrar</arg>
<tag>PageContent</tag>
<tag>Setter</tag>
<doc>Simulates mouse click on the element found by ``selector``.</doc>
<status status="PASS" start="2024-04-04T10:26:37.702918" elapsed="0.074297"/>
</kw>
<arg>${user}</arg>
<status status="PASS" start="2024-04-04T10:26:37.599298" elapsed="0.178411"/>
</kw>
<kw name="Alert should be" owner="Alert">
<kw name="Wait For Elements State" owner="Browser">
<msg time="2024-04-04T10:26:37.789128" level="INFO">Waited for Element with selector css=.alert-error &gt;&gt; text=Informe uma senha com pelo menos 6 digitos at state visible</msg>
<arg>css=.alert-error &gt;&gt; text=${expected_text}</arg>
<arg>visible</arg>
<arg>5</arg>
<tag>PageContent</tag>
<tag>Wait</tag>
<doc>Waits for the element found by ``selector`` to satisfy state option.</doc>
<status status="PASS" start="2024-04-04T10:26:37.779140" elapsed="0.009988"/>
</kw>
<arg>Informe uma senha com pelo menos 6 digitos</arg>
<status status="PASS" start="2024-04-04T10:26:37.778155" elapsed="0.011552"/>
</kw>
<var name="${password}">12345</var>
<status status="PASS" start="2024-04-04T10:26:37.375253" elapsed="0.414454"/>
</iter>
<var>${password}</var>
<value>@{list_password}</value>
<status status="PASS" start="2024-04-04T10:26:35.846524" elapsed="1.943183"/>
</for>
<kw name="Take Screenshot" owner="Browser" type="TEARDOWN">
<msg time="2024-04-04T10:26:38.156641" level="INFO" html="true">&lt;/td&gt;&lt;/tr&gt;&lt;tr&gt;&lt;td colspan="3"&gt;&lt;a href="browser/screenshot/robotframework-browser-screenshot-7.png" target="_blank"&gt;&lt;img src="browser/screenshot/robotframework-browser-screenshot-7.png" width="800px"/&gt;&lt;/a&gt;</msg>
<tag>PageContent</tag>
<doc>Takes a screenshot of the current window or element and saves it to disk.</doc>
<status status="PASS" start="2024-04-04T10:26:37.792687" elapsed="0.364451"/>
</kw>
<tag>temp</tag>
<status status="PASS" start="2024-04-04T10:26:34.364479" elapsed="3.793327"/>
</test>
<doc>Cenarios de teste do cadastro de usuários</doc>
<status status="PASS" start="2024-04-04T10:26:23.477437" elapsed="14.822633"/>
</suite>
<suite id="s1-s4" name="Tasks" source="C:\QAx\projects\mark85-robot-express\tests\tasks">
<suite id="s1-s4-s1" name="Create" source="C:\QAx\projects\mark85-robot-express\tests\tasks\create.robot">
<test id="s1-s4-s1-t1" name="Deve poder cadastrar uma nova tarefa" line="9">
<kw name="Start Session" owner="base" type="SETUP">
<kw name="New Browser" owner="Browser">
<msg time="2024-04-04T10:26:38.396139" level="INFO">Switching browser to browser=89617d96-e64f-43e6-a761-bfd7a92c7d00</msg>
<msg time="2024-04-04T10:26:38.400133" level="INFO">Successfully changed active browser: browser=89617d96-e64f-43e6-a761-bfd7a92c7d00</msg>
<msg time="2024-04-04T10:26:38.400133" level="INFO">Reusing existing browser with id: browser=89617d96-e64f-43e6-a761-bfd7a92c7d00</msg>
<arg>browser=${BROWSER}</arg>
<arg>headless=False</arg>
<tag>BrowserControl</tag>
<tag>Setter</tag>
<doc>Create a new playwright Browser with specified options.</doc>
<status status="PASS" start="2024-04-04T10:26:38.394649" elapsed="0.005981"/>
</kw>
<kw name="New Page" owner="Browser">
<msg time="2024-04-04T10:26:39.839774" level="INFO">Successfully initialized new page object and opened url: http://localhost:3000</msg>
<msg time="2024-04-04T10:26:39.840267" level="INFO">No context was open. New context was automatically opened when this page is created.</msg>
<arg>${URL_BASE}</arg>
<tag>BrowserControl</tag>
<tag>Setter</tag>
<doc>Open a new Page.</doc>
<status status="PASS" start="2024-04-04T10:26:38.400892" elapsed="1.439681"/>
</kw>
<status status="PASS" start="2024-04-04T10:26:38.392805" elapsed="1.447768"/>
</kw>
<kw name="Get fixture" owner="base">
<kw name="Load Json From File" owner="JSONLibrary">
<msg time="2024-04-04T10:26:39.853527" level="INFO">${data} = {'create': {'user': {'name': 'Jônatas Bastos', 'email': 'jonatasbastos@yahoo.com', 'password': 'abcdef'}, 'task': {'name': 'Criar uma nova versão do Ipode', 'tags': ['ios', 'music', 'ipod']}}, 'duplic...</msg>
<var>${data}</var>
<arg>${EXECDIR}/resources/fixtures/${file_name}.Json</arg>
<arg>encoding=utf-8</arg>
<doc>Load JSON from file.</doc>
<status status="PASS" start="2024-04-04T10:26:39.850099" elapsed="0.003924"/>
</kw>
<return>
<value>${data}[${scenario}]</value>
<status status="PASS" start="2024-04-04T10:26:39.854023" elapsed="0.000000"/>
</return>
<msg time="2024-04-04T10:26:39.856016" level="INFO">${data} = {'user': {'name': 'Jônatas Bastos', 'email': 'jonatasbastos@yahoo.com', 'password': 'abcdef'}, 'task': {'name': 'Criar uma nova versão do Ipode', 'tags': ['ios', 'music', 'ipod']}}</msg>
<var>${data}</var>
<arg>tasks</arg>
<arg>create</arg>
<status status="PASS" start="2024-04-04T10:26:39.849092" elapsed="0.006924"/>
</kw>
<kw name="Reset user from database" owner="base">
<kw name="Remove user from database" owner="databse">
<msg time="2024-04-04T10:26:39.931544" level="INFO">Removing user by jonatasbastos@yahoo.com</msg>
<arg>${user}[email]</arg>
<status status="PASS" start="2024-04-04T10:26:39.863863" elapsed="0.067698"/>
</kw>
<kw name="Insert user from database" owner="databse">
<msg time="2024-04-04T10:26:40.023215" level="INFO">{'name': 'Jônatas Bastos', 'email': 'jonatasbastos@yahoo.com', 'password': b'$2b$08$FUTNaOFETOCiC/0ptvo4WeqlKZlhm0kTSURPLVNoivDgbBg.8MsKi', '_id': ObjectId('660eaa8f41e2ec2a6883460e')}</msg>
<arg>${user}</arg>
<status status="PASS" start="2024-04-04T10:26:39.932056" elapsed="0.091159"/>
</kw>
<arg>${data}[user]</arg>
<status status="PASS" start="2024-04-04T10:26:39.862017" elapsed="0.161198"/>
</kw>
<kw name="Do login" owner="base">
<kw name="Submit login form" owner="LoginPage">
<kw name="Fill Text" owner="Browser">
<msg time="2024-04-04T10:26:40.028521" level="INFO">Fills the text 'jonatasbastos@yahoo.com' in the given field.</msg>
<arg>css=input[placeholder="E-mail"]</arg>
<arg>${user}[email]</arg>
<tag>PageContent</tag>
<tag>Setter</tag>
<doc>Clears and fills the given ``txt`` into the text field found by ``selector``.</doc>
<status status="PASS" start="2024-04-04T10:26:40.028521" elapsed="0.074896"/>
</kw>
<kw name="Fill Text" owner="Browser">
<msg time="2024-04-04T10:26:40.105013" level="INFO">Fills the text 'abcdef' in the given field.</msg>
<arg>css=input[placeholder=Senha]</arg>
<arg>${user}[password]</arg>
<tag>PageContent</tag>
<tag>Setter</tag>
<doc>Clears and fills the given ``txt`` into the text field found by ``selector``.</doc>
<status status="PASS" start="2024-04-04T10:26:40.103976" elapsed="0.036329"/>
</kw>
<kw name="Click" owner="Browser">
<arg>css=button &gt;&gt; text=Entrar</arg>
<tag>PageContent</tag>
<tag>Setter</tag>
<doc>Simulates mouse click on the element found by ``selector``.</doc>
<status status="PASS" start="2024-04-04T10:26:40.140802" elapsed="0.084358"/>
</kw>
<arg>${user}</arg>
<status status="PASS" start="2024-04-04T10:26:40.026552" elapsed="0.198608"/>
</kw>
<kw name="User should be logged in" owner="Header">
<kw name="Split String" owner="String">
<msg time="2024-04-04T10:26:40.225160" level="INFO">@{splited_name} = [ Jônatas | Bastos ]</msg>
<var>@{splited_name}</var>
<arg>${name}</arg>
<doc>Splits the ``string`` using ``separator`` as a delimiter string.</doc>
<status status="PASS" start="2024-04-04T10:26:40.225160" elapsed="0.000000"/>
</kw>
<kw name="Set Variable" owner="BuiltIn">
<msg time="2024-04-04T10:26:40.225160" level="INFO">${element} = css=header .right small</msg>
<var>${element}</var>
<arg>css=header .right small</arg>
<doc>Returns the given values which can then be assigned to a variables.</doc>
<status status="PASS" start="2024-04-04T10:26:40.225160" elapsed="0.000000"/>
</kw>
<kw name="Wait For Elements State" owner="Browser">
<msg time="2024-04-04T10:26:40.342050" level="INFO">Waited for Element with selector css=header .right small at state visible</msg>
<arg>${element}</arg>
<arg>visible</arg>
<arg>5</arg>
<tag>PageContent</tag>
<tag>Wait</tag>
<doc>Waits for the element found by ``selector`` to satisfy state option.</doc>
<status status="PASS" start="2024-04-04T10:26:40.225160" elapsed="0.116890"/>
</kw>
<kw name="Get Text" owner="Browser">
<msg time="2024-04-04T10:26:40.374535" level="INFO">Text: 'Olá, Jônatas'</msg>
<arg>${element}</arg>
<arg>equal</arg>
<arg>Olá, ${splited_name}[0]</arg>
<tag>Assertion</tag>
<tag>Getter</tag>
<tag>PageContent</tag>
<doc>Returns text attribute of the element found by ``selector``.</doc>
<status status="PASS" start="2024-04-04T10:26:40.342050" elapsed="0.032485"/>
</kw>
<arg>${user}[name]</arg>
<status status="PASS" start="2024-04-04T10:26:40.225160" elapsed="0.150368"/>
</kw>
<arg>${data}[user]</arg>
<status status="PASS" start="2024-04-04T10:26:40.025562" elapsed="0.349966"/>
</kw>
<kw name="Go to task form" owner="Header">
<kw name="Click" owner="Browser">
<arg>css=.button-add</arg>
<tag>PageContent</tag>
<tag>Setter</tag>
<doc>Simulates mouse click on the element found by ``selector``.</doc>
<status status="PASS" start="2024-04-04T10:26:40.375528" elapsed="0.069673"/>
</kw>
<status status="PASS" start="2024-04-04T10:26:40.375528" elapsed="0.069673"/>
</kw>
<kw name="Submit task form" owner="TaskCreatePage">
<kw name="Fill Text" owner="Browser">
<msg time="2024-04-04T10:26:40.449123" level="INFO">Fills the text 'Criar uma nova versão do Ipode' in the given field.</msg>
<arg>css=input[placeholder$=tarefa]</arg>
<arg>${task}[name]</arg>
<tag>PageContent</tag>
<tag>Setter</tag>
<doc>Clears and fills the given ``txt`` into the text field found by ``selector``.</doc>
<status status="PASS" start="2024-04-04T10:26:40.447521" elapsed="0.009744"/>
</kw>
<kw name="Set Variable" owner="BuiltIn">
<msg time="2024-04-04T10:26:40.457265" level="INFO">${task_element} = css=input[name=tags]</msg>
<var>${task_element}</var>
<arg>css=input[name=tags]</arg>
<doc>Returns the given values which can then be assigned to a variables.</doc>
<status status="PASS" start="2024-04-04T10:26:40.457265" elapsed="0.000000"/>
</kw>
<for flavor="IN">
<iter>
<kw name="Fill Text" owner="Browser">
<msg time="2024-04-04T10:26:40.457265" level="INFO">Fills the text 'ios' in the given field.</msg>
<arg>${task_element}</arg>
<arg>${tag}</arg>
<tag>PageContent</tag>
<tag>Setter</tag>
<doc>Clears and fills the given ``txt`` into the text field found by ``selector``.</doc>
<status status="PASS" start="2024-04-04T10:26:40.457265" elapsed="0.024385"/>
</kw>
<kw name="Sleep" owner="BuiltIn">
<msg time="2024-04-04T10:26:41.481820" level="INFO">Slept 1 second.</msg>
<arg>1</arg>
<doc>Pauses the test executed for the given time.</doc>
<status status="PASS" start="2024-04-04T10:26:40.481650" elapsed="1.000170"/>
</kw>
<kw name="Press Keys" owner="Browser">
<arg>${task_element}</arg>
<arg>Enter</arg>
<tag>PageContent</tag>
<tag>Setter</tag>
<doc>Types the given key combination into element found by ``selector``.</doc>
<status status="PASS" start="2024-04-04T10:26:41.481820" elapsed="0.040684"/>
</kw>
<var name="${tag}">ios</var>
<status status="PASS" start="2024-04-04T10:26:40.457265" elapsed="1.065942"/>
</iter>
<iter>
<kw name="Fill Text" owner="Browser">
<msg time="2024-04-04T10:26:41.524728" level="INFO">Fills the text 'music' in the given field.</msg>
<arg>${task_element}</arg>
<arg>${tag}</arg>
<tag>PageContent</tag>
<tag>Setter</tag>
<doc>Clears and fills the given ``txt`` into the text field found by ``selector``.</doc>
<status status="PASS" start="2024-04-04T10:26:41.523832" elapsed="0.020797"/>
</kw>
<kw name="Sleep" owner="BuiltIn">
<msg time="2024-04-04T10:26:42.546070" level="INFO">Slept 1 second.</msg>
<arg>1</arg>
<doc>Pauses the test executed for the given time.</doc>
<status status="PASS" start="2024-04-04T10:26:41.545125" elapsed="1.000945"/>
</kw>
<kw name="Press Keys" owner="Browser">
<arg>${task_element}</arg>
<arg>Enter</arg>
<tag>PageContent</tag>
<tag>Setter</tag>
<doc>Types the given key combination into element found by ``selector``.</doc>
<status status="PASS" start="2024-04-04T10:26:42.546070" elapsed="0.015845"/>
</kw>
<var name="${tag}">music</var>
<status status="PASS" start="2024-04-04T10:26:41.523207" elapsed="1.038708"/>
</iter>
<iter>
<kw name="Fill Text" owner="Browser">
<msg time="2024-04-04T10:26:42.561915" level="INFO">Fills the text 'ipod' in the given field.</msg>
<arg>${task_element}</arg>
<arg>${tag}</arg>
<tag>PageContent</tag>
<tag>Setter</tag>
<doc>Clears and fills the given ``txt`` into the text field found by ``selector``.</doc>
<status status="PASS" start="2024-04-04T10:26:42.561915" elapsed="0.015311"/>
</kw>
<kw name="Sleep" owner="BuiltIn">
<msg time="2024-04-04T10:26:43.578397" level="INFO">Slept 1 second.</msg>
<arg>1</arg>
<doc>Pauses the test executed for the given time.</doc>
<status status="PASS" start="2024-04-04T10:26:42.578230" elapsed="1.000167"/>
</kw>
<kw name="Press Keys" owner="Browser">
<arg>${task_element}</arg>
<arg>Enter</arg>
<tag>PageContent</tag>
<tag>Setter</tag>
<doc>Types the given key combination into element found by ``selector``.</doc>
<status status="PASS" start="2024-04-04T10:26:43.578794" elapsed="0.022264"/>
</kw>
<var name="${tag}">ipod</var>
<status status="PASS" start="2024-04-04T10:26:42.561915" elapsed="1.039682"/>
</iter>
<var>${tag}</var>
<value>@{task}[tags]</value>
<status status="PASS" start="2024-04-04T10:26:40.457265" elapsed="3.144829"/>
</for>
<kw name="Click" owner="Browser">
<arg>css=button &gt;&gt; text=Cadastrar</arg>
<tag>PageContent</tag>
<tag>Setter</tag>
<doc>Simulates mouse click on the element found by ``selector``.</doc>
<status status="PASS" start="2024-04-04T10:26:43.602476" elapsed="0.075330"/>
</kw>
<arg>${data}[task]</arg>
<status status="PASS" start="2024-04-04T10:26:40.446207" elapsed="3.231599"/>
</kw>
<kw name="Task should be registered" owner="TasksPage">
<kw name="Wait For Elements State" owner="Browser">
[...]
<status status="PASS" start="2024-04-04T10:26:56.993639" elapsed="0.096697"/>
</kw>
<kw name="Click" owner="Browser">
<arg>${element}</arg>
<tag>PageContent</tag>
<tag>Setter</tag>
<doc>Simulates mouse click on the element found by ``selector``.</doc>
<status status="PASS" start="2024-04-04T10:26:57.090336" elapsed="0.015823"/>
</kw>
<arg>${data}[task][name]</arg>
<status status="PASS" start="2024-04-04T10:26:56.992639" elapsed="0.113520"/>
</kw>
<kw name="Task should not exist" owner="TasksPage">
<kw name="Wait For Elements State" owner="Browser">
<msg time="2024-04-04T10:26:57.340510" level="INFO">Waited for Element with selector css=.task-todo &gt;&gt; text=Implementar planilhas financeiras at state detached</msg>
<arg>css=.task-todo &gt;&gt; text=${task_name}</arg>
<arg>detached</arg>
<arg>5</arg>
<tag>PageContent</tag>
<tag>Wait</tag>
<doc>Waits for the element found by ``selector`` to satisfy state option.</doc>
<status status="PASS" start="2024-04-04T10:26:57.106159" elapsed="0.234351"/>
</kw>
<arg>${data}[task][name]</arg>
<status status="PASS" start="2024-04-04T10:26:57.106159" elapsed="0.234351"/>
</kw>
<kw name="Take Screenshot" owner="Browser" type="TEARDOWN">
<msg time="2024-04-04T10:26:57.639032" level="INFO" html="true">&lt;/td&gt;&lt;/tr&gt;&lt;tr&gt;&lt;td colspan="3"&gt;&lt;a href="browser/screenshot/robotframework-browser-screenshot-11.png" target="_blank"&gt;&lt;img src="browser/screenshot/robotframework-browser-screenshot-11.png" width="800px"/&gt;&lt;/a&gt;</msg>
<tag>PageContent</tag>
<doc>Takes a screenshot of the current window or element and saves it to disk.</doc>
<status status="PASS" start="2024-04-04T10:26:57.340510" elapsed="0.298722"/>
</kw>
<status status="PASS" start="2024-04-04T10:26:54.708194" elapsed="2.933688"/>
</test>
<doc>Cenários de testes de remoção de tarefas</doc>
<status status="PASS" start="2024-04-04T10:26:54.650077" elapsed="3.174463"/>
</suite>
<suite id="s1-s4-s3" name="Update" source="C:\QAx\projects\mark85-robot-express\tests\tasks\update.robot">
<test id="s1-s4-s3-t1" name="Deve poder marcar uma tarefa como concluída" line="10">
<kw name="Start Session" owner="base" type="SETUP">
<kw name="New Browser" owner="Browser">
<msg time="2024-04-04T10:26:58.175630" level="INFO">Switching browser to browser=89617d96-e64f-43e6-a761-bfd7a92c7d00</msg>
<msg time="2024-04-04T10:26:58.177776" level="INFO">Successfully changed active browser: browser=89617d96-e64f-43e6-a761-bfd7a92c7d00</msg>
<msg time="2024-04-04T10:26:58.177776" level="INFO">Reusing existing browser with id: browser=89617d96-e64f-43e6-a761-bfd7a92c7d00</msg>
<arg>browser=${BROWSER}</arg>
<arg>headless=False</arg>
<tag>BrowserControl</tag>
<tag>Setter</tag>
<doc>Create a new playwright Browser with specified options.</doc>
<status status="PASS" start="2024-04-04T10:26:58.174385" elapsed="0.003391"/>
</kw>
<kw name="New Page" owner="Browser">
<msg time="2024-04-04T10:26:59.736874" level="INFO">Successfully initialized new page object and opened url: http://localhost:3000</msg>
<msg time="2024-04-04T10:26:59.736874" level="INFO">No context was open. New context was automatically opened when this page is created.</msg>
<arg>${URL_BASE}</arg>
<tag>BrowserControl</tag>
<tag>Setter</tag>
<doc>Open a new Page.</doc>
<status status="PASS" start="2024-04-04T10:26:58.177776" elapsed="1.559098"/>
</kw>
<status status="PASS" start="2024-04-04T10:26:58.173643" elapsed="1.563231"/>
</kw>
<kw name="Get fixture" owner="base">
<kw name="Load Json From File" owner="JSONLibrary">
<msg time="2024-04-04T10:26:59.741681" level="INFO">${data} = {'create': {'user': {'name': 'Jônatas Bastos', 'email': 'jonatasbastos@yahoo.com', 'password': 'abcdef'}, 'task': {'name': 'Criar uma nova versão do Ipode', 'tags': ['ios', 'music', 'ipod']}}, 'duplic...</msg>
<var>${data}</var>
<arg>${EXECDIR}/resources/fixtures/${file_name}.Json</arg>
<arg>encoding=utf-8</arg>
<doc>Load JSON from file.</doc>
<status status="PASS" start="2024-04-04T10:26:59.739817" elapsed="0.001864"/>
</kw>
<return>
<value>${data}[${scenario}]</value>
<status status="PASS" start="2024-04-04T10:26:59.741681" elapsed="0.000000"/>
</return>
<msg time="2024-04-04T10:26:59.743088" level="INFO">${data} = {'user': {'name': 'Heleno Cesário de Barros', 'email': 'helenocbarros@hotmail.com', 'password': 'pwd123'}, 'task': {'name': 'Implementar projeto da arquiteta Rafaela', 'tags': ['armário de cozinha', '...</msg>
<var>${data}</var>
<arg>tasks</arg>
<arg>done</arg>
<status status="PASS" start="2024-04-04T10:26:59.737874" elapsed="0.005214"/>
</kw>
<kw name="Reset user from database" owner="base">
<kw name="Remove user from database" owner="databse">
<msg time="2024-04-04T10:26:59.807453" level="INFO">Removing user by helenocbarros@hotmail.com</msg>
<arg>${user}[email]</arg>
<status status="PASS" start="2024-04-04T10:26:59.744086" elapsed="0.063367"/>
</kw>
<kw name="Insert user from database" owner="databse">
<msg time="2024-04-04T10:26:59.895958" level="INFO">{'name': 'Heleno Cesário de Barros', 'email': 'helenocbarros@hotmail.com', 'password': b'$2b$08$QKs6Ad4GMu3Xx3Tp4g5hXeDCjhOaVg487hpHIQKCwQxHKrXOERlTC', '_id': ObjectId('660eaaa341e2ec2a68834612')}</msg>
<arg>${user}</arg>
<status status="PASS" start="2024-04-04T10:26:59.807453" elapsed="0.089045"/>
</kw>
<arg>${data}[user]</arg>
<status status="PASS" start="2024-04-04T10:26:59.743088" elapsed="0.153410"/>
</kw>
<kw name="Create a new task from API" owner="base">
<kw name="POST user session" owner="services">
<kw name="Create Dictionary" owner="BuiltIn">
<msg time="2024-04-04T10:26:59.899726" level="INFO">${payload} = {'email': 'helenocbarros@hotmail.com', 'password': 'pwd123'}</msg>
<var>${payload}</var>
<arg>email=${user}[email]</arg>
<arg>password=${user}[password]</arg>
<doc>Creates and returns a dictionary based on the given ``items``.</doc>
<status status="PASS" start="2024-04-04T10:26:59.899726" elapsed="0.000997"/>
</kw>
<kw name="POST" owner="RequestsLibrary">
<msg time="2024-04-04T10:27:00.040058" level="INFO">POST Request : url=http://localhost:3333/sessions 
 path_url=/sessions 
 headers={'User-Agent': 'python-requests/2.31.0', 'Accept-Encoding': 'gzip, deflate', 'Accept': '*/*', 'Connection': 'keep-alive', 'Content-Length': '60', 'Content-Type': 'application/json'} 
 body=b'{"email": "helenocbarros@hotmail.com", "password": "pwd123"}' 
 </msg>
<msg time="2024-04-04T10:27:00.040554" level="INFO">POST Response : url=http://localhost:3333/sessions 
 status=200, reason=OK 
 headers={'X-Powered-By': 'Express', 'Access-Control-Allow-Origin': '*', 'Content-Type': 'application/json; charset=utf-8', 'Content-Length': '638', 'ETag': 'W/"27e-Uj8Dr0b0foGvWQhckDauzBCzxYg"', 'Date': 'Thu, 04 Apr 2024 13:27:00 GMT', 'Connection': 'keep-alive', 'Keep-Alive': 'timeout=5'} 
 body={"user":{"_id":"660eaaa341e2ec2a68834612","name":"Heleno Cesário de Barros","email":"helenocbarros@hotmail.com","password":"$2b$08$QKs6Ad4GMu3Xx3Tp4g5hXeDCjhOaVg487hpHIQKCwQxHKrXOERlTC"},"token":"eyJhbGciOiJIUzI1NiIsInR5cCI6IkpXVCJ9.eyJpZCI6IjY2MGVhYWEzNDFlMmVjMmE2ODgzNDYxMiIsInVzZXIiOnsiX2lkIjoiNjYwZWFhYTM0MWUyZWMyYTY4ODM0NjEyIiwibmFtZSI6IkhlbGVubyBDZXPDoXJpbyBkZSBCYXJyb3MiLCJlbWFpbCI6ImhlbGVub2NiYXJyb3NAaG90bWFpbC5jb20iLCJwYXNzd29yZCI6IiQyYiQwOCRRS3M2QWQ0R011M1h4M1RwNGc1aFhlRENqaE9hVmc0ODdocEhJUUtDd1F4SEtyWE9FUmxUQyJ9LCJpYXQiOjE3MTIyMzcyMjAsImV4cCI6MTcxMzEwMTIyMH0.QAQBpv7y5nq7OSwRHOo2nhtpzKEjrs1rpC2ZGhBZieU","expires_in":"10d"} 
 </msg>
<msg time="2024-04-04T10:27:00.043166" level="INFO">${resp} = &lt;Response [200]&gt;</msg>
<var>${resp}</var>
<arg>url=http://localhost:3333/sessions</arg>
<arg>json=${payload}</arg>
<arg>expected_status=200</arg>
<doc>Sends a POST request.</doc>
<status status="PASS" start="2024-04-04T10:26:59.900723" elapsed="0.142717"/>
</kw>
<kw name="Set Variable" owner="BuiltIn">
<msg time="2024-04-04T10:27:00.044832" level="INFO">${token} = eyJhbGciOiJIUzI1NiIsInR5cCI6IkpXVCJ9.eyJpZCI6IjY2MGVhYWEzNDFlMmVjMmE2ODgzNDYxMiIsInVzZXIiOnsiX2lkIjoiNjYwZWFhYTM0MWUyZWMyYTY4ODM0NjEyIiwibmFtZSI6IkhlbGVubyBDZXPDoXJpbyBkZSBCYXJyb3MiLCJlbWFpbCI6ImhlbGV...</msg>
<var>${token}</var>
<arg>${resp.json()}[token]</arg>
<doc>Returns the given values which can then be assigned to a variables.</doc>
<status status="PASS" start="2024-04-04T10:27:00.043440" elapsed="0.001392"/>
</kw>
<kw name="Set Test Variable" owner="BuiltIn">
<msg time="2024-04-04T10:27:00.045829" level="INFO">${token} = eyJhbGciOiJIUzI1NiIsInR5cCI6IkpXVCJ9.eyJpZCI6IjY2MGVhYWEzNDFlMmVjMmE2ODgzNDYxMiIsInVzZXIiOnsiX2lkIjoiNjYwZWFhYTM0MWUyZWMyYTY4ODM0NjEyIiwibmFtZSI6IkhlbGVubyBDZXPDoXJpbyBkZSBCYXJyb3MiLCJlbWFpbCI6ImhlbGV...</msg>
<arg>${token}</arg>
<doc>Makes a variable available everywhere within the scope of the current test.</doc>
<status status="PASS" start="2024-04-04T10:27:00.044832" elapsed="0.000997"/>
</kw>
<arg>${data}[user]</arg>
<status status="PASS" start="2024-04-04T10:26:59.898729" elapsed="0.147100"/>
</kw>
<kw name="POST a new task" owner="services">
<kw name="Create Dictionary" owner="BuiltIn">
<msg time="2024-04-04T10:27:00.046929" level="INFO">${headers} = {'Authorization': 'eyJhbGciOiJIUzI1NiIsInR5cCI6IkpXVCJ9.eyJpZCI6IjY2MGVhYWEzNDFlMmVjMmE2ODgzNDYxMiIsInVzZXIiOnsiX2lkIjoiNjYwZWFhYTM0MWUyZWMyYTY4ODM0NjEyIiwibmFtZSI6IkhlbGVubyBDZXPDoXJpbyBkZSBCYXJyb3Mi...</msg>
<var>${headers}</var>
<arg>Authorization=${token}</arg>
<doc>Creates and returns a dictionary based on the given ``items``.</doc>
<status status="PASS" start="2024-04-04T10:27:00.046929" elapsed="0.000000"/>
</kw>
<kw name="POST" owner="RequestsLibrary">
<msg time="2024-04-04T10:27:00.208409" level="INFO">POST Request : url=http://localhost:3333/tasks 
 path_url=/tasks 
 headers={'User-Agent': 'python-requests/2.31.0', 'Accept-Encoding': 'gzip, deflate', 'Accept': '*/*', 'Connection': 'keep-alive', 'Authorization': 'eyJhbGciOiJIUzI1NiIsInR5cCI6IkpXVCJ9.eyJpZCI6IjY2MGVhYWEzNDFlMmVjMmE2ODgzNDYxMiIsInVzZXIiOnsiX2lkIjoiNjYwZWFhYTM0MWUyZWMyYTY4ODM0NjEyIiwibmFtZSI6IkhlbGVubyBDZXPDoXJpbyBkZSBCYXJyb3MiLCJlbWFpbCI6ImhlbGVub2NiYXJyb3NAaG90bWFpbC5jb20iLCJwYXNzd29yZCI6IiQyYiQwOCRRS3M2QWQ0R011M1h4M1RwNGc1aFhlRENqaE9hVmc0ODdocEhJUUtDd1F4SEtyWE9FUmxUQyJ9LCJpYXQiOjE3MTIyMzcyMjAsImV4cCI6MTcxMzEwMTIyMH0.QAQBpv7y5nq7OSwRHOo2nhtpzKEjrs1rpC2ZGhBZieU', 'Content-Length': '122', 'Content-Type': 'application/json'} 
 body=b'{"name": "Implementar projeto da arquiteta Rafaela", "tags": ["arm\\u00e1rio de cozinha", "guarda roupas", "mesa de sala"]}' 
 </msg>
<msg time="2024-04-04T10:27:00.208409" level="INFO">POST Response : url=http://localhost:3333/tasks 
 status=201, reason=Created 
 headers={'X-Powered-By': 'Express', 'Access-Control-Allow-Origin': '*', 'Content-Type': 'application/json; charset=utf-8', 'Content-Length': '196', 'ETag': 'W/"c4-jd5kvu6QKxz+4D1RT3lDuMH5g/o"', 'Date': 'Thu, 04 Apr 2024 13:27:00 GMT', 'Connection': 'keep-alive', 'Keep-Alive': 'timeout=5'} 
 body={"name":"Implementar projeto da arquiteta Rafaela","is_done":false,"tags":["armário de cozinha","guarda roupas","mesa de sala"],"user":"660eaaa341e2ec2a68834612","_id":"660eaaa4626fa9aaf8434da9"} 
 </msg>
<arg>url=http://localhost:3333/tasks</arg>
<arg>json=${payload}</arg>
<arg>headers=${headers}</arg>
<arg>expected_status=201</arg>
<doc>Sends a POST request.</doc>
<status status="PASS" start="2024-04-04T10:27:00.047636" elapsed="0.161335"/>
</kw>
<arg>${data}[task]</arg>
<status status="PASS" start="2024-04-04T10:27:00.045829" elapsed="0.163142"/>
</kw>
<arg>${data}</arg>
<status status="PASS" start="2024-04-04T10:26:59.897570" elapsed="0.311401"/>
</kw>
<kw name="Do login" owner="base">
<kw name="Submit login form" owner="LoginPage">
<kw name="Fill Text" owner="Browser">
<msg time="2024-04-04T10:27:00.210214" level="INFO">Fills the text 'helenocbarros@hotmail.com' in the given field.</msg>
<arg>css=input[placeholder="E-mail"]</arg>
<arg>${user}[email]</arg>
<tag>PageContent</tag>
<tag>Setter</tag>
<doc>Clears and fills the given ``txt`` into the text field found by ``selector``.</doc>
<status status="PASS" start="2024-04-04T10:27:00.210214" elapsed="0.118655"/>
</kw>
<kw name="Fill Text" owner="Browser">
<msg time="2024-04-04T10:27:00.330641" level="INFO">Fills the text 'pwd123' in the given field.</msg>
<arg>css=input[placeholder=Senha]</arg>
<arg>${user}[password]</arg>
<tag>PageContent</tag>
<tag>Setter</tag>
<doc>Clears and fills the given ``txt`` into the text field found by ``selector``.</doc>
<status status="PASS" start="2024-04-04T10:27:00.329953" elapsed="0.029420"/>
</kw>
<kw name="Click" owner="Browser">
<arg>css=button &gt;&gt; text=Entrar</arg>
<tag>PageContent</tag>
<tag>Setter</tag>
<doc>Simulates mouse click on the element found by ``selector``.</doc>
<status status="PASS" start="2024-04-04T10:27:00.359373" elapsed="0.080645"/>
</kw>
<arg>${user}</arg>
<status status="PASS" start="2024-04-04T10:27:00.210214" elapsed="0.229804"/>
</kw>
<kw name="User should be logged in" owner="Header">
<kw name="Split String" owner="String">
<msg time="2024-04-04T10:27:00.441008" level="INFO">@{splited_name} = [ Heleno | Cesário | de | Barros ]</msg>
<var>@{splited_name}</var>
<arg>${name}</arg>
<doc>Splits the ``string`` using ``separator`` as a delimiter string.</doc>
<status status="PASS" start="2024-04-04T10:27:00.441008" elapsed="0.000000"/>
</kw>
<kw name="Set Variable" owner="BuiltIn">
<msg time="2024-04-04T10:27:00.442010" level="INFO">${element} = css=header .right small</msg>
<var>${element}</var>
<arg>css=header .right small</arg>
<doc>Returns the given values which can then be assigned to a variables.</doc>
<status status="PASS" start="2024-04-04T10:27:00.441008" elapsed="0.001002"/>
</kw>
<kw name="Wait For Elements State" owner="Browser">
<msg time="2024-04-04T10:27:00.645677" level="INFO">Waited for Element with selector css=header .right small at state visible</msg>
<arg>${element}</arg>
<arg>visible</arg>
<arg>5</arg>
<tag>PageContent</tag>
<tag>Wait</tag>
<doc>Waits for the element found by ``selector`` to satisfy state option.</doc>
<status status="PASS" start="2024-04-04T10:27:00.442010" elapsed="0.203667"/>
</kw>
<kw name="Get Text" owner="Browser">
<msg time="2024-04-04T10:27:00.703255" level="INFO">Text: 'Olá, Heleno'</msg>
<arg>${element}</arg>
<arg>equal</arg>
<arg>Olá, ${splited_name}[0]</arg>
<tag>Assertion</tag>
<tag>Getter</tag>
<tag>PageContent</tag>
<doc>Returns text attribute of the element found by ``selector``.</doc>
<status status="PASS" start="2024-04-04T10:27:00.646173" elapsed="0.057740"/>
</kw>
<arg>${user}[name]</arg>
<status status="PASS" start="2024-04-04T10:27:00.441008" elapsed="0.262905"/>
</kw>
<arg>${data}[user]</arg>
<status status="PASS" start="2024-04-04T10:27:00.209711" elapsed="0.494202"/>
</kw>
<kw name="Mark task as completed" owner="TasksPage">
<kw name="Set Variable" owner="BuiltIn">
<msg time="2024-04-04T10:27:00.716976" level="INFO">${element} = xpath=//strong[text()="Implementar projeto da arquiteta Rafaela"]/..//button[@class="item-toggle"]</msg>
<var>${element}</var>
<arg>xpath=//strong[text()="${task_name}"]/..//button[@class="item-toggle"]</arg>
<doc>Returns the given values which can then be assigned to a variables.</doc>
<status status="PASS" start="2024-04-04T10:27:00.715973" elapsed="0.001050"/>
</kw>
<kw name="Wait For Elements State" owner="Browser">
<msg time="2024-04-04T10:27:00.738958" level="INFO">Waited for Element with selector xpath=//strong[text()="Implementar projeto da arquiteta Rafaela"]/..//button[@class="item-toggle"] at state visible</msg>
<arg>${element}</arg>
<arg>visible</arg>
<arg>5</arg>
<tag>PageContent</tag>
<tag>Wait</tag>
<doc>Waits for the element found by ``selector`` to satisfy state option.</doc>
<status status="PASS" start="2024-04-04T10:27:00.717023" elapsed="0.022433"/>
</kw>
<kw name="Click" owner="Browser">
<arg>${element}</arg>
<tag>PageContent</tag>
<tag>Setter</tag>
<doc>Simulates mouse click on the element found by ``selector``.</doc>
<status status="PASS" start="2024-04-04T10:27:00.740445" elapsed="0.053550"/>
</kw>
<arg>${data}[task][name]</arg>
<status status="PASS" start="2024-04-04T10:27:00.714808" elapsed="0.079464"/>
</kw>
<kw name="Task should be complete" owner="TasksPage">
<kw name="Set Variable" owner="BuiltIn">
<msg time="2024-04-04T10:27:00.799127" level="INFO">${element} = css=.task-done &gt;&gt; text=Implementar projeto da arquiteta Rafaela</msg>
<var>${element}</var>
<arg>css=.task-done &gt;&gt; text=${task_name}</arg>
<doc>Returns the given values which can then be assigned to a variables.</doc>
<status status="PASS" start="2024-04-04T10:27:00.798630" elapsed="0.000497"/>
</kw>
<kw name="Wait For Elements State" owner="Browser">
<msg time="2024-04-04T10:27:01.141748" level="INFO">Waited for Element with selector css=.task-done &gt;&gt; text=Implementar projeto da arquiteta Rafaela at state visible</msg>
<arg>${element}</arg>
<arg>visible</arg>
<arg>5</arg>
<tag>PageContent</tag>
<tag>Wait</tag>
<doc>Waits for the element found by ``selector`` to satisfy state option.</doc>
<status status="PASS" start="2024-04-04T10:27:00.799624" elapsed="0.342124"/>
</kw>
<kw name="Get Style" owner="Browser">
<msg time="2024-04-04T10:27:01.157961" level="INFO">Value of key: text-decoration-line</msg>
<msg time="2024-04-04T10:27:01.157961" level="INFO">Value of selected property: line-through</msg>
<arg>${element}</arg>
<arg>text-decoration-line</arg>
<arg>equal</arg>
<arg>line-through</arg>
<tag>Assertion</tag>
<tag>Getter</tag>
<tag>PageContent</tag>
<doc>Gets the computed style properties of the element selected by ``selector``.</doc>
<status status="PASS" start="2024-04-04T10:27:01.141748" elapsed="0.016213"/>
</kw>
<arg>${data}[task][name]</arg>
<status status="PASS" start="2024-04-04T10:27:00.797141" elapsed="0.360820"/>
</kw>
<kw name="Take Screenshot" owner="Browser" type="TEARDOWN">
<msg time="2024-04-04T10:27:01.442425" level="INFO" html="true">&lt;/td&gt;&lt;/tr&gt;&lt;tr&gt;&lt;td colspan="3"&gt;&lt;a href="browser/screenshot/robotframework-browser-screenshot-12.png" target="_blank"&gt;&lt;img src="browser/screenshot/robotframework-browser-screenshot-12.png" width="800px"/&gt;&lt;/a&gt;</msg>
<tag>PageContent</tag>
<doc>Takes a screenshot of the current window or element and saves it to disk.</doc>
<status status="PASS" start="2024-04-04T10:27:01.157961" elapsed="0.284464"/>
</kw>
<status status="PASS" start="2024-04-04T10:26:58.169008" elapsed="3.287136"/>
</test>
<doc>Cenários de testes de atualização de tarefas</doc>
<status status="PASS" start="2024-04-04T10:26:58.015474" elapsed="3.513494"/>
</suite>
<status status="PASS" start="2024-04-04T10:26:38.332100" elapsed="23.204831"/>
</suite>
<status status="PASS" start="2024-04-04T10:26:08.771946" elapsed="52.766671"/>
</suite>
<statistics>
<total>
<stat pass="13" fail="0" skip="0">All Tests</stat>
</total>
<tag>
<stat pass="2" fail="0" skip="0">dup</stat>
<stat pass="1" fail="0" skip="0">env_email</stat>
<stat pass="1" fail="0" skip="0">required</stat>
<stat pass="1" fail="0" skip="0">tags_limit</stat>
<stat pass="1" fail="0" skip="0">temp</stat>
</tag>
<suite>
<stat pass="13" fail="0" skip="0" id="s1" name="Tests">Tests</stat>
<stat pass="2" fail="0" skip="0" id="s1-s1" name="Login">Tests.Login</stat>
<stat pass="1" fail="0" skip="0" id="s1-s2" name="Online">Tests.Online</stat>
<stat pass="5" fail="0" skip="0" id="s1-s3" name="Signup">Tests.Signup</stat>
<stat pass="5" fail="0" skip="0" id="s1-s4" name="Tasks">Tests.Tasks</stat>
<stat pass="3" fail="0" skip="0" id="s1-s4-s1" name="Create">Tests.Tasks.Create</stat>
<stat pass="1" fail="0" skip="0" id="s1-s4-s2" name="Delete">Tests.Tasks.Delete</stat>
<stat pass="1" fail="0" skip="0" id="s1-s4-s3" name="Update">Tests.Tasks.Update</stat>
</suite>
</statistics>
<errors>
<msg time="2024-04-04T10:26:08.822848" level="WARN">Error in file 'C:\QAx\projects\mark85-robot-express\resources\base.resource' on line 28: The '[Return]' setting is deprecated. Use the 'RETURN' statement instead.</msg>
</errors>
</robot>
