<?xml version="1.0" encoding="UTF-8"?>
<robot generator="Robot 7.0 (Python 3.11.3 on win32)" generated="2024-03-19T10:57:07.693834" rpa="false" schemaversion="5">
<suite id="s1" name="Create" source="C:\QAx\projects\mark85-robot-express\tests\tasks\create.robot">
<test id="s1-t1" name="Deve poder cadastrar uma nova tarefa" line="9">
<kw name="Start Session" owner="base" type="SETUP">
<kw name="New Browser" owner="Browser">
<msg time="2024-03-19T10:57:09.745717" level="INFO">{"browser": "chromium", "headless": false, "chromiumSandbox": false, "devtools": false, "handleSIGHUP": true, "handleSIGINT": true, "handleSIGTERM": true, "slowMo": 0.0, "timeout": 30000.0, "tracesDir": "C:\\QAx\\projects\\mark85-robot-express\\logs\\browser\\traces\\52a7ab03-38c1-41db-aa4c-1c6060204a23"}</msg>
<msg time="2024-03-19T10:57:10.942200" level="INFO">Successfully created browser with options: {"browser":"chromium","headless":false,"chromiumSandbox":false,"devtools":false,"handleSIGHUP":true,"handleSIGINT":true,"handleSIGTERM":true,"slowMo":0,"timeout":30000,"tracesDir":"C:\\QAx\\projects\\mark85-robot-express\\logs\\browser\\traces\\52a7ab03-38c1-41db-aa4c-1c6060204a23"}</msg>
<arg>browser=chromium</arg>
<arg>headless=False</arg>
<tag>BrowserControl</tag>
<tag>Setter</tag>
<doc>Create a new playwright Browser with specified options.</doc>
<status status="PASS" start="2024-03-19T10:57:09.745717" elapsed="1.196567"/>
</kw>
<kw name="New Page" owner="Browser">
<msg time="2024-03-19T10:57:12.939913" level="INFO">Successfully initialized new page object and opened url: http://localhost:3000</msg>
<msg time="2024-03-19T10:57:12.939913" level="INFO">No context was open. New context was automatically opened when this page is created.</msg>
<arg>${URL_BASE}</arg>
<tag>BrowserControl</tag>
<tag>Setter</tag>
<doc>Open a new Page.</doc>
<status status="PASS" start="2024-03-19T10:57:10.942576" elapsed="1.997337"/>
</kw>
<status status="PASS" start="2024-03-19T10:57:09.745717" elapsed="3.194196"/>
</kw>
<kw name="Get fixture" owner="base">
<kw name="Load Json From File" owner="JSONLibrary">
<msg time="2024-03-19T10:57:12.943900" level="INFO">${data} = {'create': {'user': {'name': 'Jônatas Bastos', 'email': 'jonatasbastos@yahoo.com', 'password': 'abcdef'}, 'task': {'name': 'Criar uma nova versão do Ipode', 'tags': ['ios', 'music', 'ipod']}}}</msg>
<var>${data}</var>
<arg>${EXECDIR}/resources/fixtures/${file_name}.Json</arg>
<arg>encoding=utf-8</arg>
<doc>Load JSON from file.</doc>
<status status="PASS" start="2024-03-19T10:57:12.941942" elapsed="0.001958"/>
</kw>
<return>
<value>${data}[${scenario}]</value>
<status status="PASS" start="2024-03-19T10:57:12.943900" elapsed="0.000996"/>
</return>
<msg time="2024-03-19T10:57:12.945158" level="INFO">${data} = {'user': {'name': 'Jônatas Bastos', 'email': 'jonatasbastos@yahoo.com', 'password': 'abcdef'}, 'task': {'name': 'Criar uma nova versão do Ipode', 'tags': ['ios', 'music', 'ipod']}}</msg>
<var>${data}</var>
<arg>tasks</arg>
<arg>create</arg>
<status status="PASS" start="2024-03-19T10:57:12.940910" elapsed="0.004248"/>
</kw>
<kw name="Clean user from database" owner="databse">
<arg>${data}[user][email]</arg>
<status status="PASS" start="2024-03-19T10:57:12.946152" elapsed="0.515872"/>
</kw>
<kw name="Insert user from database" owner="databse">
<msg time="2024-03-19T10:57:13.563146" level="INFO">{'name': 'Jônatas Bastos', 'email': 'jonatasbastos@yahoo.com', 'password': b'$2b$08$HmF8e8nI47hjOSrv2aYk5uSZzdEAYCzx3cq.9dzXgSghhcK9zhCmK', '_id': ObjectId('65f999b91f524020749111e0')}</msg>
<arg>${data}[user]</arg>
<status status="PASS" start="2024-03-19T10:57:13.476899" elapsed="0.086247"/>
</kw>
<kw name="Submit login form" owner="LoginPage">
<kw name="Fill Text" owner="Browser">
<msg time="2024-03-19T10:57:13.563146" level="INFO">Fills the text 'jonatasbastos@yahoo.com' in the given field.</msg>
<arg>css=input[placeholder="E-mail"]</arg>
<arg>${user}[email]</arg>
<tag>PageContent</tag>
<tag>Setter</tag>
<doc>Clears and fills the given ``txt`` into the text field found by ``selector``.</doc>
<status status="PASS" start="2024-03-19T10:57:13.563146" elapsed="0.078853"/>
</kw>
<kw name="Fill Text" owner="Browser">
<msg time="2024-03-19T10:57:13.641999" level="INFO">Fills the text 'abcdef' in the given field.</msg>
<arg>css=input[placeholder=Senha]</arg>
<arg>${user}[password]</arg>
<tag>PageContent</tag>
<tag>Setter</tag>
<doc>Clears and fills the given ``txt`` into the text field found by ``selector``.</doc>
<status status="PASS" start="2024-03-19T10:57:13.641999" elapsed="0.029734"/>
</kw>
<kw name="Click" owner="Browser">
<arg>css=button &gt;&gt; text=Entrar</arg>
<tag>PageContent</tag>
<tag>Setter</tag>
<doc>Simulates mouse click on the element found by ``selector``.</doc>
<status status="PASS" start="2024-03-19T10:57:13.671733" elapsed="0.105107"/>
</kw>
<arg>${data}[user]</arg>
<status status="PASS" start="2024-03-19T10:57:13.563146" elapsed="0.213694"/>
</kw>
<kw name="User should be logged in" owner="Header">
<kw name="Split String" owner="String">
<msg time="2024-03-19T10:57:13.778943" level="INFO">@{splited_name} = [ Jônatas | Bastos ]</msg>
<var>@{splited_name}</var>
<arg>${name}</arg>
<doc>Splits the ``string`` using ``separator`` as a delimiter string.</doc>
<status status="PASS" start="2024-03-19T10:57:13.778943" elapsed="0.000000"/>
</kw>
<kw name="Set Variable" owner="BuiltIn">
<msg time="2024-03-19T10:57:13.778943" level="INFO">${element} = css=header .right small</msg>
<var>${element}</var>
<arg>css=header .right small</arg>
<doc>Returns the given values which can then be assigned to a variables.</doc>
<status status="PASS" start="2024-03-19T10:57:13.778943" elapsed="0.000000"/>
</kw>
<kw name="Wait For Elements State" owner="Browser">
<msg time="2024-03-19T10:57:13.893097" level="INFO">Waited for Element with selector css=header .right small at state visible</msg>
<arg>${element}</arg>
<arg>visible</arg>
<arg>5</arg>
<tag>PageContent</tag>
<tag>Wait</tag>
<doc>Waits for the element found by ``selector`` to satisfy state option.</doc>
<status status="PASS" start="2024-03-19T10:57:13.778943" elapsed="0.114154"/>
</kw>
<kw name="Get Text" owner="Browser">
<msg time="2024-03-19T10:57:13.935977" level="INFO">Text: 'Olá, Jônatas'</msg>
<arg>${element}</arg>
<arg>equal</arg>
<arg>Olá, ${splited_name}[0]</arg>
<tag>Assertion</tag>
<tag>Getter</tag>
<tag>PageContent</tag>
<doc>Returns text attribute of the element found by ``selector``.</doc>
<status status="PASS" start="2024-03-19T10:57:13.893097" elapsed="0.042880"/>
</kw>
<arg>${data}[user][name]</arg>
<status status="PASS" start="2024-03-19T10:57:13.776840" elapsed="0.159137"/>
</kw>
<kw name="Go to task form" owner="Header">
<kw name="Click" owner="Browser">
<arg>css=.button-add</arg>
<tag>PageContent</tag>
<tag>Setter</tag>
<doc>Simulates mouse click on the element found by ``selector``.</doc>
<status status="PASS" start="2024-03-19T10:57:13.936975" elapsed="0.058741"/>
</kw>
<status status="PASS" start="2024-03-19T10:57:13.936975" elapsed="0.058741"/>
</kw>
<kw name="Submit task form" owner="TaskCreatePage">
<kw name="Fill Text" owner="Browser">
<msg time="2024-03-19T10:57:13.999428" level="INFO">Fills the text 'Criar uma nova versão do Ipode' in the given field.</msg>
<arg>css=input[placeholder$=tarefa]</arg>
<arg>${task}[name]</arg>
<tag>PageContent</tag>
<tag>Setter</tag>
<doc>Clears and fills the given ``txt`` into the text field found by ``selector``.</doc>
<status status="PASS" start="2024-03-19T10:57:13.997423" elapsed="0.022663"/>
</kw>
<kw name="Set Variable" owner="BuiltIn">
<msg time="2024-03-19T10:57:14.021085" level="INFO">${task_element} = css=input[name=tags]</msg>
<var>${task_element}</var>
<arg>css=input[name=tags]</arg>
<doc>Returns the given values which can then be assigned to a variables.</doc>
<status status="PASS" start="2024-03-19T10:57:14.021085" elapsed="0.000000"/>
</kw>
<for flavor="IN">
<iter>
<kw name="Fill Text" owner="Browser">
<msg time="2024-03-19T10:57:14.021679" level="INFO">Fills the text 'ios' in the given field.</msg>
<arg>${task_element}</arg>
<arg>${tag}</arg>
<tag>PageContent</tag>
<tag>Setter</tag>
<doc>Clears and fills the given ``txt`` into the text field found by ``selector``.</doc>
<status status="PASS" start="2024-03-19T10:57:14.021679" elapsed="0.017492"/>
</kw>
<kw name="Sleep" owner="BuiltIn">
<msg time="2024-03-19T10:57:15.040525" level="INFO">Slept 1 second.</msg>
<arg>1</arg>
<doc>Pauses the test executed for the given time.</doc>
<status status="PASS" start="2024-03-19T10:57:14.040176" elapsed="1.000349"/>
</kw>
<kw name="Press Keys" owner="Browser">
<arg>${task_element}</arg>
<arg>Enter</arg>
<tag>PageContent</tag>
<tag>Setter</tag>
<doc>Types the given key combination into element found by ``selector``.</doc>
<status status="PASS" start="2024-03-19T10:57:15.040525" elapsed="0.036636"/>
</kw>
<var name="${tag}">ios</var>
<status status="PASS" start="2024-03-19T10:57:14.021679" elapsed="1.055482"/>
</iter>
<iter>
<kw name="Fill Text" owner="Browser">
<msg time="2024-03-19T10:57:15.077161" level="INFO">Fills the text 'music' in the given field.</msg>
<arg>${task_element}</arg>
<arg>${tag}</arg>
<tag>PageContent</tag>
<tag>Setter</tag>
<doc>Clears and fills the given ``txt`` into the text field found by ``selector``.</doc>
<status status="PASS" start="2024-03-19T10:57:15.077161" elapsed="0.020304"/>
</kw>
<kw name="Sleep" owner="BuiltIn">
<msg time="2024-03-19T10:57:16.097567" level="INFO">Slept 1 second.</msg>
<arg>1</arg>
<doc>Pauses the test executed for the given time.</doc>
<status status="PASS" start="2024-03-19T10:57:15.097465" elapsed="1.000102"/>
</kw>
<kw name="Press Keys" owner="Browser">
<arg>${task_element}</arg>
<arg>Enter</arg>
<tag>PageContent</tag>
<tag>Setter</tag>
<doc>Types the given key combination into element found by ``selector``.</doc>
<status status="PASS" start="2024-03-19T10:57:16.097567" elapsed="0.017740"/>
</kw>
<var name="${tag}">music</var>
<status status="PASS" start="2024-03-19T10:57:15.077161" elapsed="1.038146"/>
</iter>
<iter>
<kw name="Fill Text" owner="Browser">
<msg time="2024-03-19T10:57:16.115307" level="INFO">Fills the text 'ipod' in the given field.</msg>
<arg>${task_element}</arg>
<arg>${tag}</arg>
<tag>PageContent</tag>
<tag>Setter</tag>
<doc>Clears and fills the given ``txt`` into the text field found by ``selector``.</doc>
<status status="PASS" start="2024-03-19T10:57:16.115307" elapsed="0.019467"/>
</kw>
<kw name="Sleep" owner="BuiltIn">
<msg time="2024-03-19T10:57:17.135006" level="INFO">Slept 1 second.</msg>
<arg>1</arg>
<doc>Pauses the test executed for the given time.</doc>
<status status="PASS" start="2024-03-19T10:57:16.134774" elapsed="1.000232"/>
</kw>
<kw name="Press Keys" owner="Browser">
<arg>${task_element}</arg>
<arg>Enter</arg>
<tag>PageContent</tag>
<tag>Setter</tag>
<doc>Types the given key combination into element found by ``selector``.</doc>
<status status="PASS" start="2024-03-19T10:57:17.135006" elapsed="0.020206"/>
</kw>
<var name="${tag}">ipod</var>
<status status="PASS" start="2024-03-19T10:57:16.115307" elapsed="1.039905"/>
</iter>
<var>${tag}</var>
<value>@{task}[tags]</value>
<status status="PASS" start="2024-03-19T10:57:14.021557" elapsed="3.133655"/>
</for>
<kw name="Click" owner="Browser">
<arg>css=button &gt;&gt; text=Cadastrar</arg>
<tag>PageContent</tag>
<tag>Setter</tag>
<doc>Simulates mouse click on the element found by ``selector``.</doc>
<status status="PASS" start="2024-03-19T10:57:17.156209" elapsed="0.033403"/>
</kw>
<arg>${data}[task]</arg>
<status status="PASS" start="2024-03-19T10:57:13.996926" elapsed="3.192686"/>
</kw>
<kw name="Task should be registered" owner="TasksPage">
<kw name="Wait For Elements State" owner="Browser">
<msg time="2024-03-19T10:57:17.421854" level="INFO">Waited for Element with selector css=.task-todo &gt;&gt; text=Criar uma nova versão do Ipode at state visible</msg>
<arg>css=.task-todo &gt;&gt; text=${task_name}</arg>
<arg>visible</arg>
<arg>5</arg>
<tag>PageContent</tag>
<tag>Wait</tag>
<doc>Waits for the element found by ``selector`` to satisfy state option.</doc>
<status status="PASS" start="2024-03-19T10:57:17.189612" elapsed="0.232242"/>
</kw>
<arg>${data}[task][name]</arg>
<status status="PASS" start="2024-03-19T10:57:17.189612" elapsed="0.232242"/>
</kw>
<kw name="Take Screenshot" owner="Browser" type="TEARDOWN">
<msg time="2024-03-19T10:57:17.642534" level="INFO" html="true">&lt;/td&gt;&lt;/tr&gt;&lt;tr&gt;&lt;td colspan="3"&gt;&lt;a href="browser/screenshot/robotframework-browser-screenshot-1.png" target="_blank"&gt;&lt;img src="browser/screenshot/robotframework-browser-screenshot-1.png" width="800px"/&gt;&lt;/a&gt;</msg>
<tag>PageContent</tag>
<doc>Takes a screenshot of the current window or element and saves it to disk.</doc>
<status status="PASS" start="2024-03-19T10:57:17.421854" elapsed="0.221671"/>
</kw>
<status status="PASS" start="2024-03-19T10:57:09.745717" elapsed="7.897808"/>
</test>
<doc>Cenários de cadastro de tarefa</doc>
<status status="PASS" start="2024-03-19T10:57:07.693834" elapsed="10.037010"/>
</suite>
<statistics>
<total>
<stat pass="1" fail="0" skip="0">All Tests</stat>
</total>
<tag>
</tag>
<suite>
<stat pass="1" fail="0" skip="0" id="s1" name="Create">Create</stat>
</suite>
</statistics>
<errors>
<msg time="2024-03-19T10:57:07.725080" level="WARN">Error in file 'C:\QAx\projects\mark85-robot-express\resources\base.resource' on line 27: The '[Return]' setting is deprecated. Use the 'RETURN' statement instead.</msg>
</errors>
</robot>
