<?xml version="1.0" encoding="UTF-8"?>
<robot generator="Robot 7.0 (Python 3.11.3 on win32)" generated="2024-03-14T17:59:46.056587" rpa="false" schemaversion="5">
<suite id="s1" name="Signup" source="C:\QAx\projects\mark85-robot-express\tests\signup.robot">
<test id="s1-t1" name="Deve poder cadastrar novo usuário" line="10">
<kw name="Start Session" owner="base" type="SETUP">
<kw name="New Browser" owner="Browser">
<msg time="2024-03-14T17:59:47.271772" level="INFO">{"browser": "chromium", "headless": false, "chromiumSandbox": false, "devtools": false, "handleSIGHUP": true, "handleSIGINT": true, "handleSIGTERM": true, "slowMo": 0.0, "timeout": 30000.0, "tracesDir": "C:\\QAx\\projects\\mark85-robot-express\\logs\\browser\\traces\\d4b2ad73-8f70-473d-855b-d5a17ffe6483"}</msg>
<msg time="2024-03-14T17:59:47.892563" level="INFO">Successfully created browser with options: {"browser":"chromium","headless":false,"chromiumSandbox":false,"devtools":false,"handleSIGHUP":true,"handleSIGINT":true,"handleSIGTERM":true,"slowMo":0,"timeout":30000,"tracesDir":"C:\\QAx\\projects\\mark85-robot-express\\logs\\browser\\traces\\d4b2ad73-8f70-473d-855b-d5a17ffe6483"}</msg>
<arg>browser=chromium</arg>
<arg>headless=False</arg>
<tag>BrowserControl</tag>
<tag>Setter</tag>
<doc>Create a new playwright Browser with specified options.</doc>
<status status="PASS" start="2024-03-14T17:59:47.270533" elapsed="0.622529"/>
</kw>
<kw name="New Page" owner="Browser">
<msg time="2024-03-14T17:59:49.366294" level="INFO">Successfully initialized new page object and opened url: http://localhost:3000</msg>
<msg time="2024-03-14T17:59:49.366294" level="INFO">No context was open. New context was automatically opened when this page is created.</msg>
<arg>${URL_BASE}</arg>
<tag>BrowserControl</tag>
<tag>Setter</tag>
<doc>Open a new Page.</doc>
<status status="PASS" start="2024-03-14T17:59:47.893062" elapsed="1.473232"/>
</kw>
<status status="PASS" start="2024-03-14T17:59:47.270533" elapsed="2.096766"/>
</kw>
<kw name="Create Dictionary" owner="BuiltIn">
<msg time="2024-03-14T17:59:49.368293" level="INFO">${user} = {'name': 'Marcelo de Oliveira', 'email': 'marcelo@gmail.com', 'password': '123456'}</msg>
<var>${user}</var>
<arg>name=Marcelo de Oliveira</arg>
<arg>email=marcelo@gmail.com</arg>
<arg>password=123456</arg>
<doc>Creates and returns a dictionary based on the given ``items``.</doc>
<status status="PASS" start="2024-03-14T17:59:49.368293" elapsed="0.000000"/>
</kw>
<kw name="Remove user from database" owner="databse">
<msg time="2024-03-14T17:59:49.829378" level="INFO">Removing user by marcelo@gmail.com</msg>
<arg>${user}[email]</arg>
<status status="PASS" start="2024-03-14T17:59:49.370299" elapsed="0.459079"/>
</kw>
<kw name="Go to signup page" owner="SignupPage">
<kw name="Go To" owner="Browser">
<msg time="2024-03-14T17:59:49.902421" level="INFO">Successfully opened URL http://localhost:3000/signup</msg>
<arg>${URL_BASE}/signup</arg>
<tag>BrowserControl</tag>
<tag>Setter</tag>
<doc>Navigates to the given ``url``.</doc>
<status status="PASS" start="2024-03-14T17:59:49.831474" elapsed="0.070947"/>
</kw>
<kw name="Wait For Elements State" owner="Browser">
<msg time="2024-03-14T17:59:49.939131" level="INFO">Waited for Element with selector css=h1 at state visible</msg>
<arg>css=h1</arg>
<arg>visible</arg>
<arg>5</arg>
<tag>PageContent</tag>
<tag>Wait</tag>
<doc>Waits for the element found by ``selector`` to satisfy state option.</doc>
<status status="PASS" start="2024-03-14T17:59:49.903985" elapsed="0.035146"/>
</kw>
<kw name="Get Text" owner="Browser">
<msg time="2024-03-14T17:59:49.969801" level="INFO">Text: 'Faça seu cadastro'</msg>
<arg>css=h1</arg>
<arg>equal</arg>
<arg>Faça seu cadastro</arg>
<tag>Assertion</tag>
<tag>Getter</tag>
<tag>PageContent</tag>
<doc>Returns text attribute of the element found by ``selector``.</doc>
<status status="PASS" start="2024-03-14T17:59:49.940132" elapsed="0.029669"/>
</kw>
<status status="PASS" start="2024-03-14T17:59:49.830448" elapsed="0.140339"/>
</kw>
<kw name="Submit signup form" owner="SignupPage">
<kw name="Fill Text" owner="Browser">
<msg time="2024-03-14T17:59:49.971786" level="INFO">Fills the text 'Marcelo de Oliveira' in the given field.</msg>
<arg>css=input[name=name]</arg>
<arg>${user}[name]</arg>
<tag>PageContent</tag>
<tag>Setter</tag>
<doc>Clears and fills the given ``txt`` into the text field found by ``selector``.</doc>
<status status="PASS" start="2024-03-14T17:59:49.971786" elapsed="0.029512"/>
</kw>
<kw name="Fill Text" owner="Browser">
<msg time="2024-03-14T17:59:50.002300" level="INFO">Fills the text 'marcelo@gmail.com' in the given field.</msg>
<arg>css=input[name=email]</arg>
<arg>${user}[email]</arg>
<tag>PageContent</tag>
<tag>Setter</tag>
<doc>Clears and fills the given ``txt`` into the text field found by ``selector``.</doc>
<status status="PASS" start="2024-03-14T17:59:50.001298" elapsed="0.019748"/>
</kw>
<kw name="Fill Text" owner="Browser">
<msg time="2024-03-14T17:59:50.022046" level="INFO">Fills the text '123456' in the given field.</msg>
<arg>css=input[name=password]</arg>
<arg>${user}[password]</arg>
<tag>PageContent</tag>
<tag>Setter</tag>
<doc>Clears and fills the given ``txt`` into the text field found by ``selector``.</doc>
<status status="PASS" start="2024-03-14T17:59:50.021046" elapsed="0.014909"/>
</kw>
<kw name="Click" owner="Browser">
<arg>css=button[type=submit] &gt;&gt; text=Cadastrar</arg>
<tag>PageContent</tag>
<tag>Setter</tag>
<doc>Simulates mouse click on the element found by ``selector``.</doc>
<status status="PASS" start="2024-03-14T17:59:50.035955" elapsed="0.066600"/>
</kw>
<arg>${user}</arg>
<status status="PASS" start="2024-03-14T17:59:49.970787" elapsed="0.132794"/>
</kw>
<kw name="Notice should be" owner="SignupPage">
<kw name="Set Variable" owner="BuiltIn">
<msg time="2024-03-14T17:59:50.103738" level="INFO">${element} = css=.notice p</msg>
<var>${element}</var>
<arg>css=.notice p</arg>
<doc>Returns the given values which can then be assigned to a variables.</doc>
<status status="PASS" start="2024-03-14T17:59:50.103738" elapsed="0.000000"/>
</kw>
<kw name="Wait For Elements State" owner="Browser">
<msg time="2024-03-14T17:59:50.316916" level="INFO">Waited for Element with selector css=.notice p at state visible</msg>
<arg>${element}</arg>
<arg>visible</arg>
<arg>5</arg>
<tag>PageContent</tag>
<tag>Wait</tag>
<doc>Waits for the element found by ``selector`` to satisfy state option.</doc>
<status status="PASS" start="2024-03-14T17:59:50.103738" elapsed="0.213178"/>
</kw>
<kw name="Get Text" owner="Browser">
<msg time="2024-03-14T17:59:50.340297" level="INFO">Text: 'Boas vindas ao Mark85, o seu gerenciador de tarefas.'</msg>
<arg>${element}</arg>
<arg>equal</arg>
<arg>${expected_text}</arg>
<tag>Assertion</tag>
<tag>Getter</tag>
<tag>PageContent</tag>
<doc>Returns text attribute of the element found by ``selector``.</doc>
<status status="PASS" start="2024-03-14T17:59:50.316916" elapsed="0.023696"/>
</kw>
<arg>Boas vindas ao Mark85, o seu gerenciador de tarefas.</arg>
<status status="PASS" start="2024-03-14T17:59:50.103738" elapsed="0.236988"/>
</kw>
<kw name="Take Screenshot" owner="Browser" type="TEARDOWN">
<msg time="2024-03-14T17:59:50.542848" level="INFO" html="true">&lt;/td&gt;&lt;/tr&gt;&lt;tr&gt;&lt;td colspan="3"&gt;&lt;a href="browser/screenshot/robotframework-browser-screenshot-1.png" target="_blank"&gt;&lt;img src="browser/screenshot/robotframework-browser-screenshot-1.png" width="800px"/&gt;&lt;/a&gt;</msg>
<tag>PageContent</tag>
<doc>Takes a screenshot of the current window or element and saves it to disk.</doc>
<status status="PASS" start="2024-03-14T17:59:50.340883" elapsed="0.201965"/>
</kw>
<status status="PASS" start="2024-03-14T17:59:47.267122" elapsed="3.276765"/>
</test>
<test id="s1-t2" name="Não deve permitir cadastro de email duplicado" line="22">
<kw name="Start Session" owner="base" type="SETUP">
<kw name="New Browser" owner="Browser">
<msg time="2024-03-14T17:59:50.616124" level="INFO">Switching browser to browser=8b5f6f5c-19b6-4569-a3cd-f5f1a269480b</msg>
<msg time="2024-03-14T17:59:50.618811" level="INFO">Successfully changed active browser: browser=8b5f6f5c-19b6-4569-a3cd-f5f1a269480b</msg>
<msg time="2024-03-14T17:59:50.618811" level="INFO">Reusing existing browser with id: browser=8b5f6f5c-19b6-4569-a3cd-f5f1a269480b</msg>
<arg>browser=chromium</arg>
<arg>headless=False</arg>
<tag>BrowserControl</tag>
<tag>Setter</tag>
<doc>Create a new playwright Browser with specified options.</doc>
<status status="PASS" start="2024-03-14T17:59:50.616124" elapsed="0.002687"/>
</kw>
<kw name="New Page" owner="Browser">
<msg time="2024-03-14T17:59:51.749388" level="INFO">Successfully initialized new page object and opened url: http://localhost:3000</msg>
<msg time="2024-03-14T17:59:51.749388" level="INFO">No context was open. New context was automatically opened when this page is created.</msg>
<arg>${URL_BASE}</arg>
<tag>BrowserControl</tag>
<tag>Setter</tag>
<doc>Open a new Page.</doc>
<status status="PASS" start="2024-03-14T17:59:50.618811" elapsed="1.130577"/>
</kw>
<status status="PASS" start="2024-03-14T17:59:50.615624" elapsed="1.133764"/>
</kw>
<kw name="Create Dictionary" owner="BuiltIn">
<msg time="2024-03-14T17:59:51.750368" level="INFO">${user} = {'name': 'Oliveira Marcelo', 'email': 'oliveira@yahoo.com', 'password': '654321'}</msg>
<var>${user}</var>
<arg>name=Oliveira Marcelo</arg>
<arg>email=oliveira@yahoo.com</arg>
<arg>password=654321</arg>
<doc>Creates and returns a dictionary based on the given ``items``.</doc>
<status status="PASS" start="2024-03-14T17:59:51.750368" elapsed="0.000000"/>
</kw>
<kw name="Remove user from database" owner="databse">
<msg time="2024-03-14T17:59:51.824238" level="INFO">Removing user by oliveira@yahoo.com</msg>
<arg>${user}[email]</arg>
<status status="PASS" start="2024-03-14T17:59:51.751367" elapsed="0.072871"/>
</kw>
<kw name="Insert user from database" owner="databse">
<msg time="2024-03-14T17:59:51.901213" level="INFO">{'name': 'Oliveira Marcelo', 'email': 'oliveira@yahoo.com', 'password': '654321', '_id': ObjectId('65f36547b6ec6457e667b13b')}</msg>
<arg>${user}</arg>
<status status="PASS" start="2024-03-14T17:59:51.825235" elapsed="0.075978"/>
</kw>
<kw name="Go to signup page" owner="SignupPage">
<kw name="Go To" owner="Browser">
<msg time="2024-03-14T17:59:51.974874" level="INFO">Successfully opened URL http://localhost:3000/signup</msg>
<arg>${URL_BASE}/signup</arg>
<tag>BrowserControl</tag>
<tag>Setter</tag>
<doc>Navigates to the given ``url``.</doc>
<status status="PASS" start="2024-03-14T17:59:51.903318" elapsed="0.071556"/>
</kw>
<kw name="Wait For Elements State" owner="Browser">
<msg time="2024-03-14T17:59:52.004746" level="INFO">Waited for Element with selector css=h1 at state visible</msg>
<arg>css=h1</arg>
<arg>visible</arg>
<arg>5</arg>
<tag>PageContent</tag>
<tag>Wait</tag>
<doc>Waits for the element found by ``selector`` to satisfy state option.</doc>
<status status="PASS" start="2024-03-14T17:59:51.974874" elapsed="0.030377"/>
</kw>
<kw name="Get Text" owner="Browser">
<msg time="2024-03-14T17:59:52.032328" level="INFO">Text: 'Faça seu cadastro'</msg>
<arg>css=h1</arg>
<arg>equal</arg>
<arg>Faça seu cadastro</arg>
<tag>Assertion</tag>
<tag>Getter</tag>
<tag>PageContent</tag>
<doc>Returns text attribute of the element found by ``selector``.</doc>
<status status="PASS" start="2024-03-14T17:59:52.005251" elapsed="0.027077"/>
</kw>
<status status="PASS" start="2024-03-14T17:59:51.902319" elapsed="0.130009"/>
</kw>
<kw name="Submit signup form" owner="SignupPage">
<kw name="Fill Text" owner="Browser">
<msg time="2024-03-14T17:59:52.033328" level="INFO">Fills the text 'Oliveira Marcelo' in the given field.</msg>
<arg>css=input[name=name]</arg>
<arg>${user}[name]</arg>
<tag>PageContent</tag>
<tag>Setter</tag>
<doc>Clears and fills the given ``txt`` into the text field found by ``selector``.</doc>
<status status="PASS" start="2024-03-14T17:59:52.033328" elapsed="0.019693"/>
</kw>
<kw name="Fill Text" owner="Browser">
<msg time="2024-03-14T17:59:52.054143" level="INFO">Fills the text 'oliveira@yahoo.com' in the given field.</msg>
<arg>css=input[name=email]</arg>
<arg>${user}[email]</arg>
<tag>PageContent</tag>
<tag>Setter</tag>
<doc>Clears and fills the given ``txt`` into the text field found by ``selector``.</doc>
<status status="PASS" start="2024-03-14T17:59:52.054143" elapsed="0.016137"/>
</kw>
<kw name="Fill Text" owner="Browser">
<msg time="2024-03-14T17:59:52.071278" level="INFO">Fills the text '654321' in the given field.</msg>
<arg>css=input[name=password]</arg>
<arg>${user}[password]</arg>
<tag>PageContent</tag>
<tag>Setter</tag>
<doc>Clears and fills the given ``txt`` into the text field found by ``selector``.</doc>
<status status="PASS" start="2024-03-14T17:59:52.070280" elapsed="0.015301"/>
</kw>
<kw name="Click" owner="Browser">
<arg>css=button[type=submit] &gt;&gt; text=Cadastrar</arg>
<tag>PageContent</tag>
<tag>Setter</tag>
<doc>Simulates mouse click on the element found by ``selector``.</doc>
<status status="PASS" start="2024-03-14T17:59:52.086583" elapsed="0.065882"/>
</kw>
<arg>${user}</arg>
<status status="PASS" start="2024-03-14T17:59:52.033328" elapsed="0.119137"/>
</kw>
<kw name="Notice should be" owner="SignupPage">
<kw name="Set Variable" owner="BuiltIn">
<msg time="2024-03-14T17:59:52.153617" level="INFO">${element} = css=.notice p</msg>
<var>${element}</var>
<arg>css=.notice p</arg>
<doc>Returns the given values which can then be assigned to a variables.</doc>
<status status="PASS" start="2024-03-14T17:59:52.153617" elapsed="0.000000"/>
</kw>
<kw name="Wait For Elements State" owner="Browser">
<msg time="2024-03-14T17:59:52.262748" level="INFO">Waited for Element with selector css=.notice p at state visible</msg>
<arg>${element}</arg>
<arg>visible</arg>
<arg>5</arg>
<tag>PageContent</tag>
<tag>Wait</tag>
<doc>Waits for the element found by ``selector`` to satisfy state option.</doc>
<status status="PASS" start="2024-03-14T17:59:52.153617" elapsed="0.110197"/>
</kw>
<kw name="Get Text" owner="Browser">
<msg time="2024-03-14T17:59:52.282670" level="INFO">Text: 'Oops! Já existe uma conta com o e-mail informado.'</msg>
<arg>${element}</arg>
<arg>equal</arg>
<arg>${expected_text}</arg>
<tag>Assertion</tag>
<tag>Getter</tag>
<tag>PageContent</tag>
<doc>Returns text attribute of the element found by ``selector``.</doc>
<status status="PASS" start="2024-03-14T17:59:52.263814" elapsed="0.018856"/>
</kw>
<arg>Oops! Já existe uma conta com o e-mail informado.</arg>
<status status="PASS" start="2024-03-14T17:59:52.153617" elapsed="0.130105"/>
</kw>
<kw name="Take Screenshot" owner="Browser" type="TEARDOWN">
<msg time="2024-03-14T17:59:52.496268" level="INFO" html="true">&lt;/td&gt;&lt;/tr&gt;&lt;tr&gt;&lt;td colspan="3"&gt;&lt;a href="browser/screenshot/robotframework-browser-screenshot-2.png" target="_blank"&gt;&lt;img src="browser/screenshot/robotframework-browser-screenshot-2.png" width="800px"/&gt;&lt;/a&gt;</msg>
<tag>PageContent</tag>
<doc>Takes a screenshot of the current window or element and saves it to disk.</doc>
<status status="PASS" start="2024-03-14T17:59:52.283793" elapsed="0.212475"/>
</kw>
<tag>dup</tag>
<status status="PASS" start="2024-03-14T17:59:50.610026" elapsed="1.887278"/>
</test>
<test id="s1-t3" name="Campos obrigatórios" line="36">
<kw name="Start Session" owner="base" type="SETUP">
<kw name="New Browser" owner="Browser">
<msg time="2024-03-14T17:59:52.567513" level="INFO">Switching browser to browser=8b5f6f5c-19b6-4569-a3cd-f5f1a269480b</msg>
<msg time="2024-03-14T17:59:52.569299" level="INFO">Successfully changed active browser: browser=8b5f6f5c-19b6-4569-a3cd-f5f1a269480b</msg>
<msg time="2024-03-14T17:59:52.569299" level="INFO">Reusing existing browser with id: browser=8b5f6f5c-19b6-4569-a3cd-f5f1a269480b</msg>
<arg>browser=chromium</arg>
<arg>headless=False</arg>
<tag>BrowserControl</tag>
<tag>Setter</tag>
<doc>Create a new playwright Browser with specified options.</doc>
<status status="PASS" start="2024-03-14T17:59:52.567013" elapsed="0.002786"/>
</kw>
<kw name="New Page" owner="Browser">
<msg time="2024-03-14T17:59:53.646715" level="INFO">Successfully initialized new page object and opened url: http://localhost:3000</msg>
<msg time="2024-03-14T17:59:53.646715" level="INFO">No context was open. New context was automatically opened when this page is created.</msg>
<arg>${URL_BASE}</arg>
<tag>BrowserControl</tag>
<tag>Setter</tag>
<doc>Open a new Page.</doc>
<status status="PASS" start="2024-03-14T17:59:52.569799" elapsed="1.076916"/>
</kw>
<status status="PASS" start="2024-03-14T17:59:52.566356" elapsed="1.080359"/>
</kw>
<kw name="Create Dictionary" owner="BuiltIn">
<msg time="2024-03-14T17:59:53.648706" level="INFO">${user} = {'name': '', 'email': '', 'password': ''}</msg>
<var>${user}</var>
<arg>name=${EMPTY}</arg>
<arg>email=${EMPTY}</arg>
<arg>password=${EMPTY}</arg>
<doc>Creates and returns a dictionary based on the given ``items``.</doc>
<status status="PASS" start="2024-03-14T17:59:53.647633" elapsed="0.001073"/>
</kw>
<kw name="Go to signup page" owner="SignupPage">
<kw name="Go To" owner="Browser">
<msg time="2024-03-14T17:59:53.719566" level="INFO">Successfully opened URL http://localhost:3000/signup</msg>
<arg>${URL_BASE}/signup</arg>
<tag>BrowserControl</tag>
<tag>Setter</tag>
<doc>Navigates to the given ``url``.</doc>
<status status="PASS" start="2024-03-14T17:59:53.650703" elapsed="0.068863"/>
</kw>
<kw name="Wait For Elements State" owner="Browser">
<msg time="2024-03-14T17:59:53.748368" level="INFO">Waited for Element with selector css=h1 at state visible</msg>
<arg>css=h1</arg>
<arg>visible</arg>
<arg>5</arg>
<tag>PageContent</tag>
<tag>Wait</tag>
<doc>Waits for the element found by ``selector`` to satisfy state option.</doc>
<status status="PASS" start="2024-03-14T17:59:53.720811" elapsed="0.028561"/>
</kw>
<kw name="Get Text" owner="Browser">
<msg time="2024-03-14T17:59:53.776201" level="INFO">Text: 'Faça seu cadastro'</msg>
<arg>css=h1</arg>
<arg>equal</arg>
<arg>Faça seu cadastro</arg>
<tag>Assertion</tag>
<tag>Getter</tag>
<tag>PageContent</tag>
<doc>Returns text attribute of the element found by ``selector``.</doc>
<status status="PASS" start="2024-03-14T17:59:53.749372" elapsed="0.026829"/>
</kw>
<status status="PASS" start="2024-03-14T17:59:53.650703" elapsed="0.125498"/>
</kw>
<kw name="Submit signup form" owner="SignupPage">
<kw name="Fill Text" owner="Browser">
<msg time="2024-03-14T17:59:53.776633" level="INFO">Fills the text '' in the given field.</msg>
<arg>css=input[name=name]</arg>
<arg>${user}[name]</arg>
<tag>PageContent</tag>
<tag>Setter</tag>
<doc>Clears and fills the given ``txt`` into the text field found by ``selector``.</doc>
<status status="PASS" start="2024-03-14T17:59:53.776633" elapsed="0.022303"/>
</kw>
<kw name="Fill Text" owner="Browser">
<msg time="2024-03-14T17:59:53.798936" level="INFO">Fills the text '' in the given field.</msg>
<arg>css=input[name=email]</arg>
<arg>${user}[email]</arg>
<tag>PageContent</tag>
<tag>Setter</tag>
<doc>Clears and fills the given ``txt`` into the text field found by ``selector``.</doc>
<status status="PASS" start="2024-03-14T17:59:53.798936" elapsed="0.014709"/>
</kw>
<kw name="Fill Text" owner="Browser">
<msg time="2024-03-14T17:59:53.813645" level="INFO">Fills the text '' in the given field.</msg>
<arg>css=input[name=password]</arg>
<arg>${user}[password]</arg>
<tag>PageContent</tag>
<tag>Setter</tag>
<doc>Clears and fills the given ``txt`` into the text field found by ``selector``.</doc>
<status status="PASS" start="2024-03-14T17:59:53.813645" elapsed="0.013423"/>
</kw>
<kw name="Click" owner="Browser">
<arg>css=button[type=submit] &gt;&gt; text=Cadastrar</arg>
<tag>PageContent</tag>
<tag>Setter</tag>
<doc>Simulates mouse click on the element found by ``selector``.</doc>
<status status="PASS" start="2024-03-14T17:59:53.827068" elapsed="0.056844"/>
</kw>
<arg>${user}</arg>
<status status="PASS" start="2024-03-14T17:59:53.776633" elapsed="0.108286"/>
</kw>
<kw name="Alert should be" owner="SignupPage">
<kw name="Wait For Elements State" owner="Browser">
<msg time="2024-03-14T17:59:53.894624" level="INFO">Waited for Element with selector css=.alert-error &gt;&gt; text=Informe seu nome completo at state visible</msg>
<arg>css=.alert-error &gt;&gt; text=${expected_test}</arg>
<arg>visible</arg>
<arg>5</arg>
<tag>PageContent</tag>
<tag>Wait</tag>
<doc>Waits for the element found by ``selector`` to satisfy state option.</doc>
<status status="PASS" start="2024-03-14T17:59:53.885918" elapsed="0.008706"/>
</kw>
<arg>Informe seu nome completo</arg>
<status status="PASS" start="2024-03-14T17:59:53.884919" elapsed="0.009705"/>
</kw>
<kw name="Alert should be" owner="SignupPage">
<kw name="Wait For Elements State" owner="Browser">
<msg time="2024-03-14T17:59:53.900623" level="INFO">Waited for Element with selector css=.alert-error &gt;&gt; text=Informe seu e-email at state visible</msg>
<arg>css=.alert-error &gt;&gt; text=${expected_test}</arg>
<arg>visible</arg>
<arg>5</arg>
<tag>PageContent</tag>
<tag>Wait</tag>
<doc>Waits for the element found by ``selector`` to satisfy state option.</doc>
<status status="PASS" start="2024-03-14T17:59:53.895623" elapsed="0.005000"/>
</kw>
<arg>Informe seu e-email</arg>
<status status="PASS" start="2024-03-14T17:59:53.895623" elapsed="0.005000"/>
</kw>
<kw name="Alert should be" owner="SignupPage">
<kw name="Wait For Elements State" owner="Browser">
<msg time="2024-03-14T17:59:53.907588" level="INFO">Waited for Element with selector css=.alert-error &gt;&gt; text=Informe uma senha com pelo menos 6 digitos at state visible</msg>
<arg>css=.alert-error &gt;&gt; text=${expected_test}</arg>
<arg>visible</arg>
<arg>5</arg>
<tag>PageContent</tag>
<tag>Wait</tag>
<doc>Waits for the element found by ``selector`` to satisfy state option.</doc>
<status status="PASS" start="2024-03-14T17:59:53.901509" elapsed="0.006079"/>
</kw>
<arg>Informe uma senha com pelo menos 6 digitos</arg>
<status status="PASS" start="2024-03-14T17:59:53.901509" elapsed="0.006079"/>
</kw>
<kw name="Take Screenshot" owner="Browser" type="TEARDOWN">
<msg time="2024-03-14T17:59:54.112793" level="INFO" html="true">&lt;/td&gt;&lt;/tr&gt;&lt;tr&gt;&lt;td colspan="3"&gt;&lt;a href="browser/screenshot/robotframework-browser-screenshot-3.png" target="_blank"&gt;&lt;img src="browser/screenshot/robotframework-browser-screenshot-3.png" width="800px"/&gt;&lt;/a&gt;</msg>
<tag>PageContent</tag>
<doc>Takes a screenshot of the current window or element and saves it to disk.</doc>
<status status="PASS" start="2024-03-14T17:59:53.908581" elapsed="0.204212"/>
</kw>
<tag>required</tag>
<status status="PASS" start="2024-03-14T17:59:52.561855" elapsed="1.552321"/>
</test>
<test id="s1-t4" name="Não deve cadastrar com email incorreto" line="51">
<kw name="Start Session" owner="base" type="SETUP">
<kw name="New Browser" owner="Browser">
<msg time="2024-03-14T17:59:54.189098" level="INFO">Switching browser to browser=8b5f6f5c-19b6-4569-a3cd-f5f1a269480b</msg>
<msg time="2024-03-14T17:59:54.191331" level="INFO">Successfully changed active browser: browser=8b5f6f5c-19b6-4569-a3cd-f5f1a269480b</msg>
<msg time="2024-03-14T17:59:54.191331" level="INFO">Reusing existing browser with id: browser=8b5f6f5c-19b6-4569-a3cd-f5f1a269480b</msg>
<arg>browser=chromium</arg>
<arg>headless=False</arg>
<tag>BrowserControl</tag>
<tag>Setter</tag>
<doc>Create a new playwright Browser with specified options.</doc>
<status status="PASS" start="2024-03-14T17:59:54.188597" elapsed="0.003322"/>
</kw>
<kw name="New Page" owner="Browser">
<msg time="2024-03-14T17:59:55.318561" level="INFO">Successfully initialized new page object and opened url: http://localhost:3000</msg>
<msg time="2024-03-14T17:59:55.319571" level="INFO">No context was open. New context was automatically opened when this page is created.</msg>
<arg>${URL_BASE}</arg>
<tag>BrowserControl</tag>
<tag>Setter</tag>
<doc>Open a new Page.</doc>
<status status="PASS" start="2024-03-14T17:59:54.191919" elapsed="1.127652"/>
</kw>
<status status="PASS" start="2024-03-14T17:59:54.187595" elapsed="1.137553"/>
</kw>
<kw name="Create Dictionary" owner="BuiltIn">
<msg time="2024-03-14T17:59:55.327157" level="INFO">${user} = {'name': 'João Paes da Silva', 'email': 'joaopaes.com.br', 'password': '112233'}</msg>
<var>${user}</var>
<arg>name=João Paes da Silva</arg>
<arg>email=joaopaes.com.br</arg>
<arg>password=112233</arg>
<doc>Creates and returns a dictionary based on the given ``items``.</doc>
<status status="PASS" start="2024-03-14T17:59:55.326155" elapsed="0.001694"/>
</kw>
<kw name="Go to signup page" owner="SignupPage">
<kw name="Go To" owner="Browser">
<msg time="2024-03-14T17:59:55.405691" level="INFO">Successfully opened URL http://localhost:3000/signup</msg>
<arg>${URL_BASE}/signup</arg>
<tag>BrowserControl</tag>
<tag>Setter</tag>
<doc>Navigates to the given ``url``.</doc>
<status status="PASS" start="2024-03-14T17:59:55.328844" elapsed="0.077848"/>
</kw>
<kw name="Wait For Elements State" owner="Browser">
<msg time="2024-03-14T17:59:55.439705" level="INFO">Waited for Element with selector css=h1 at state visible</msg>
<arg>css=h1</arg>
<arg>visible</arg>
<arg>5</arg>
<tag>PageContent</tag>
<tag>Wait</tag>
<doc>Waits for the element found by ``selector`` to satisfy state option.</doc>
<status status="PASS" start="2024-03-14T17:59:55.408321" elapsed="0.031384"/>
</kw>
<kw name="Get Text" owner="Browser">
<msg time="2024-03-14T17:59:55.467579" level="INFO">Text: 'Faça seu cadastro'</msg>
<arg>css=h1</arg>
<arg>equal</arg>
<arg>Faça seu cadastro</arg>
<tag>Assertion</tag>
<tag>Getter</tag>
<tag>PageContent</tag>
<doc>Returns text attribute of the element found by ``selector``.</doc>
<status status="PASS" start="2024-03-14T17:59:55.440320" elapsed="0.027759"/>
</kw>
<status status="PASS" start="2024-03-14T17:59:55.328343" elapsed="0.139736"/>
</kw>
<kw name="Submit signup form" owner="SignupPage">
<kw name="Fill Text" owner="Browser">
<msg time="2024-03-14T17:59:55.471498" level="INFO">Fills the text 'João Paes da Silva' in the given field.</msg>
<arg>css=input[name=name]</arg>
<arg>${user}[name]</arg>
<tag>PageContent</tag>
<tag>Setter</tag>
<doc>Clears and fills the given ``txt`` into the text field found by ``selector``.</doc>
<status status="PASS" start="2024-03-14T17:59:55.469083" elapsed="0.027784"/>
</kw>
<kw name="Fill Text" owner="Browser">
<msg time="2024-03-14T17:59:55.496867" level="INFO">Fills the text 'joaopaes.com.br' in the given field.</msg>
<arg>css=input[name=email]</arg>
<arg>${user}[email]</arg>
<tag>PageContent</tag>
<tag>Setter</tag>
<doc>Clears and fills the given ``txt`` into the text field found by ``selector``.</doc>
<status status="PASS" start="2024-03-14T17:59:55.496867" elapsed="0.019803"/>
</kw>
<kw name="Fill Text" owner="Browser">
<msg time="2024-03-14T17:59:55.516670" level="INFO">Fills the text '112233' in the given field.</msg>
<arg>css=input[name=password]</arg>
<arg>${user}[password]</arg>
<tag>PageContent</tag>
<tag>Setter</tag>
<doc>Clears and fills the given ``txt`` into the text field found by ``selector``.</doc>
<status status="PASS" start="2024-03-14T17:59:55.516670" elapsed="0.017544"/>
</kw>
<kw name="Click" owner="Browser">
<arg>css=button[type=submit] &gt;&gt; text=Cadastrar</arg>
<tag>PageContent</tag>
<tag>Setter</tag>
<doc>Simulates mouse click on the element found by ``selector``.</doc>
<status status="PASS" start="2024-03-14T17:59:55.534214" elapsed="0.079233"/>
</kw>
<arg>${user}</arg>
<status status="PASS" start="2024-03-14T17:59:55.468579" elapsed="0.145941"/>
</kw>
<kw name="Alert should be" owner="SignupPage">
<kw name="Wait For Elements State" owner="Browser">
<msg time="2024-03-14T17:59:55.625038" level="INFO">Waited for Element with selector css=.alert-error &gt;&gt; text=Digite um e-mail válido at state visible</msg>
<arg>css=.alert-error &gt;&gt; text=${expected_test}</arg>
<arg>visible</arg>
<arg>5</arg>
<tag>PageContent</tag>
<tag>Wait</tag>
<doc>Waits for the element found by ``selector`` to satisfy state option.</doc>
<status status="PASS" start="2024-03-14T17:59:55.615089" elapsed="0.009949"/>
</kw>
<arg>Digite um e-mail válido</arg>
<status status="PASS" start="2024-03-14T17:59:55.615089" elapsed="0.009949"/>
</kw>
<kw name="Take Screenshot" owner="Browser" type="TEARDOWN">
<msg time="2024-03-14T17:59:55.824895" level="INFO" html="true">&lt;/td&gt;&lt;/tr&gt;&lt;tr&gt;&lt;td colspan="3"&gt;&lt;a href="browser/screenshot/robotframework-browser-screenshot-4.png" target="_blank"&gt;&lt;img src="browser/screenshot/robotframework-browser-screenshot-4.png" width="800px"/&gt;&lt;/a&gt;</msg>
<tag>PageContent</tag>
<doc>Takes a screenshot of the current window or element and saves it to disk.</doc>
<status status="PASS" start="2024-03-14T17:59:55.626134" elapsed="0.198761"/>
</kw>
<tag>env_email</tag>
<status status="PASS" start="2024-03-14T17:59:54.183479" elapsed="1.642437"/>
</test>
<test id="s1-t5" name="Não deve cadastrar com senha de 1 dígito" line="64">
<kw name="Start Session" owner="base" type="SETUP">
<kw name="New Browser" owner="Browser">
<msg time="2024-03-14T17:59:55.891613" level="INFO">Switching browser to browser=8b5f6f5c-19b6-4569-a3cd-f5f1a269480b</msg>
<msg time="2024-03-14T17:59:55.893725" level="INFO">Successfully changed active browser: browser=8b5f6f5c-19b6-4569-a3cd-f5f1a269480b</msg>
<msg time="2024-03-14T17:59:55.893725" level="INFO">Reusing existing browser with id: browser=8b5f6f5c-19b6-4569-a3cd-f5f1a269480b</msg>
<arg>browser=chromium</arg>
<arg>headless=False</arg>
<tag>BrowserControl</tag>
<tag>Setter</tag>
<doc>Create a new playwright Browser with specified options.</doc>
<status status="PASS" start="2024-03-14T17:59:55.891106" elapsed="0.002619"/>
</kw>
<kw name="New Page" owner="Browser">
<msg time="2024-03-14T17:59:57.052061" level="INFO">Successfully initialized new page object and opened url: http://localhost:3000</msg>
<msg time="2024-03-14T17:59:57.052061" level="INFO">No context was open. New context was automatically opened when this page is created.</msg>
<arg>${URL_BASE}</arg>
<tag>BrowserControl</tag>
<tag>Setter</tag>
<doc>Open a new Page.</doc>
<status status="PASS" start="2024-03-14T17:59:55.894108" elapsed="1.157953"/>
</kw>
<status status="PASS" start="2024-03-14T17:59:55.890606" elapsed="1.161455"/>
</kw>
<kw name="Short password">
<kw name="Create Dictionary" owner="BuiltIn">
<msg time="2024-03-14T17:59:57.055064" level="INFO">${user} = {'name': 'Paolo Rossi', 'email': 'paulorossi@gmail.com', 'password': '1'}</msg>
<var>${user}</var>
<arg>name=Paolo Rossi</arg>
<arg>email=paulorossi@gmail.com</arg>
<arg>password=${shor_pass}</arg>
<doc>Creates and returns a dictionary based on the given ``items``.</doc>
<status status="PASS" start="2024-03-14T17:59:57.054153" elapsed="0.000911"/>
</kw>
<kw name="Go to signup page" owner="SignupPage">
<kw name="Go To" owner="Browser">
<msg time="2024-03-14T17:59:57.121555" level="INFO">Successfully opened URL http://localhost:3000/signup</msg>
<arg>${URL_BASE}/signup</arg>
<tag>BrowserControl</tag>
<tag>Setter</tag>
<doc>Navigates to the given ``url``.</doc>
<status status="PASS" start="2024-03-14T17:59:57.056361" elapsed="0.065194"/>
</kw>
<kw name="Wait For Elements State" owner="Browser">
<msg time="2024-03-14T17:59:57.150433" level="INFO">Waited for Element with selector css=h1 at state visible</msg>
<arg>css=h1</arg>
<arg>visible</arg>
<arg>5</arg>
<tag>PageContent</tag>
<tag>Wait</tag>
<doc>Waits for the element found by ``selector`` to satisfy state option.</doc>
<status status="PASS" start="2024-03-14T17:59:57.121555" elapsed="0.029880"/>
</kw>
<kw name="Get Text" owner="Browser">
<msg time="2024-03-14T17:59:57.176994" level="INFO">Text: 'Faça seu cadastro'</msg>
<arg>css=h1</arg>
<arg>equal</arg>
<arg>Faça seu cadastro</arg>
<tag>Assertion</tag>
<tag>Getter</tag>
<tag>PageContent</tag>
<doc>Returns text attribute of the element found by ``selector``.</doc>
<status status="PASS" start="2024-03-14T17:59:57.151435" elapsed="0.025559"/>
</kw>
<status status="PASS" start="2024-03-14T17:59:57.055944" elapsed="0.122109"/>
</kw>
<kw name="Submit signup form" owner="SignupPage">
<kw name="Fill Text" owner="Browser">
<msg time="2024-03-14T17:59:57.178053" level="INFO">Fills the text 'Paolo Rossi' in the given field.</msg>
<arg>css=input[name=name]</arg>
<arg>${user}[name]</arg>
<tag>PageContent</tag>
<tag>Setter</tag>
<doc>Clears and fills the given ``txt`` into the text field found by ``selector``.</doc>
<status status="PASS" start="2024-03-14T17:59:57.178053" elapsed="0.020385"/>
</kw>
<kw name="Fill Text" owner="Browser">
<msg time="2024-03-14T17:59:57.198438" level="INFO">Fills the text 'paulorossi@gmail.com' in the given field.</msg>
<arg>css=input[name=email]</arg>
<arg>${user}[email]</arg>
<tag>PageContent</tag>
<tag>Setter</tag>
<doc>Clears and fills the given ``txt`` into the text field found by ``selector``.</doc>
<status status="PASS" start="2024-03-14T17:59:57.198438" elapsed="0.016919"/>
</kw>
<kw name="Fill Text" owner="Browser">
<msg time="2024-03-14T17:59:57.216358" level="INFO">Fills the text '1' in the given field.</msg>
<arg>css=input[name=password]</arg>
<arg>${user}[password]</arg>
<tag>PageContent</tag>
<tag>Setter</tag>
<doc>Clears and fills the given ``txt`` into the text field found by ``selector``.</doc>
<status status="PASS" start="2024-03-14T17:59:57.216358" elapsed="0.014113"/>
</kw>
<kw name="Click" owner="Browser">
<arg>css=button[type=submit] &gt;&gt; text=Cadastrar</arg>
<tag>PageContent</tag>
<tag>Setter</tag>
<doc>Simulates mouse click on the element found by ``selector``.</doc>
<status status="PASS" start="2024-03-14T17:59:57.230471" elapsed="0.052363"/>
</kw>
<arg>${user}</arg>
<status status="PASS" start="2024-03-14T17:59:57.178053" elapsed="0.104781"/>
</kw>
<kw name="Alert should be" owner="SignupPage">
<kw name="Wait For Elements State" owner="Browser">
<msg time="2024-03-14T17:59:57.291702" level="INFO">Waited for Element with selector css=.alert-error &gt;&gt; text=Informe uma senha com pelo menos 6 digitos at state visible</msg>
<arg>css=.alert-error &gt;&gt; text=${expected_test}</arg>
<arg>visible</arg>
<arg>5</arg>
<tag>PageContent</tag>
<tag>Wait</tag>
<doc>Waits for the element found by ``selector`` to satisfy state option.</doc>
<status status="PASS" start="2024-03-14T17:59:57.284374" elapsed="0.007328"/>
</kw>
<arg>Informe uma senha com pelo menos 6 digitos</arg>
<status status="PASS" start="2024-03-14T17:59:57.284143" elapsed="0.007559"/>
</kw>
<arg>1</arg>
<status status="PASS" start="2024-03-14T17:59:57.053060" elapsed="0.238642"/>
</kw>
<kw name="Take Screenshot" owner="Browser" type="TEARDOWN">
<msg time="2024-03-14T17:59:57.484387" level="INFO" html="true">&lt;/td&gt;&lt;/tr&gt;&lt;tr&gt;&lt;td colspan="3"&gt;&lt;a href="browser/screenshot/robotframework-browser-screenshot-5.png" target="_blank"&gt;&lt;img src="browser/screenshot/robotframework-browser-screenshot-5.png" width="800px"/&gt;&lt;/a&gt;</msg>
<tag>PageContent</tag>
<doc>Takes a screenshot of the current window or element and saves it to disk.</doc>
<status status="PASS" start="2024-03-14T17:59:57.292373" elapsed="0.192014"/>
</kw>
<tag>short_pass</tag>
<status status="PASS" start="2024-03-14T17:59:55.885975" elapsed="1.598412"/>
</test>
<test id="s1-t6" name="Não deve cadastrar com senha de 2 dígitos" line="69">
<kw name="Start Session" owner="base" type="SETUP">
<kw name="New Browser" owner="Browser">
<msg time="2024-03-14T17:59:57.548585" level="INFO">Switching browser to browser=8b5f6f5c-19b6-4569-a3cd-f5f1a269480b</msg>
<msg time="2024-03-14T17:59:57.552760" level="INFO">Successfully changed active browser: browser=8b5f6f5c-19b6-4569-a3cd-f5f1a269480b</msg>
<msg time="2024-03-14T17:59:57.553260" level="INFO">Reusing existing browser with id: browser=8b5f6f5c-19b6-4569-a3cd-f5f1a269480b</msg>
<arg>browser=chromium</arg>
<arg>headless=False</arg>
<tag>BrowserControl</tag>
<tag>Setter</tag>
<doc>Create a new playwright Browser with specified options.</doc>
<status status="PASS" start="2024-03-14T17:59:57.547585" elapsed="0.005675"/>
</kw>
<kw name="New Page" owner="Browser">
<msg time="2024-03-14T17:59:58.833541" level="INFO">Successfully initialized new page object and opened url: http://localhost:3000</msg>
<msg time="2024-03-14T17:59:58.833541" level="INFO">No context was open. New context was automatically opened when this page is created.</msg>
<arg>${URL_BASE}</arg>
<tag>BrowserControl</tag>
<tag>Setter</tag>
<doc>Open a new Page.</doc>
<status status="PASS" start="2024-03-14T17:59:57.553260" elapsed="1.280281"/>
</kw>
<status status="PASS" start="2024-03-14T17:59:57.546620" elapsed="1.286921"/>
</kw>
<kw name="Short password">
<kw name="Create Dictionary" owner="BuiltIn">
<msg time="2024-03-14T17:59:58.834542" level="INFO">${user} = {'name': 'Paolo Rossi', 'email': 'paulorossi@gmail.com', 'password': '12'}</msg>
<var>${user}</var>
<arg>name=Paolo Rossi</arg>
<arg>email=paulorossi@gmail.com</arg>
<arg>password=${shor_pass}</arg>
<doc>Creates and returns a dictionary based on the given ``items``.</doc>
<status status="PASS" start="2024-03-14T17:59:58.834542" elapsed="0.000000"/>
</kw>
<kw name="Go to signup page" owner="SignupPage">
<kw name="Go To" owner="Browser">
<msg time="2024-03-14T17:59:58.902159" level="INFO">Successfully opened URL http://localhost:3000/signup</msg>
<arg>${URL_BASE}/signup</arg>
<tag>BrowserControl</tag>
<tag>Setter</tag>
<doc>Navigates to the given ``url``.</doc>
<status status="PASS" start="2024-03-14T17:59:58.835543" elapsed="0.066616"/>
</kw>
<kw name="Wait For Elements State" owner="Browser">
<msg time="2024-03-14T17:59:58.929178" level="INFO">Waited for Element with selector css=h1 at state visible</msg>
<arg>css=h1</arg>
<arg>visible</arg>
<arg>5</arg>
<tag>PageContent</tag>
<tag>Wait</tag>
<doc>Waits for the element found by ``selector`` to satisfy state option.</doc>
<status status="PASS" start="2024-03-14T17:59:58.902660" elapsed="0.027521"/>
</kw>
<kw name="Get Text" owner="Browser">
<msg time="2024-03-14T17:59:58.956402" level="INFO">Text: 'Faça seu cadastro'</msg>
<arg>css=h1</arg>
<arg>equal</arg>
<arg>Faça seu cadastro</arg>
<tag>Assertion</tag>
<tag>Getter</tag>
<tag>PageContent</tag>
<doc>Returns text attribute of the element found by ``selector``.</doc>
<status status="PASS" start="2024-03-14T17:59:58.930181" elapsed="0.026221"/>
</kw>
<status status="PASS" start="2024-03-14T17:59:58.834542" elapsed="0.121860"/>
</kw>
<kw name="Submit signup form" owner="SignupPage">
<kw name="Fill Text" owner="Browser">
<msg time="2024-03-14T17:59:58.957352" level="INFO">Fills the text 'Paolo Rossi' in the given field.</msg>
<arg>css=input[name=name]</arg>
<arg>${user}[name]</arg>
<tag>PageContent</tag>
<tag>Setter</tag>
<doc>Clears and fills the given ``txt`` into the text field found by ``selector``.</doc>
<status status="PASS" start="2024-03-14T17:59:58.956402" elapsed="0.019627"/>
</kw>
<kw name="Fill Text" owner="Browser">
<msg time="2024-03-14T17:59:58.977042" level="INFO">Fills the text 'paulorossi@gmail.com' in the given field.</msg>
<arg>css=input[name=email]</arg>
<arg>${user}[email]</arg>
<tag>PageContent</tag>
<tag>Setter</tag>
<doc>Clears and fills the given ``txt`` into the text field found by ``selector``.</doc>
<status status="PASS" start="2024-03-14T17:59:58.976029" elapsed="0.015981"/>
</kw>
<kw name="Fill Text" owner="Browser">
<msg time="2024-03-14T17:59:58.993022" level="INFO">Fills the text '12' in the given field.</msg>
<arg>css=input[name=password]</arg>
<arg>${user}[password]</arg>
<tag>PageContent</tag>
<tag>Setter</tag>
<doc>Clears and fills the given ``txt`` into the text field found by ``selector``.</doc>
<status status="PASS" start="2024-03-14T17:59:58.993022" elapsed="0.012630"/>
</kw>
<kw name="Click" owner="Browser">
<arg>css=button[type=submit] &gt;&gt; text=Cadastrar</arg>
<tag>PageContent</tag>
<tag>Setter</tag>
<doc>Simulates mouse click on the element found by ``selector``.</doc>
<status status="PASS" start="2024-03-14T17:59:59.005652" elapsed="0.062507"/>
</kw>
<arg>${user}</arg>
<status status="PASS" start="2024-03-14T17:59:58.956402" elapsed="0.111757"/>
</kw>
<kw name="Alert should be" owner="SignupPage">
<kw name="Wait For Elements State" owner="Browser">
<msg time="2024-03-14T17:59:59.075929" level="INFO">Waited for Element with selector css=.alert-error &gt;&gt; text=Informe uma senha com pelo menos 6 digitos at state visible</msg>
<arg>css=.alert-error &gt;&gt; text=${expected_test}</arg>
<arg>visible</arg>
<arg>5</arg>
<tag>PageContent</tag>
<tag>Wait</tag>
<doc>Waits for the element found by ``selector`` to satisfy state option.</doc>
<status status="PASS" start="2024-03-14T17:59:59.069155" elapsed="0.006774"/>
</kw>
<arg>Informe uma senha com pelo menos 6 digitos</arg>
<status status="PASS" start="2024-03-14T17:59:59.068159" elapsed="0.008268"/>
</kw>
<arg>12</arg>
<status status="PASS" start="2024-03-14T17:59:58.834542" elapsed="0.241885"/>
</kw>
<kw name="Take Screenshot" owner="Browser" type="TEARDOWN">
<msg time="2024-03-14T17:59:59.273277" level="INFO" html="true">&lt;/td&gt;&lt;/tr&gt;&lt;tr&gt;&lt;td colspan="3"&gt;&lt;a href="browser/screenshot/robotframework-browser-screenshot-6.png" target="_blank"&gt;&lt;img src="browser/screenshot/robotframework-browser-screenshot-6.png" width="800px"/&gt;&lt;/a&gt;</msg>
<tag>PageContent</tag>
<doc>Takes a screenshot of the current window or element and saves it to disk.</doc>
<status status="PASS" start="2024-03-14T17:59:59.076917" elapsed="0.196360"/>
</kw>
<tag>short_pass</tag>
<status status="PASS" start="2024-03-14T17:59:57.540185" elapsed="1.734321"/>
</test>
<test id="s1-t7" name="Não deve cadastrar com senha de 3 dígitos" line="74">
<kw name="Start Session" owner="base" type="SETUP">
<kw name="New Browser" owner="Browser">
<msg time="2024-03-14T17:59:59.345125" level="INFO">Switching browser to browser=8b5f6f5c-19b6-4569-a3cd-f5f1a269480b</msg>
<msg time="2024-03-14T17:59:59.347811" level="INFO">Successfully changed active browser: browser=8b5f6f5c-19b6-4569-a3cd-f5f1a269480b</msg>
<msg time="2024-03-14T17:59:59.347811" level="INFO">Reusing existing browser with id: browser=8b5f6f5c-19b6-4569-a3cd-f5f1a269480b</msg>
<arg>browser=chromium</arg>
<arg>headless=False</arg>
<tag>BrowserControl</tag>
<tag>Setter</tag>
<doc>Create a new playwright Browser with specified options.</doc>
<status status="PASS" start="2024-03-14T17:59:59.345125" elapsed="0.002686"/>
</kw>
<kw name="New Page" owner="Browser">
<msg time="2024-03-14T18:00:00.653211" level="INFO">Successfully initialized new page object and opened url: http://localhost:3000</msg>
<msg time="2024-03-14T18:00:00.653211" level="INFO">No context was open. New context was automatically opened when this page is created.</msg>
<arg>${URL_BASE}</arg>
<tag>BrowserControl</tag>
<tag>Setter</tag>
<doc>Open a new Page.</doc>
<status status="PASS" start="2024-03-14T17:59:59.347811" elapsed="1.305400"/>
</kw>
<status status="PASS" start="2024-03-14T17:59:59.345125" elapsed="1.308086"/>
</kw>
<kw name="Short password">
<kw name="Create Dictionary" owner="BuiltIn">
<msg time="2024-03-14T18:00:00.655201" level="INFO">${user} = {'name': 'Paolo Rossi', 'email': 'paulorossi@gmail.com', 'password': '123'}</msg>
<var>${user}</var>
<arg>name=Paolo Rossi</arg>
<arg>email=paulorossi@gmail.com</arg>
<arg>password=${shor_pass}</arg>
<doc>Creates and returns a dictionary based on the given ``items``.</doc>
<status status="PASS" start="2024-03-14T18:00:00.654208" elapsed="0.000993"/>
</kw>
<kw name="Go to signup page" owner="SignupPage">
<kw name="Go To" owner="Browser">
<msg time="2024-03-14T18:00:00.725684" level="INFO">Successfully opened URL http://localhost:3000/signup</msg>
<arg>${URL_BASE}/signup</arg>
<tag>BrowserControl</tag>
<tag>Setter</tag>
<doc>Navigates to the given ``url``.</doc>
<status status="PASS" start="2024-03-14T18:00:00.655201" elapsed="0.071516"/>
</kw>
<kw name="Wait For Elements State" owner="Browser">
<msg time="2024-03-14T18:00:00.755210" level="INFO">Waited for Element with selector css=h1 at state visible</msg>
<arg>css=h1</arg>
<arg>visible</arg>
<arg>5</arg>
<tag>PageContent</tag>
<tag>Wait</tag>
<doc>Waits for the element found by ``selector`` to satisfy state option.</doc>
<status status="PASS" start="2024-03-14T18:00:00.727717" elapsed="0.027986"/>
</kw>
<kw name="Get Text" owner="Browser">
<msg time="2024-03-14T18:00:00.782097" level="INFO">Text: 'Faça seu cadastro'</msg>
<arg>css=h1</arg>
<arg>equal</arg>
<arg>Faça seu cadastro</arg>
<tag>Assertion</tag>
<tag>Getter</tag>
<tag>PageContent</tag>
<doc>Returns text attribute of the element found by ``selector``.</doc>
<status status="PASS" start="2024-03-14T18:00:00.755703" elapsed="0.026878"/>
</kw>
<status status="PASS" start="2024-03-14T18:00:00.655201" elapsed="0.127380"/>
</kw>
<kw name="Submit signup form" owner="SignupPage">
<kw name="Fill Text" owner="Browser">
<msg time="2024-03-14T18:00:00.783595" level="INFO">Fills the text 'Paolo Rossi' in the given field.</msg>
<arg>css=input[name=name]</arg>
<arg>${user}[name]</arg>
<tag>PageContent</tag>
<tag>Setter</tag>
<doc>Clears and fills the given ``txt`` into the text field found by ``selector``.</doc>
<status status="PASS" start="2024-03-14T18:00:00.783144" elapsed="0.020943"/>
</kw>
<kw name="Fill Text" owner="Browser">
<msg time="2024-03-14T18:00:00.805089" level="INFO">Fills the text 'paulorossi@gmail.com' in the given field.</msg>
<arg>css=input[name=email]</arg>
<arg>${user}[email]</arg>
<tag>PageContent</tag>
<tag>Setter</tag>
<doc>Clears and fills the given ``txt`` into the text field found by ``selector``.</doc>
<status status="PASS" start="2024-03-14T18:00:00.805089" elapsed="0.017938"/>
</kw>
<kw name="Fill Text" owner="Browser">
<msg time="2024-03-14T18:00:00.824032" level="INFO">Fills the text '123' in the given field.</msg>
<arg>css=input[name=password]</arg>
<arg>${user}[password]</arg>
<tag>PageContent</tag>
<tag>Setter</tag>
<doc>Clears and fills the given ``txt`` into the text field found by ``selector``.</doc>
<status status="PASS" start="2024-03-14T18:00:00.824032" elapsed="0.017366"/>
</kw>
<kw name="Click" owner="Browser">
<arg>css=button[type=submit] &gt;&gt; text=Cadastrar</arg>
<tag>PageContent</tag>
<tag>Setter</tag>
<doc>Simulates mouse click on the element found by ``selector``.</doc>
<status status="PASS" start="2024-03-14T18:00:00.841398" elapsed="0.060667"/>
</kw>
<arg>${user}</arg>
<status status="PASS" start="2024-03-14T18:00:00.782581" elapsed="0.119484"/>
</kw>
<kw name="Alert should be" owner="SignupPage">
<kw name="Wait For Elements State" owner="Browser">
<msg time="2024-03-14T18:00:00.910541" level="INFO">Waited for Element with selector css=.alert-error &gt;&gt; text=Informe uma senha com pelo menos 6 digitos at state visible</msg>
<arg>css=.alert-error &gt;&gt; text=${expected_test}</arg>
<arg>visible</arg>
<arg>5</arg>
<tag>PageContent</tag>
<tag>Wait</tag>
<doc>Waits for the element found by ``selector`` to satisfy state option.</doc>
<status status="PASS" start="2024-03-14T18:00:00.903403" elapsed="0.007138"/>
</kw>
<arg>Informe uma senha com pelo menos 6 digitos</arg>
<status status="PASS" start="2024-03-14T18:00:00.903259" elapsed="0.007282"/>
</kw>
<arg>123</arg>
<status status="PASS" start="2024-03-14T18:00:00.654208" elapsed="0.256333"/>
</kw>
<kw name="Take Screenshot" owner="Browser" type="TEARDOWN">
<msg time="2024-03-14T18:00:01.112618" level="INFO" html="true">&lt;/td&gt;&lt;/tr&gt;&lt;tr&gt;&lt;td colspan="3"&gt;&lt;a href="browser/screenshot/robotframework-browser-screenshot-7.png" target="_blank"&gt;&lt;img src="browser/screenshot/robotframework-browser-screenshot-7.png" width="800px"/&gt;&lt;/a&gt;</msg>
<tag>PageContent</tag>
<doc>Takes a screenshot of the current window or element and saves it to disk.</doc>
<status status="PASS" start="2024-03-14T18:00:00.911543" elapsed="0.201075"/>
</kw>
<tag>short_pass</tag>
<status status="PASS" start="2024-03-14T17:59:59.340480" elapsed="1.772138"/>
</test>
<test id="s1-t8" name="Não deve cadastrar com senha de 4 dígitos" line="79">
<kw name="Start Session" owner="base" type="SETUP">
<kw name="New Browser" owner="Browser">
<msg time="2024-03-14T18:00:01.187600" level="INFO">Switching browser to browser=8b5f6f5c-19b6-4569-a3cd-f5f1a269480b</msg>
<msg time="2024-03-14T18:00:01.190593" level="INFO">Successfully changed active browser: browser=8b5f6f5c-19b6-4569-a3cd-f5f1a269480b</msg>
<msg time="2024-03-14T18:00:01.191095" level="INFO">Reusing existing browser with id: browser=8b5f6f5c-19b6-4569-a3cd-f5f1a269480b</msg>
<arg>browser=chromium</arg>
<arg>headless=False</arg>
<tag>BrowserControl</tag>
<tag>Setter</tag>
<doc>Create a new playwright Browser with specified options.</doc>
<status status="PASS" start="2024-03-14T18:00:01.186810" elapsed="0.004285"/>
</kw>
<kw name="New Page" owner="Browser">
<msg time="2024-03-14T18:00:02.326039" level="INFO">Successfully initialized new page object and opened url: http://localhost:3000</msg>
<msg time="2024-03-14T18:00:02.326039" level="INFO">No context was open. New context was automatically opened when this page is created.</msg>
<arg>${URL_BASE}</arg>
<tag>BrowserControl</tag>
<tag>Setter</tag>
<doc>Open a new Page.</doc>
<status status="PASS" start="2024-03-14T18:00:01.191595" elapsed="1.135446"/>
</kw>
<status status="PASS" start="2024-03-14T18:00:01.186101" elapsed="1.140940"/>
</kw>
<kw name="Short password">
<kw name="Create Dictionary" owner="BuiltIn">
<msg time="2024-03-14T18:00:02.329039" level="INFO">${user} = {'name': 'Paolo Rossi', 'email': 'paulorossi@gmail.com', 'password': '1234'}</msg>
<var>${user}</var>
<arg>name=Paolo Rossi</arg>
<arg>email=paulorossi@gmail.com</arg>
<arg>password=${shor_pass}</arg>
<doc>Creates and returns a dictionary based on the given ``items``.</doc>
<status status="PASS" start="2024-03-14T18:00:02.328038" elapsed="0.001001"/>
</kw>
<kw name="Go to signup page" owner="SignupPage">
<kw name="Go To" owner="Browser">
<msg time="2024-03-14T18:00:02.384684" level="INFO">Successfully opened URL http://localhost:3000/signup</msg>
<arg>${URL_BASE}/signup</arg>
<tag>BrowserControl</tag>
<tag>Setter</tag>
<doc>Navigates to the given ``url``.</doc>
<status status="PASS" start="2024-03-14T18:00:02.329039" elapsed="0.055645"/>
</kw>
<kw name="Wait For Elements State" owner="Browser">
<msg time="2024-03-14T18:00:02.416617" level="INFO">Waited for Element with selector css=h1 at state visible</msg>
<arg>css=h1</arg>
<arg>visible</arg>
<arg>5</arg>
<tag>PageContent</tag>
<tag>Wait</tag>
<doc>Waits for the element found by ``selector`` to satisfy state option.</doc>
<status status="PASS" start="2024-03-14T18:00:02.384684" elapsed="0.031933"/>
</kw>
<kw name="Get Text" owner="Browser">
<msg time="2024-03-14T18:00:02.444140" level="INFO">Text: 'Faça seu cadastro'</msg>
<arg>css=h1</arg>
<arg>equal</arg>
<arg>Faça seu cadastro</arg>
<tag>Assertion</tag>
<tag>Getter</tag>
<tag>PageContent</tag>
<doc>Returns text attribute of the element found by ``selector``.</doc>
<status status="PASS" start="2024-03-14T18:00:02.416617" elapsed="0.027523"/>
</kw>
<status status="PASS" start="2024-03-14T18:00:02.329039" elapsed="0.115101"/>
</kw>
<kw name="Submit signup form" owner="SignupPage">
<kw name="Fill Text" owner="Browser">
<msg time="2024-03-14T18:00:02.445140" level="INFO">Fills the text 'Paolo Rossi' in the given field.</msg>
<arg>css=input[name=name]</arg>
<arg>${user}[name]</arg>
<tag>PageContent</tag>
<tag>Setter</tag>
<doc>Clears and fills the given ``txt`` into the text field found by ``selector``.</doc>
<status status="PASS" start="2024-03-14T18:00:02.444140" elapsed="0.020506"/>
</kw>
<kw name="Fill Text" owner="Browser">
<msg time="2024-03-14T18:00:02.465721" level="INFO">Fills the text 'paulorossi@gmail.com' in the given field.</msg>
<arg>css=input[name=email]</arg>
<arg>${user}[email]</arg>
<tag>PageContent</tag>
<tag>Setter</tag>
<doc>Clears and fills the given ``txt`` into the text field found by ``selector``.</doc>
<status status="PASS" start="2024-03-14T18:00:02.464646" elapsed="0.017147"/>
</kw>
<kw name="Fill Text" owner="Browser">
<msg time="2024-03-14T18:00:02.481793" level="INFO">Fills the text '1234' in the given field.</msg>
<arg>css=input[name=password]</arg>
<arg>${user}[password]</arg>
<tag>PageContent</tag>
<tag>Setter</tag>
<doc>Clears and fills the given ``txt`` into the text field found by ``selector``.</doc>
<status status="PASS" start="2024-03-14T18:00:02.481793" elapsed="0.013715"/>
</kw>
<kw name="Click" owner="Browser">
<arg>css=button[type=submit] &gt;&gt; text=Cadastrar</arg>
<tag>PageContent</tag>
<tag>Setter</tag>
<doc>Simulates mouse click on the element found by ``selector``.</doc>
<status status="PASS" start="2024-03-14T18:00:02.495508" elapsed="0.054357"/>
</kw>
<arg>${user}</arg>
<status status="PASS" start="2024-03-14T18:00:02.444140" elapsed="0.105725"/>
</kw>
<kw name="Alert should be" owner="SignupPage">
<kw name="Wait For Elements State" owner="Browser">
<msg time="2024-03-14T18:00:02.558036" level="INFO">Waited for Element with selector css=.alert-error &gt;&gt; text=Informe uma senha com pelo menos 6 digitos at state visible</msg>
<arg>css=.alert-error &gt;&gt; text=${expected_test}</arg>
<arg>visible</arg>
<arg>5</arg>
<tag>PageContent</tag>
<tag>Wait</tag>
<doc>Waits for the element found by ``selector`` to satisfy state option.</doc>
<status status="PASS" start="2024-03-14T18:00:02.550952" elapsed="0.007084"/>
</kw>
<arg>Informe uma senha com pelo menos 6 digitos</arg>
<status status="PASS" start="2024-03-14T18:00:02.549865" elapsed="0.008171"/>
</kw>
<arg>1234</arg>
<status status="PASS" start="2024-03-14T18:00:02.328038" elapsed="0.229998"/>
</kw>
<kw name="Take Screenshot" owner="Browser" type="TEARDOWN">
<msg time="2024-03-14T18:00:02.746082" level="INFO" html="true">&lt;/td&gt;&lt;/tr&gt;&lt;tr&gt;&lt;td colspan="3"&gt;&lt;a href="browser/screenshot/robotframework-browser-screenshot-8.png" target="_blank"&gt;&lt;img src="browser/screenshot/robotframework-browser-screenshot-8.png" width="800px"/&gt;&lt;/a&gt;</msg>
<tag>PageContent</tag>
<doc>Takes a screenshot of the current window or element and saves it to disk.</doc>
<status status="PASS" start="2024-03-14T18:00:02.559066" elapsed="0.187016"/>
</kw>
<tag>short_pass</tag>
<status status="PASS" start="2024-03-14T18:00:01.178430" elapsed="1.568652"/>
</test>
<test id="s1-t9" name="Não deve cadastrar com senha de 5 dígitos" line="84">
<kw name="Start Session" owner="base" type="SETUP">
<kw name="New Browser" owner="Browser">
<msg time="2024-03-14T18:00:02.808530" level="INFO">Switching browser to browser=8b5f6f5c-19b6-4569-a3cd-f5f1a269480b</msg>
<msg time="2024-03-14T18:00:02.810743" level="INFO">Successfully changed active browser: browser=8b5f6f5c-19b6-4569-a3cd-f5f1a269480b</msg>
<msg time="2024-03-14T18:00:02.811243" level="INFO">Reusing existing browser with id: browser=8b5f6f5c-19b6-4569-a3cd-f5f1a269480b</msg>
<arg>browser=chromium</arg>
<arg>headless=False</arg>
<tag>BrowserControl</tag>
<tag>Setter</tag>
<doc>Create a new playwright Browser with specified options.</doc>
<status status="PASS" start="2024-03-14T18:00:02.808530" elapsed="0.002713"/>
</kw>
<kw name="New Page" owner="Browser">
<msg time="2024-03-14T18:00:03.934279" level="INFO">Successfully initialized new page object and opened url: http://localhost:3000</msg>
<msg time="2024-03-14T18:00:03.934279" level="INFO">No context was open. New context was automatically opened when this page is created.</msg>
<arg>${URL_BASE}</arg>
<tag>BrowserControl</tag>
<tag>Setter</tag>
<doc>Open a new Page.</doc>
<status status="PASS" start="2024-03-14T18:00:02.811243" elapsed="1.123036"/>
</kw>
<status status="PASS" start="2024-03-14T18:00:02.808530" elapsed="1.125749"/>
</kw>
<kw name="Short password">
<kw name="Create Dictionary" owner="BuiltIn">
<msg time="2024-03-14T18:00:03.936238" level="INFO">${user} = {'name': 'Paolo Rossi', 'email': 'paulorossi@gmail.com', 'password': '12345'}</msg>
<var>${user}</var>
<arg>name=Paolo Rossi</arg>
<arg>email=paulorossi@gmail.com</arg>
<arg>password=${shor_pass}</arg>
<doc>Creates and returns a dictionary based on the given ``items``.</doc>
<status status="PASS" start="2024-03-14T18:00:03.935196" elapsed="0.001042"/>
</kw>
<kw name="Go to signup page" owner="SignupPage">
<kw name="Go To" owner="Browser">
<msg time="2024-03-14T18:00:03.996949" level="INFO">Successfully opened URL http://localhost:3000/signup</msg>
<arg>${URL_BASE}/signup</arg>
<tag>BrowserControl</tag>
<tag>Setter</tag>
<doc>Navigates to the given ``url``.</doc>
<status status="PASS" start="2024-03-14T18:00:03.936238" elapsed="0.060711"/>
</kw>
<kw name="Wait For Elements State" owner="Browser">
<msg time="2024-03-14T18:00:04.029460" level="INFO">Waited for Element with selector css=h1 at state visible</msg>
<arg>css=h1</arg>
<arg>visible</arg>
<arg>5</arg>
<tag>PageContent</tag>
<tag>Wait</tag>
<doc>Waits for the element found by ``selector`` to satisfy state option.</doc>
<status status="PASS" start="2024-03-14T18:00:03.996949" elapsed="0.032511"/>
</kw>
<kw name="Get Text" owner="Browser">
<msg time="2024-03-14T18:00:04.057233" level="INFO">Text: 'Faça seu cadastro'</msg>
<arg>css=h1</arg>
<arg>equal</arg>
<arg>Faça seu cadastro</arg>
<tag>Assertion</tag>
<tag>Getter</tag>
<tag>PageContent</tag>
<doc>Returns text attribute of the element found by ``selector``.</doc>
<status status="PASS" start="2024-03-14T18:00:04.029460" elapsed="0.027773"/>
</kw>
<status status="PASS" start="2024-03-14T18:00:03.936238" elapsed="0.120995"/>
</kw>
<kw name="Submit signup form" owner="SignupPage">
<kw name="Fill Text" owner="Browser">
<msg time="2024-03-14T18:00:04.058327" level="INFO">Fills the text 'Paolo Rossi' in the given field.</msg>
<arg>css=input[name=name]</arg>
<arg>${user}[name]</arg>
<tag>PageContent</tag>
<tag>Setter</tag>
<doc>Clears and fills the given ``txt`` into the text field found by ``selector``.</doc>
<status status="PASS" start="2024-03-14T18:00:04.057233" elapsed="0.024285"/>
</kw>
<kw name="Fill Text" owner="Browser">
<msg time="2024-03-14T18:00:04.082557" level="INFO">Fills the text 'paulorossi@gmail.com' in the given field.</msg>
<arg>css=input[name=email]</arg>
<arg>${user}[email]</arg>
<tag>PageContent</tag>
<tag>Setter</tag>
<doc>Clears and fills the given ``txt`` into the text field found by ``selector``.</doc>
<status status="PASS" start="2024-03-14T18:00:04.081518" elapsed="0.021264"/>
</kw>
<kw name="Fill Text" owner="Browser">
<msg time="2024-03-14T18:00:04.102782" level="INFO">Fills the text '12345' in the given field.</msg>
<arg>css=input[name=password]</arg>
<arg>${user}[password]</arg>
<tag>PageContent</tag>
<tag>Setter</tag>
<doc>Clears and fills the given ``txt`` into the text field found by ``selector``.</doc>
<status status="PASS" start="2024-03-14T18:00:04.102782" elapsed="0.017054"/>
</kw>
<kw name="Click" owner="Browser">
<arg>css=button[type=submit] &gt;&gt; text=Cadastrar</arg>
<tag>PageContent</tag>
<tag>Setter</tag>
<doc>Simulates mouse click on the element found by ``selector``.</doc>
<status status="PASS" start="2024-03-14T18:00:04.120942" elapsed="0.064970"/>
</kw>
<arg>${user}</arg>
<status status="PASS" start="2024-03-14T18:00:04.057233" elapsed="0.128679"/>
</kw>
<kw name="Alert should be" owner="SignupPage">
<kw name="Wait For Elements State" owner="Browser">
<msg time="2024-03-14T18:00:04.194024" level="INFO">Waited for Element with selector css=.alert-error &gt;&gt; text=Informe uma senha com pelo menos 6 digitos at state visible</msg>
<arg>css=.alert-error &gt;&gt; text=${expected_test}</arg>
<arg>visible</arg>
<arg>5</arg>
<tag>PageContent</tag>
<tag>Wait</tag>
<doc>Waits for the element found by ``selector`` to satisfy state option.</doc>
<status status="PASS" start="2024-03-14T18:00:04.186995" elapsed="0.007029"/>
</kw>
<arg>Informe uma senha com pelo menos 6 digitos</arg>
<status status="PASS" start="2024-03-14T18:00:04.185912" elapsed="0.008112"/>
</kw>
<arg>12345</arg>
<status status="PASS" start="2024-03-14T18:00:03.935196" elapsed="0.258828"/>
</kw>
<kw name="Take Screenshot" owner="Browser" type="TEARDOWN">
<msg time="2024-03-14T18:00:04.409076" level="INFO" html="true">&lt;/td&gt;&lt;/tr&gt;&lt;tr&gt;&lt;td colspan="3"&gt;&lt;a href="browser/screenshot/robotframework-browser-screenshot-9.png" target="_blank"&gt;&lt;img src="browser/screenshot/robotframework-browser-screenshot-9.png" width="800px"/&gt;&lt;/a&gt;</msg>
<tag>PageContent</tag>
<doc>Takes a screenshot of the current window or element and saves it to disk.</doc>
<status status="PASS" start="2024-03-14T18:00:04.195039" elapsed="0.215048"/>
</kw>
<tag>short_pass</tag>
<status status="PASS" start="2024-03-14T18:00:02.801991" elapsed="1.608096"/>
</test>
<doc>Cenarios de teste do cadastro de usuários</doc>
<status status="PASS" start="2024-03-14T17:59:46.058584" elapsed="18.412987"/>
</suite>
<statistics>
<total>
<stat pass="9" fail="0" skip="0">All Tests</stat>
</total>
<tag>
<stat pass="1" fail="0" skip="0">dup</stat>
<stat pass="1" fail="0" skip="0">env_email</stat>
<stat pass="1" fail="0" skip="0">required</stat>
<stat pass="5" fail="0" skip="0">short_pass</stat>
</tag>
<suite>
<stat pass="9" fail="0" skip="0" id="s1" name="Signup">Signup</stat>
</suite>
</statistics>
<errors>
</errors>
</robot>
